{"/Users/georgegilgarib/Documents/SELF-PROJECTS/RESUME/src/AppTestProvider/AppTestProvider.tsx": {"path":"/Users/georgegilgarib/Documents/SELF-PROJECTS/RESUME/src/AppTestProvider/AppTestProvider.tsx","all":false,"statementMap":{"0":{"start":{"line":1,"column":0},"end":{"line":1,"column":25}},"6":{"start":{"line":7,"column":0},"end":{"line":7,"column":27}},"22":{"start":{"line":23,"column":0},"end":{"line":23,"column":74}},"23":{"start":{"line":24,"column":0},"end":{"line":24,"column":10}},"24":{"start":{"line":25,"column":0},"end":{"line":25,"column":33}},"25":{"start":{"line":26,"column":0},"end":{"line":26,"column":30}},"26":{"start":{"line":27,"column":0},"end":{"line":27,"column":16}},"27":{"start":{"line":28,"column":0},"end":{"line":28,"column":18}},"28":{"start":{"line":29,"column":0},"end":{"line":29,"column":49}},"29":{"start":{"line":30,"column":0},"end":{"line":30,"column":19}},"30":{"start":{"line":31,"column":0},"end":{"line":31,"column":17}},"31":{"start":{"line":32,"column":0},"end":{"line":32,"column":17}},"32":{"start":{"line":33,"column":0},"end":{"line":33,"column":22}},"34":{"start":{"line":35,"column":0},"end":{"line":35,"column":1}},"36":{"start":{"line":37,"column":0},"end":{"line":37,"column":30}}},"s":{"0":1,"6":1,"22":1,"23":99,"24":99,"25":99,"26":99,"27":99,"28":99,"29":99,"30":99,"31":99,"32":99,"34":99,"36":1},"branchMap":{"0":{"type":"branch","line":23,"loc":{"start":{"line":23,"column":24},"end":{"line":35,"column":1}},"locations":[{"start":{"line":23,"column":24},"end":{"line":35,"column":1}}]}},"b":{"0":[99]},"fnMap":{"0":{"name":"AppTestProvider","decl":{"start":{"line":23,"column":24},"end":{"line":35,"column":1}},"loc":{"start":{"line":23,"column":24},"end":{"line":35,"column":1}},"line":23}},"f":{"0":99}}
,"/Users/georgegilgarib/Documents/SELF-PROJECTS/RESUME/src/app/layout/NavBar.tsx": {"path":"/Users/georgegilgarib/Documents/SELF-PROJECTS/RESUME/src/app/layout/NavBar.tsx","all":false,"statementMap":{"0":{"start":{"line":1,"column":0},"end":{"line":1,"column":43}},"1":{"start":{"line":2,"column":0},"end":{"line":2,"column":54}},"2":{"start":{"line":3,"column":0},"end":{"line":3,"column":46}},"3":{"start":{"line":4,"column":0},"end":{"line":4,"column":60}},"4":{"start":{"line":5,"column":0},"end":{"line":5,"column":72}},"5":{"start":{"line":6,"column":0},"end":{"line":6,"column":57}},"6":{"start":{"line":7,"column":0},"end":{"line":7,"column":48}},"7":{"start":{"line":8,"column":0},"end":{"line":8,"column":50}},"8":{"start":{"line":9,"column":0},"end":{"line":9,"column":52}},"10":{"start":{"line":11,"column":0},"end":{"line":11,"column":22}},"11":{"start":{"line":12,"column":0},"end":{"line":12,"column":32}},"12":{"start":{"line":13,"column":0},"end":{"line":13,"column":32}},"13":{"start":{"line":14,"column":0},"end":{"line":14,"column":78}},"14":{"start":{"line":15,"column":0},"end":{"line":15,"column":58}},"15":{"start":{"line":16,"column":0},"end":{"line":16,"column":62}},"17":{"start":{"line":18,"column":0},"end":{"line":18,"column":46}},"18":{"start":{"line":19,"column":0},"end":{"line":19,"column":52}},"19":{"start":{"line":20,"column":0},"end":{"line":20,"column":21}},"20":{"start":{"line":21,"column":0},"end":{"line":21,"column":26}},"21":{"start":{"line":22,"column":0},"end":{"line":22,"column":57}},"22":{"start":{"line":23,"column":0},"end":{"line":23,"column":25}},"23":{"start":{"line":24,"column":0},"end":{"line":24,"column":33}},"24":{"start":{"line":25,"column":0},"end":{"line":25,"column":28}},"25":{"start":{"line":26,"column":0},"end":{"line":26,"column":103}},"26":{"start":{"line":27,"column":0},"end":{"line":27,"column":16}},"27":{"start":{"line":28,"column":0},"end":{"line":28,"column":32}},"28":{"start":{"line":29,"column":0},"end":{"line":29,"column":7}},"29":{"start":{"line":30,"column":0},"end":{"line":30,"column":5}},"31":{"start":{"line":32,"column":0},"end":{"line":32,"column":49}},"32":{"start":{"line":33,"column":0},"end":{"line":33,"column":3}},"34":{"start":{"line":35,"column":0},"end":{"line":35,"column":61}},"35":{"start":{"line":36,"column":0},"end":{"line":36,"column":61}},"36":{"start":{"line":37,"column":0},"end":{"line":37,"column":18}},"37":{"start":{"line":38,"column":0},"end":{"line":38,"column":89}},"38":{"start":{"line":39,"column":0},"end":{"line":39,"column":30}},"40":{"start":{"line":41,"column":0},"end":{"line":41,"column":23}},"41":{"start":{"line":42,"column":0},"end":{"line":42,"column":21}},"42":{"start":{"line":43,"column":0},"end":{"line":43,"column":27}},"43":{"start":{"line":44,"column":0},"end":{"line":44,"column":8}},"45":{"start":{"line":46,"column":0},"end":{"line":46,"column":17}},"46":{"start":{"line":47,"column":0},"end":{"line":47,"column":15}},"47":{"start":{"line":48,"column":0},"end":{"line":48,"column":35}},"48":{"start":{"line":49,"column":0},"end":{"line":49,"column":10}},"49":{"start":{"line":50,"column":0},"end":{"line":50,"column":24}},"50":{"start":{"line":51,"column":0},"end":{"line":51,"column":7}},"51":{"start":{"line":52,"column":0},"end":{"line":52,"column":5}},"52":{"start":{"line":53,"column":0},"end":{"line":53,"column":3}},"54":{"start":{"line":55,"column":0},"end":{"line":55,"column":19}},"55":{"start":{"line":56,"column":0},"end":{"line":56,"column":45}},"56":{"start":{"line":57,"column":0},"end":{"line":57,"column":33}},"57":{"start":{"line":58,"column":0},"end":{"line":58,"column":20}},"59":{"start":{"line":60,"column":0},"end":{"line":60,"column":26}},"60":{"start":{"line":61,"column":0},"end":{"line":61,"column":27}},"61":{"start":{"line":62,"column":0},"end":{"line":62,"column":12}},"62":{"start":{"line":63,"column":0},"end":{"line":63,"column":5}},"63":{"start":{"line":64,"column":0},"end":{"line":64,"column":48}},"65":{"start":{"line":66,"column":0},"end":{"line":66,"column":19}},"66":{"start":{"line":67,"column":0},"end":{"line":67,"column":31}},"68":{"start":{"line":69,"column":0},"end":{"line":69,"column":32}},"69":{"start":{"line":70,"column":0},"end":{"line":70,"column":36}},"70":{"start":{"line":71,"column":0},"end":{"line":71,"column":43}},"71":{"start":{"line":72,"column":0},"end":{"line":72,"column":53}},"73":{"start":{"line":74,"column":0},"end":{"line":74,"column":78}},"75":{"start":{"line":76,"column":0},"end":{"line":76,"column":34}},"76":{"start":{"line":77,"column":0},"end":{"line":77,"column":34}},"77":{"start":{"line":78,"column":0},"end":{"line":78,"column":47}},"78":{"start":{"line":79,"column":0},"end":{"line":79,"column":51}},"79":{"start":{"line":80,"column":0},"end":{"line":80,"column":41}},"80":{"start":{"line":81,"column":0},"end":{"line":81,"column":32}},"81":{"start":{"line":82,"column":0},"end":{"line":82,"column":45}},"82":{"start":{"line":83,"column":0},"end":{"line":83,"column":49}},"83":{"start":{"line":84,"column":0},"end":{"line":84,"column":14}},"84":{"start":{"line":85,"column":0},"end":{"line":85,"column":31}},"85":{"start":{"line":86,"column":0},"end":{"line":86,"column":44}},"86":{"start":{"line":87,"column":0},"end":{"line":87,"column":48}},"87":{"start":{"line":88,"column":0},"end":{"line":88,"column":7}},"88":{"start":{"line":89,"column":0},"end":{"line":89,"column":5}},"90":{"start":{"line":91,"column":0},"end":{"line":91,"column":51}},"91":{"start":{"line":92,"column":0},"end":{"line":92,"column":18}},"92":{"start":{"line":93,"column":0},"end":{"line":93,"column":56}},"93":{"start":{"line":94,"column":0},"end":{"line":94,"column":5}},"94":{"start":{"line":95,"column":0},"end":{"line":95,"column":33}},"96":{"start":{"line":97,"column":0},"end":{"line":97,"column":10}},"97":{"start":{"line":98,"column":0},"end":{"line":98,"column":125}},"98":{"start":{"line":99,"column":0},"end":{"line":99,"column":26}},"100":{"start":{"line":101,"column":0},"end":{"line":101,"column":94}},"101":{"start":{"line":102,"column":0},"end":{"line":102,"column":12}},"102":{"start":{"line":103,"column":0},"end":{"line":103,"column":176}},"103":{"start":{"line":104,"column":0},"end":{"line":104,"column":28}},"105":{"start":{"line":106,"column":0},"end":{"line":106,"column":119}},"106":{"start":{"line":107,"column":0},"end":{"line":107,"column":118}},"107":{"start":{"line":108,"column":0},"end":{"line":108,"column":20}},"108":{"start":{"line":109,"column":0},"end":{"line":109,"column":45}},"109":{"start":{"line":110,"column":0},"end":{"line":110,"column":51}},"110":{"start":{"line":111,"column":0},"end":{"line":111,"column":35}},"111":{"start":{"line":112,"column":0},"end":{"line":112,"column":12}},"112":{"start":{"line":113,"column":0},"end":{"line":113,"column":14}},"113":{"start":{"line":114,"column":0},"end":{"line":114,"column":12}},"114":{"start":{"line":115,"column":0},"end":{"line":115,"column":10}},"116":{"start":{"line":117,"column":0},"end":{"line":117,"column":1}},"118":{"start":{"line":119,"column":0},"end":{"line":119,"column":21}}},"s":{"0":1,"1":1,"2":1,"3":1,"4":1,"5":1,"6":1,"7":1,"8":1,"10":1,"11":2,"12":2,"13":2,"14":2,"15":2,"17":2,"18":1,"19":1,"20":1,"21":0,"22":1,"23":1,"24":1,"25":0,"26":1,"27":0,"28":1,"29":1,"31":1,"32":1,"34":2,"35":1,"36":1,"37":0,"38":0,"40":0,"41":0,"42":0,"43":0,"45":0,"46":0,"47":0,"48":0,"49":0,"50":0,"51":0,"52":1,"54":2,"55":1,"56":1,"57":1,"59":1,"60":1,"61":1,"62":1,"63":2,"65":2,"66":1,"68":0,"69":0,"70":0,"71":0,"73":0,"75":0,"76":0,"77":0,"78":0,"79":0,"80":0,"81":0,"82":0,"83":0,"84":0,"85":0,"86":0,"87":0,"88":0,"90":0,"91":0,"92":0,"93":0,"94":2,"96":2,"97":2,"98":2,"100":2,"101":2,"102":2,"103":2,"105":2,"106":2,"107":2,"108":2,"109":2,"110":2,"111":2,"112":2,"113":2,"114":2,"116":2,"118":1},"branchMap":{"0":{"type":"branch","line":11,"loc":{"start":{"line":11,"column":15},"end":{"line":117,"column":1}},"locations":[{"start":{"line":11,"column":15},"end":{"line":117,"column":1}}]},"1":{"type":"branch","line":14,"loc":{"start":{"line":14,"column":33},"end":{"line":14,"column":77}},"locations":[{"start":{"line":14,"column":33},"end":{"line":14,"column":77}}]},"2":{"type":"branch","line":18,"loc":{"start":{"line":18,"column":21},"end":{"line":33,"column":3}},"locations":[{"start":{"line":18,"column":21},"end":{"line":33,"column":3}}]},"3":{"type":"branch","line":19,"loc":{"start":{"line":19,"column":33},"end":{"line":30,"column":5}},"locations":[{"start":{"line":19,"column":33},"end":{"line":30,"column":5}}]},"4":{"type":"branch","line":21,"loc":{"start":{"line":21,"column":8},"end":{"line":22,"column":57}},"locations":[{"start":{"line":21,"column":8},"end":{"line":22,"column":57}}]},"5":{"type":"branch","line":25,"loc":{"start":{"line":25,"column":8},"end":{"line":26,"column":103}},"locations":[{"start":{"line":25,"column":8},"end":{"line":26,"column":103}}]},"6":{"type":"branch","line":27,"loc":{"start":{"line":27,"column":8},"end":{"line":28,"column":32}},"locations":[{"start":{"line":27,"column":8},"end":{"line":28,"column":32}}]},"7":{"type":"branch","line":35,"loc":{"start":{"line":35,"column":26},"end":{"line":53,"column":3}},"locations":[{"start":{"line":35,"column":26},"end":{"line":53,"column":3}}]},"8":{"type":"branch","line":37,"loc":{"start":{"line":37,"column":17},"end":{"line":52,"column":5}},"locations":[{"start":{"line":37,"column":17},"end":{"line":52,"column":5}}]},"9":{"type":"branch","line":55,"loc":{"start":{"line":55,"column":12},"end":{"line":64,"column":5}},"locations":[{"start":{"line":55,"column":12},"end":{"line":64,"column":5}}]},"10":{"type":"branch","line":66,"loc":{"start":{"line":66,"column":12},"end":{"line":95,"column":5}},"locations":[{"start":{"line":66,"column":12},"end":{"line":95,"column":5}}]},"11":{"type":"branch","line":67,"loc":{"start":{"line":67,"column":25},"end":{"line":94,"column":5}},"locations":[{"start":{"line":67,"column":25},"end":{"line":94,"column":5}}]}},"b":{"0":[2],"1":[3],"2":[1],"3":[1],"4":[0],"5":[0],"6":[0],"7":[1],"8":[0],"9":[1],"10":[1],"11":[0]},"fnMap":{"0":{"name":"Navbar","decl":{"start":{"line":11,"column":15},"end":{"line":117,"column":1}},"loc":{"start":{"line":11,"column":15},"end":{"line":117,"column":1}},"line":11},"1":{"name":"moveNavBar","decl":{"start":{"line":18,"column":21},"end":{"line":33,"column":3}},"loc":{"start":{"line":18,"column":21},"end":{"line":33,"column":3}},"line":18},"2":{"name":"getTranslateXForHash","decl":{"start":{"line":19,"column":33},"end":{"line":30,"column":5}},"loc":{"start":{"line":19,"column":33},"end":{"line":30,"column":5}},"line":19},"3":{"name":"scrollToSection","decl":{"start":{"line":35,"column":26},"end":{"line":53,"column":3}},"loc":{"start":{"line":35,"column":26},"end":{"line":53,"column":3}},"line":35},"4":{"name":"handleScroll","decl":{"start":{"line":69,"column":25},"end":{"line":89,"column":5}},"loc":{"start":{"line":69,"column":25},"end":{"line":89,"column":5}},"line":69}},"f":{"0":2,"1":1,"2":1,"3":1,"4":0}}
,"/Users/georgegilgarib/Documents/SELF-PROJECTS/RESUME/src/app/layout/__tests__/NavBar.spec.tsx": {"path":"/Users/georgegilgarib/Documents/SELF-PROJECTS/RESUME/src/app/layout/__tests__/NavBar.spec.tsx","all":false,"statementMap":{"0":{"start":{"line":1,"column":0},"end":{"line":1,"column":47}},"1":{"start":{"line":2,"column":0},"end":{"line":2,"column":49}},"5":{"start":{"line":6,"column":0},"end":{"line":6,"column":28}},"11":{"start":{"line":12,"column":0},"end":{"line":12,"column":36}},"12":{"start":{"line":13,"column":0},"end":{"line":13,"column":31}},"13":{"start":{"line":14,"column":0},"end":{"line":14,"column":11}},"14":{"start":{"line":15,"column":0},"end":{"line":15,"column":23}},"15":{"start":{"line":16,"column":0},"end":{"line":16,"column":18}},"16":{"start":{"line":17,"column":0},"end":{"line":17,"column":24}},"17":{"start":{"line":18,"column":0},"end":{"line":18,"column":5}},"19":{"start":{"line":20,"column":0},"end":{"line":20,"column":44}},"20":{"start":{"line":21,"column":0},"end":{"line":21,"column":39}},"22":{"start":{"line":23,"column":0},"end":{"line":23,"column":44}},"23":{"start":{"line":24,"column":0},"end":{"line":24,"column":42}},"24":{"start":{"line":25,"column":0},"end":{"line":25,"column":4}},"25":{"start":{"line":26,"column":0},"end":{"line":26,"column":2}}},"s":{"0":1,"1":1,"5":1,"11":1,"12":1,"13":1,"14":1,"15":1,"16":1,"17":1,"19":1,"20":1,"22":1,"23":1,"24":1,"25":1},"branchMap":{"0":{"type":"branch","line":12,"loc":{"start":{"line":12,"column":29},"end":{"line":26,"column":2}},"locations":[{"start":{"line":12,"column":29},"end":{"line":26,"column":2}}]},"1":{"type":"branch","line":13,"loc":{"start":{"line":13,"column":26},"end":{"line":18,"column":5}},"locations":[{"start":{"line":13,"column":26},"end":{"line":18,"column":5}}]},"2":{"type":"branch","line":20,"loc":{"start":{"line":20,"column":37},"end":{"line":25,"column":3}},"locations":[{"start":{"line":20,"column":37},"end":{"line":25,"column":3}}]}},"b":{"0":[1],"1":[1],"2":[1]},"fnMap":{"0":{"name":"renderComponent","decl":{"start":{"line":13,"column":26},"end":{"line":18,"column":5}},"loc":{"start":{"line":13,"column":26},"end":{"line":18,"column":5}},"line":13}},"f":{"0":1}}
,"/Users/georgegilgarib/Documents/SELF-PROJECTS/RESUME/src/app/layout/__tests__/NavBarTypes.spec.tsx": {"path":"/Users/georgegilgarib/Documents/SELF-PROJECTS/RESUME/src/app/layout/__tests__/NavBarTypes.spec.tsx","all":false,"statementMap":{"0":{"start":{"line":1,"column":0},"end":{"line":1,"column":31}},"1":{"start":{"line":2,"column":0},"end":{"line":2,"column":57}},"2":{"start":{"line":3,"column":0},"end":{"line":3,"column":37}},"4":{"start":{"line":5,"column":0},"end":{"line":5,"column":31}},"5":{"start":{"line":6,"column":0},"end":{"line":6,"column":58}},"6":{"start":{"line":7,"column":0},"end":{"line":7,"column":42}},"7":{"start":{"line":8,"column":0},"end":{"line":8,"column":35}},"8":{"start":{"line":9,"column":0},"end":{"line":9,"column":4}},"10":{"start":{"line":11,"column":0},"end":{"line":11,"column":53}},"11":{"start":{"line":12,"column":0},"end":{"line":12,"column":42}},"12":{"start":{"line":13,"column":0},"end":{"line":13,"column":52}},"13":{"start":{"line":14,"column":0},"end":{"line":14,"column":4}},"14":{"start":{"line":15,"column":0},"end":{"line":15,"column":2}}},"s":{"0":1,"1":1,"2":1,"4":1,"5":1,"6":1,"7":1,"8":1,"10":1,"11":1,"12":1,"13":1,"14":1},"branchMap":{"0":{"type":"branch","line":5,"loc":{"start":{"line":5,"column":24},"end":{"line":15,"column":2}},"locations":[{"start":{"line":5,"column":24},"end":{"line":15,"column":2}}]},"1":{"type":"branch","line":6,"loc":{"start":{"line":6,"column":51},"end":{"line":9,"column":3}},"locations":[{"start":{"line":6,"column":51},"end":{"line":9,"column":3}}]},"2":{"type":"branch","line":11,"loc":{"start":{"line":11,"column":46},"end":{"line":14,"column":3}},"locations":[{"start":{"line":11,"column":46},"end":{"line":14,"column":3}}]}},"b":{"0":[1],"1":[1],"2":[1]},"fnMap":{},"f":{}}
,"/Users/georgegilgarib/Documents/SELF-PROJECTS/RESUME/src/app/layout/types/NavBarTypes.ts": {"path":"/Users/georgegilgarib/Documents/SELF-PROJECTS/RESUME/src/app/layout/types/NavBarTypes.ts","all":false,"statementMap":{"0":{"start":{"line":1,"column":0},"end":{"line":1,"column":22}},"1":{"start":{"line":2,"column":0},"end":{"line":2,"column":15}},"2":{"start":{"line":3,"column":0},"end":{"line":3,"column":13}},"3":{"start":{"line":4,"column":0},"end":{"line":4,"column":19}}},"s":{"0":1,"1":1,"2":1,"3":1},"branchMap":{"0":{"type":"branch","line":1,"loc":{"start":{"line":1,"column":7},"end":{"line":1,"column":22}},"locations":[{"start":{"line":1,"column":7},"end":{"line":1,"column":22}}]}},"b":{"0":[38]},"fnMap":{},"f":{}}
,"/Users/georgegilgarib/Documents/SELF-PROJECTS/RESUME/src/app/pages/Dashboard.tsx": {"path":"/Users/georgegilgarib/Documents/SELF-PROJECTS/RESUME/src/app/pages/Dashboard.tsx","all":false,"statementMap":{"0":{"start":{"line":1,"column":0},"end":{"line":1,"column":63}},"11":{"start":{"line":12,"column":0},"end":{"line":12,"column":57}},"12":{"start":{"line":13,"column":0},"end":{"line":13,"column":51}},"14":{"start":{"line":15,"column":0},"end":{"line":15,"column":19}},"15":{"start":{"line":16,"column":0},"end":{"line":16,"column":62}},"16":{"start":{"line":17,"column":0},"end":{"line":17,"column":20}},"17":{"start":{"line":18,"column":0},"end":{"line":18,"column":29}},"18":{"start":{"line":19,"column":0},"end":{"line":19,"column":8}},"20":{"start":{"line":21,"column":0},"end":{"line":21,"column":10}},"21":{"start":{"line":22,"column":0},"end":{"line":22,"column":73}},"22":{"start":{"line":23,"column":0},"end":{"line":23,"column":56}},"23":{"start":{"line":24,"column":0},"end":{"line":24,"column":53}},"24":{"start":{"line":25,"column":0},"end":{"line":25,"column":12}},"26":{"start":{"line":27,"column":0},"end":{"line":27,"column":69}},"28":{"start":{"line":29,"column":0},"end":{"line":29,"column":25}},"29":{"start":{"line":30,"column":0},"end":{"line":30,"column":26}},"31":{"start":{"line":32,"column":0},"end":{"line":32,"column":30}},"32":{"start":{"line":33,"column":0},"end":{"line":33,"column":47}},"33":{"start":{"line":34,"column":0},"end":{"line":34,"column":27}},"34":{"start":{"line":35,"column":0},"end":{"line":35,"column":16}},"35":{"start":{"line":36,"column":0},"end":{"line":36,"column":46}},"36":{"start":{"line":37,"column":0},"end":{"line":37,"column":29}},"37":{"start":{"line":38,"column":0},"end":{"line":38,"column":16}},"38":{"start":{"line":39,"column":0},"end":{"line":39,"column":49}},"39":{"start":{"line":40,"column":0},"end":{"line":40,"column":28}},"40":{"start":{"line":41,"column":0},"end":{"line":41,"column":16}},"41":{"start":{"line":42,"column":0},"end":{"line":42,"column":14}},"42":{"start":{"line":43,"column":0},"end":{"line":43,"column":12}},"43":{"start":{"line":44,"column":0},"end":{"line":44,"column":10}},"45":{"start":{"line":46,"column":0},"end":{"line":46,"column":1}}},"s":{"0":1,"11":2,"12":2,"14":2,"15":1,"16":1,"17":1,"18":2,"20":2,"21":2,"22":2,"23":2,"24":2,"26":2,"28":2,"29":2,"31":2,"32":2,"33":2,"34":2,"35":2,"36":2,"37":2,"38":2,"39":2,"40":2,"41":2,"42":2,"43":2,"45":2},"branchMap":{"0":{"type":"branch","line":12,"loc":{"start":{"line":12,"column":0},"end":{"line":46,"column":1}},"locations":[{"start":{"line":12,"column":0},"end":{"line":46,"column":1}}]},"1":{"type":"branch","line":15,"loc":{"start":{"line":15,"column":12},"end":{"line":19,"column":5}},"locations":[{"start":{"line":15,"column":12},"end":{"line":19,"column":5}}]}},"b":{"0":[2],"1":[1]},"fnMap":{"0":{"name":"Dashboard","decl":{"start":{"line":12,"column":0},"end":{"line":46,"column":1}},"loc":{"start":{"line":12,"column":0},"end":{"line":46,"column":1}},"line":12}},"f":{"0":2}}
,"/Users/georgegilgarib/Documents/SELF-PROJECTS/RESUME/src/app/pages/__tests__/Dashboard.spec.tsx": {"path":"/Users/georgegilgarib/Documents/SELF-PROJECTS/RESUME/src/app/pages/__tests__/Dashboard.spec.tsx","all":false,"statementMap":{"0":{"start":{"line":1,"column":0},"end":{"line":1,"column":47}},"1":{"start":{"line":2,"column":0},"end":{"line":2,"column":49}},"5":{"start":{"line":6,"column":0},"end":{"line":6,"column":28}},"7":{"start":{"line":8,"column":0},"end":{"line":8,"column":22}},"8":{"start":{"line":9,"column":0},"end":{"line":9,"column":14}},"9":{"start":{"line":10,"column":0},"end":{"line":10,"column":16}},"10":{"start":{"line":11,"column":0},"end":{"line":11,"column":17}},"11":{"start":{"line":12,"column":0},"end":{"line":12,"column":1}},"13":{"start":{"line":14,"column":0},"end":{"line":14,"column":38}},"20":{"start":{"line":21,"column":0},"end":{"line":21,"column":39}},"21":{"start":{"line":22,"column":0},"end":{"line":22,"column":31}},"22":{"start":{"line":23,"column":0},"end":{"line":23,"column":11}},"23":{"start":{"line":24,"column":0},"end":{"line":24,"column":23}},"24":{"start":{"line":25,"column":0},"end":{"line":25,"column":21}},"25":{"start":{"line":26,"column":0},"end":{"line":26,"column":24}},"26":{"start":{"line":27,"column":0},"end":{"line":27,"column":5}},"28":{"start":{"line":29,"column":0},"end":{"line":29,"column":44}},"29":{"start":{"line":30,"column":0},"end":{"line":30,"column":39}},"31":{"start":{"line":32,"column":0},"end":{"line":32,"column":44}},"32":{"start":{"line":33,"column":0},"end":{"line":33,"column":42}},"33":{"start":{"line":34,"column":0},"end":{"line":34,"column":4}},"34":{"start":{"line":35,"column":0},"end":{"line":35,"column":2}}},"s":{"0":1,"1":1,"5":1,"7":1,"8":1,"9":1,"10":1,"11":1,"13":1,"20":1,"21":1,"22":1,"23":1,"24":1,"25":1,"26":1,"28":1,"29":1,"31":1,"32":1,"33":1,"34":1},"branchMap":{"0":{"type":"branch","line":9,"loc":{"start":{"line":9,"column":2},"end":{"line":9,"column":14}},"locations":[{"start":{"line":9,"column":2},"end":{"line":9,"column":14}}]},"1":{"type":"branch","line":11,"loc":{"start":{"line":11,"column":2},"end":{"line":11,"column":17}},"locations":[{"start":{"line":11,"column":2},"end":{"line":11,"column":17}}]},"2":{"type":"branch","line":21,"loc":{"start":{"line":21,"column":32},"end":{"line":35,"column":2}},"locations":[{"start":{"line":21,"column":32},"end":{"line":35,"column":2}}]},"3":{"type":"branch","line":22,"loc":{"start":{"line":22,"column":26},"end":{"line":27,"column":5}},"locations":[{"start":{"line":22,"column":26},"end":{"line":27,"column":5}}]},"4":{"type":"branch","line":29,"loc":{"start":{"line":29,"column":37},"end":{"line":34,"column":3}},"locations":[{"start":{"line":29,"column":37},"end":{"line":34,"column":3}}]}},"b":{"0":[2],"1":[1],"2":[1],"3":[1],"4":[1]},"fnMap":{"0":{"name":"observe","decl":{"start":{"line":9,"column":2},"end":{"line":9,"column":14}},"loc":{"start":{"line":9,"column":2},"end":{"line":9,"column":14}},"line":9},"1":{"name":"unobserve","decl":{"start":{"line":10,"column":2},"end":{"line":10,"column":16}},"loc":{"start":{"line":10,"column":2},"end":{"line":10,"column":16}},"line":10},"2":{"name":"disconnect","decl":{"start":{"line":11,"column":2},"end":{"line":11,"column":17}},"loc":{"start":{"line":11,"column":2},"end":{"line":11,"column":17}},"line":11},"3":{"name":"renderComponent","decl":{"start":{"line":22,"column":26},"end":{"line":27,"column":5}},"loc":{"start":{"line":22,"column":26},"end":{"line":27,"column":5}},"line":22}},"f":{"0":2,"1":0,"2":1,"3":1}}
,"/Users/georgegilgarib/Documents/SELF-PROJECTS/RESUME/src/components/atoms/CardBody.tsx": {"path":"/Users/georgegilgarib/Documents/SELF-PROJECTS/RESUME/src/components/atoms/CardBody.tsx","all":false,"statementMap":{"0":{"start":{"line":1,"column":0},"end":{"line":1,"column":25}},"3":{"start":{"line":4,"column":0},"end":{"line":4,"column":105}},"4":{"start":{"line":5,"column":0},"end":{"line":5,"column":10}},"5":{"start":{"line":6,"column":0},"end":{"line":6,"column":114}},"6":{"start":{"line":7,"column":0},"end":{"line":7,"column":16}},"7":{"start":{"line":8,"column":0},"end":{"line":8,"column":10}},"9":{"start":{"line":10,"column":0},"end":{"line":10,"column":1}}},"s":{"0":1,"3":1,"4":52,"5":52,"6":52,"7":52,"9":52},"branchMap":{"0":{"type":"branch","line":4,"loc":{"start":{"line":4,"column":24},"end":{"line":10,"column":1}},"locations":[{"start":{"line":4,"column":24},"end":{"line":10,"column":1}}]}},"b":{"0":[52]},"fnMap":{"0":{"name":"CardBody","decl":{"start":{"line":4,"column":24},"end":{"line":10,"column":1}},"loc":{"start":{"line":4,"column":24},"end":{"line":10,"column":1}},"line":4}},"f":{"0":52}}
,"/Users/georgegilgarib/Documents/SELF-PROJECTS/RESUME/src/components/atoms/CardContainer.tsx": {"path":"/Users/georgegilgarib/Documents/SELF-PROJECTS/RESUME/src/components/atoms/CardContainer.tsx","all":false,"statementMap":{"0":{"start":{"line":1,"column":0},"end":{"line":1,"column":55}},"3":{"start":{"line":4,"column":0},"end":{"line":4,"column":120}},"5":{"start":{"line":6,"column":0},"end":{"line":6,"column":31}},"6":{"start":{"line":7,"column":0},"end":{"line":7,"column":11}},"7":{"start":{"line":8,"column":0},"end":{"line":8,"column":12}},"8":{"start":{"line":9,"column":0},"end":{"line":9,"column":21}},"9":{"start":{"line":10,"column":0},"end":{"line":10,"column":4}},"13":{"start":{"line":14,"column":0},"end":{"line":14,"column":7}},"14":{"start":{"line":15,"column":0},"end":{"line":15,"column":51}},"15":{"start":{"line":16,"column":0},"end":{"line":16,"column":61}},"17":{"start":{"line":18,"column":0},"end":{"line":18,"column":68}},"18":{"start":{"line":19,"column":0},"end":{"line":19,"column":37}},"19":{"start":{"line":20,"column":0},"end":{"line":20,"column":85}},"20":{"start":{"line":21,"column":0},"end":{"line":21,"column":50}},"21":{"start":{"line":22,"column":0},"end":{"line":22,"column":50}},"22":{"start":{"line":23,"column":0},"end":{"line":23,"column":78}},"23":{"start":{"line":24,"column":0},"end":{"line":24,"column":3}},"25":{"start":{"line":26,"column":0},"end":{"line":26,"column":34}},"26":{"start":{"line":27,"column":0},"end":{"line":27,"column":27}},"27":{"start":{"line":28,"column":0},"end":{"line":28,"column":37}},"28":{"start":{"line":29,"column":0},"end":{"line":29,"column":3}},"30":{"start":{"line":31,"column":0},"end":{"line":31,"column":34}},"31":{"start":{"line":32,"column":0},"end":{"line":32,"column":37}},"32":{"start":{"line":33,"column":0},"end":{"line":33,"column":28}},"33":{"start":{"line":34,"column":0},"end":{"line":34,"column":72}},"34":{"start":{"line":35,"column":0},"end":{"line":35,"column":3}},"35":{"start":{"line":36,"column":0},"end":{"line":36,"column":10}},"36":{"start":{"line":37,"column":0},"end":{"line":37,"column":76}},"37":{"start":{"line":38,"column":0},"end":{"line":38,"column":10}},"38":{"start":{"line":39,"column":0},"end":{"line":39,"column":64}},"39":{"start":{"line":40,"column":0},"end":{"line":40,"column":16}},"40":{"start":{"line":41,"column":0},"end":{"line":41,"column":32}},"41":{"start":{"line":42,"column":0},"end":{"line":42,"column":10}},"43":{"start":{"line":44,"column":0},"end":{"line":44,"column":12}},"44":{"start":{"line":45,"column":0},"end":{"line":45,"column":28}},"45":{"start":{"line":46,"column":0},"end":{"line":46,"column":41}},"46":{"start":{"line":47,"column":0},"end":{"line":47,"column":39}},"47":{"start":{"line":48,"column":0},"end":{"line":48,"column":41}},"48":{"start":{"line":49,"column":0},"end":{"line":49,"column":94}},"49":{"start":{"line":50,"column":0},"end":{"line":50,"column":18}},"50":{"start":{"line":51,"column":0},"end":{"line":51,"column":42}},"51":{"start":{"line":52,"column":0},"end":{"line":52,"column":12}},"53":{"start":{"line":54,"column":0},"end":{"line":54,"column":20}},"54":{"start":{"line":55,"column":0},"end":{"line":55,"column":14}},"55":{"start":{"line":56,"column":0},"end":{"line":56,"column":12}},"56":{"start":{"line":57,"column":0},"end":{"line":57,"column":33}},"58":{"start":{"line":59,"column":0},"end":{"line":59,"column":1}}},"s":{"0":1,"3":1,"5":1,"6":50,"7":50,"8":50,"9":50,"13":50,"14":50,"15":50,"17":50,"18":1,"19":1,"20":1,"21":1,"22":1,"23":1,"25":50,"26":0,"27":0,"28":0,"30":50,"31":0,"32":0,"33":0,"34":0,"35":50,"36":50,"37":50,"38":50,"39":50,"40":50,"41":50,"43":50,"44":50,"45":50,"46":50,"47":50,"48":50,"49":50,"50":50,"51":50,"53":50,"54":50,"55":50,"56":50,"58":50},"branchMap":{"0":{"type":"branch","line":6,"loc":{"start":{"line":6,"column":29},"end":{"line":59,"column":1}},"locations":[{"start":{"line":6,"column":29},"end":{"line":59,"column":1}}]},"1":{"type":"branch","line":18,"loc":{"start":{"line":18,"column":26},"end":{"line":24,"column":3}},"locations":[{"start":{"line":18,"column":26},"end":{"line":24,"column":3}}]},"2":{"type":"branch","line":19,"loc":{"start":{"line":19,"column":31},"end":{"line":19,"column":37}},"locations":[{"start":{"line":19,"column":31},"end":{"line":19,"column":37}}]}},"b":{"0":[50],"1":[1],"2":[0]},"fnMap":{"0":{"name":"CardContainer","decl":{"start":{"line":6,"column":29},"end":{"line":59,"column":1}},"loc":{"start":{"line":6,"column":29},"end":{"line":59,"column":1}},"line":6},"1":{"name":"handleMouseMove","decl":{"start":{"line":18,"column":26},"end":{"line":24,"column":3}},"loc":{"start":{"line":18,"column":26},"end":{"line":24,"column":3}},"line":18},"2":{"name":"handleMouseEnter","decl":{"start":{"line":26,"column":27},"end":{"line":29,"column":3}},"loc":{"start":{"line":26,"column":27},"end":{"line":29,"column":3}},"line":26},"3":{"name":"handleMouseLeave","decl":{"start":{"line":31,"column":27},"end":{"line":35,"column":3}},"loc":{"start":{"line":31,"column":27},"end":{"line":35,"column":3}},"line":31}},"f":{"0":50,"1":1,"2":0,"3":0}}
,"/Users/georgegilgarib/Documents/SELF-PROJECTS/RESUME/src/components/atoms/DarkModeSwitch.tsx": {"path":"/Users/georgegilgarib/Documents/SELF-PROJECTS/RESUME/src/components/atoms/DarkModeSwitch.tsx","all":false,"statementMap":{"0":{"start":{"line":1,"column":0},"end":{"line":1,"column":25}},"8":{"start":{"line":9,"column":0},"end":{"line":9,"column":92}},"9":{"start":{"line":10,"column":0},"end":{"line":10,"column":10}},"10":{"start":{"line":11,"column":0},"end":{"line":11,"column":100}},"11":{"start":{"line":12,"column":0},"end":{"line":12,"column":12}},"12":{"start":{"line":13,"column":0},"end":{"line":13,"column":25}},"13":{"start":{"line":14,"column":0},"end":{"line":14,"column":23}},"14":{"start":{"line":15,"column":0},"end":{"line":15,"column":42}},"15":{"start":{"line":16,"column":0},"end":{"line":16,"column":25}},"16":{"start":{"line":17,"column":0},"end":{"line":17,"column":27}},"17":{"start":{"line":18,"column":0},"end":{"line":18,"column":43}},"18":{"start":{"line":19,"column":0},"end":{"line":19,"column":8}},"19":{"start":{"line":20,"column":0},"end":{"line":20,"column":47}},"20":{"start":{"line":21,"column":0},"end":{"line":21,"column":52}},"21":{"start":{"line":22,"column":0},"end":{"line":22,"column":55}},"22":{"start":{"line":23,"column":0},"end":{"line":23,"column":83}},"23":{"start":{"line":24,"column":0},"end":{"line":24,"column":17}},"24":{"start":{"line":25,"column":0},"end":{"line":25,"column":32}},"25":{"start":{"line":26,"column":0},"end":{"line":26,"column":32}},"26":{"start":{"line":27,"column":0},"end":{"line":27,"column":3009}},"27":{"start":{"line":28,"column":0},"end":{"line":28,"column":33}},"28":{"start":{"line":29,"column":0},"end":{"line":29,"column":14}},"29":{"start":{"line":30,"column":0},"end":{"line":30,"column":16}},"30":{"start":{"line":31,"column":0},"end":{"line":31,"column":14}},"31":{"start":{"line":32,"column":0},"end":{"line":32,"column":56}},"32":{"start":{"line":33,"column":0},"end":{"line":33,"column":60}},"33":{"start":{"line":34,"column":0},"end":{"line":34,"column":48}},"34":{"start":{"line":35,"column":0},"end":{"line":35,"column":56}},"35":{"start":{"line":36,"column":0},"end":{"line":36,"column":56}},"36":{"start":{"line":37,"column":0},"end":{"line":37,"column":56}},"37":{"start":{"line":38,"column":0},"end":{"line":38,"column":18}},"38":{"start":{"line":39,"column":0},"end":{"line":39,"column":16}},"39":{"start":{"line":40,"column":0},"end":{"line":40,"column":14}},"40":{"start":{"line":41,"column":0},"end":{"line":41,"column":12}},"41":{"start":{"line":42,"column":0},"end":{"line":42,"column":12}},"43":{"start":{"line":44,"column":0},"end":{"line":44,"column":1}}},"s":{"0":1,"8":16,"9":16,"10":16,"11":16,"12":16,"13":16,"14":16,"15":16,"16":16,"17":16,"18":16,"19":16,"20":16,"21":16,"22":16,"23":16,"24":16,"25":16,"26":16,"27":16,"28":16,"29":16,"30":16,"31":16,"32":16,"33":16,"34":16,"35":16,"36":16,"37":16,"38":16,"39":16,"40":16,"41":16,"43":16},"branchMap":{"0":{"type":"branch","line":9,"loc":{"start":{"line":9,"column":0},"end":{"line":44,"column":1}},"locations":[{"start":{"line":9,"column":0},"end":{"line":44,"column":1}}]}},"b":{"0":[16]},"fnMap":{"0":{"name":"DarkModeSwitch","decl":{"start":{"line":9,"column":0},"end":{"line":44,"column":1}},"loc":{"start":{"line":9,"column":0},"end":{"line":44,"column":1}},"line":9}},"f":{"0":16}}
,"/Users/georgegilgarib/Documents/SELF-PROJECTS/RESUME/src/components/atoms/DevLink.tsx": {"path":"/Users/georgegilgarib/Documents/SELF-PROJECTS/RESUME/src/components/atoms/DevLink.tsx","all":false,"statementMap":{"0":{"start":{"line":1,"column":0},"end":{"line":1,"column":25}},"1":{"start":{"line":2,"column":0},"end":{"line":2,"column":57}},"2":{"start":{"line":3,"column":0},"end":{"line":3,"column":46}},"4":{"start":{"line":5,"column":0},"end":{"line":5,"column":18}},"5":{"start":{"line":6,"column":0},"end":{"line":6,"column":18}},"6":{"start":{"line":7,"column":0},"end":{"line":7,"column":21}},"7":{"start":{"line":8,"column":0},"end":{"line":8,"column":13}},"8":{"start":{"line":9,"column":0},"end":{"line":9,"column":4}},"12":{"start":{"line":13,"column":0},"end":{"line":13,"column":7}},"13":{"start":{"line":14,"column":0},"end":{"line":14,"column":32}},"15":{"start":{"line":16,"column":0},"end":{"line":16,"column":10}},"16":{"start":{"line":17,"column":0},"end":{"line":17,"column":6}},"17":{"start":{"line":18,"column":0},"end":{"line":18,"column":22}},"18":{"start":{"line":19,"column":0},"end":{"line":19,"column":43}},"19":{"start":{"line":20,"column":0},"end":{"line":20,"column":33}},"20":{"start":{"line":21,"column":0},"end":{"line":21,"column":8}},"21":{"start":{"line":22,"column":0},"end":{"line":22,"column":41}},"22":{"start":{"line":23,"column":0},"end":{"line":23,"column":35}},"23":{"start":{"line":24,"column":0},"end":{"line":24,"column":102}},"24":{"start":{"line":25,"column":0},"end":{"line":25,"column":41}},"25":{"start":{"line":26,"column":0},"end":{"line":26,"column":98}},"26":{"start":{"line":27,"column":0},"end":{"line":27,"column":170}},"27":{"start":{"line":28,"column":0},"end":{"line":28,"column":9}},"28":{"start":{"line":29,"column":0},"end":{"line":29,"column":69}},"30":{"start":{"line":31,"column":0},"end":{"line":31,"column":23}},"31":{"start":{"line":32,"column":0},"end":{"line":32,"column":8}},"33":{"start":{"line":34,"column":0},"end":{"line":34,"column":1}},"35":{"start":{"line":36,"column":0},"end":{"line":36,"column":22}}},"s":{"0":1,"1":1,"2":1,"4":1,"5":6,"6":6,"7":6,"8":6,"12":6,"13":6,"15":6,"16":6,"17":6,"18":1,"19":1,"20":1,"21":6,"22":6,"23":1,"24":5,"25":2,"26":3,"27":6,"28":6,"30":6,"31":6,"33":6,"35":1},"branchMap":{"0":{"type":"branch","line":5,"loc":{"start":{"line":5,"column":16},"end":{"line":34,"column":1}},"locations":[{"start":{"line":5,"column":16},"end":{"line":34,"column":1}}]},"1":{"type":"branch","line":23,"loc":{"start":{"line":23,"column":32},"end":{"line":24,"column":102}},"locations":[{"start":{"line":23,"column":32},"end":{"line":24,"column":102}}]},"2":{"type":"branch","line":24,"loc":{"start":{"line":24,"column":12},"end":{"line":27,"column":170}},"locations":[{"start":{"line":24,"column":12},"end":{"line":27,"column":170}}]},"3":{"type":"branch","line":25,"loc":{"start":{"line":25,"column":36},"end":{"line":26,"column":98}},"locations":[{"start":{"line":25,"column":36},"end":{"line":26,"column":98}}]},"4":{"type":"branch","line":26,"loc":{"start":{"line":26,"column":14},"end":{"line":27,"column":170}},"locations":[{"start":{"line":26,"column":14},"end":{"line":27,"column":170}}]},"5":{"type":"branch","line":29,"loc":{"start":{"line":29,"column":44},"end":{"line":29,"column":59}},"locations":[{"start":{"line":29,"column":44},"end":{"line":29,"column":59}}]},"6":{"type":"branch","line":29,"loc":{"start":{"line":29,"column":50},"end":{"line":29,"column":69}},"locations":[{"start":{"line":29,"column":50},"end":{"line":29,"column":69}}]},"7":{"type":"branch","line":18,"loc":{"start":{"line":18,"column":15},"end":{"line":21,"column":8}},"locations":[{"start":{"line":18,"column":15},"end":{"line":21,"column":8}}]}},"b":{"0":[6],"1":[1],"2":[5],"3":[2],"4":[3],"5":[1],"6":[5],"7":[1]},"fnMap":{"0":{"name":"DevLink","decl":{"start":{"line":5,"column":16},"end":{"line":34,"column":1}},"loc":{"start":{"line":5,"column":16},"end":{"line":34,"column":1}},"line":5},"1":{"name":"onClick","decl":{"start":{"line":18,"column":15},"end":{"line":21,"column":8}},"loc":{"start":{"line":18,"column":15},"end":{"line":21,"column":8}},"line":18}},"f":{"0":6,"1":1}}
,"/Users/georgegilgarib/Documents/SELF-PROJECTS/RESUME/src/components/atoms/ImageLoader.tsx": {"path":"/Users/georgegilgarib/Documents/SELF-PROJECTS/RESUME/src/components/atoms/ImageLoader.tsx","all":false,"statementMap":{"0":{"start":{"line":1,"column":0},"end":{"line":1,"column":39}},"1":{"start":{"line":2,"column":0},"end":{"line":2,"column":61}},"12":{"start":{"line":13,"column":0},"end":{"line":13,"column":58}},"13":{"start":{"line":14,"column":0},"end":{"line":14,"column":12}},"14":{"start":{"line":15,"column":0},"end":{"line":15,"column":15}},"15":{"start":{"line":16,"column":0},"end":{"line":16,"column":8}},"16":{"start":{"line":17,"column":0},"end":{"line":17,"column":13}},"17":{"start":{"line":18,"column":0},"end":{"line":18,"column":6}},"18":{"start":{"line":19,"column":0},"end":{"line":19,"column":10}},"19":{"start":{"line":20,"column":0},"end":{"line":20,"column":7}},"20":{"start":{"line":21,"column":0},"end":{"line":21,"column":49}},"22":{"start":{"line":23,"column":0},"end":{"line":23,"column":10}},"23":{"start":{"line":24,"column":0},"end":{"line":24,"column":6}},"24":{"start":{"line":25,"column":0},"end":{"line":25,"column":21}},"25":{"start":{"line":26,"column":0},"end":{"line":26,"column":75}},"26":{"start":{"line":27,"column":0},"end":{"line":27,"column":30}},"27":{"start":{"line":28,"column":0},"end":{"line":28,"column":14}},"29":{"start":{"line":30,"column":0},"end":{"line":30,"column":10}},"30":{"start":{"line":31,"column":0},"end":{"line":31,"column":23}},"31":{"start":{"line":32,"column":0},"end":{"line":32,"column":17}},"32":{"start":{"line":33,"column":0},"end":{"line":33,"column":79}},"33":{"start":{"line":34,"column":0},"end":{"line":34,"column":21}},"34":{"start":{"line":35,"column":0},"end":{"line":35,"column":32}},"35":{"start":{"line":36,"column":0},"end":{"line":36,"column":40}},"36":{"start":{"line":37,"column":0},"end":{"line":37,"column":25}},"37":{"start":{"line":38,"column":0},"end":{"line":38,"column":8}},"38":{"start":{"line":39,"column":0},"end":{"line":39,"column":7}},"40":{"start":{"line":41,"column":0},"end":{"line":41,"column":1}},"42":{"start":{"line":43,"column":0},"end":{"line":43,"column":30}}},"s":{"0":1,"1":1,"12":1,"13":78,"14":78,"15":78,"16":78,"17":78,"18":78,"19":78,"20":78,"22":78,"23":78,"24":78,"25":77,"26":77,"27":77,"29":78,"30":78,"31":78,"32":78,"33":78,"34":78,"35":78,"36":78,"37":78,"38":78,"40":78,"42":1},"branchMap":{"0":{"type":"branch","line":13,"loc":{"start":{"line":13,"column":56},"end":{"line":41,"column":1}},"locations":[{"start":{"line":13,"column":56},"end":{"line":41,"column":1}}]},"1":{"type":"branch","line":25,"loc":{"start":{"line":25,"column":8},"end":{"line":28,"column":14}},"locations":[{"start":{"line":25,"column":8},"end":{"line":28,"column":14}}]},"2":{"type":"branch","line":33,"loc":{"start":{"line":33,"column":38},"end":{"line":33,"column":65}},"locations":[{"start":{"line":33,"column":38},"end":{"line":33,"column":65}}]},"3":{"type":"branch","line":33,"loc":{"start":{"line":33,"column":49},"end":{"line":33,"column":76}},"locations":[{"start":{"line":33,"column":49},"end":{"line":33,"column":76}}]},"4":{"type":"branch","line":36,"loc":{"start":{"line":36,"column":16},"end":{"line":36,"column":40}},"locations":[{"start":{"line":36,"column":16},"end":{"line":36,"column":40}}]}},"b":{"0":[78],"1":[77],"2":[1],"3":[77],"4":[1]},"fnMap":{"0":{"name":"ImageWithLoader","decl":{"start":{"line":13,"column":56},"end":{"line":41,"column":1}},"loc":{"start":{"line":13,"column":56},"end":{"line":41,"column":1}},"line":13},"1":{"name":"onLoad","decl":{"start":{"line":36,"column":16},"end":{"line":36,"column":40}},"loc":{"start":{"line":36,"column":16},"end":{"line":36,"column":40}},"line":36}},"f":{"0":78,"1":1}}
,"/Users/georgegilgarib/Documents/SELF-PROJECTS/RESUME/src/components/atoms/LanguageSwitcher.tsx": {"path":"/Users/georgegilgarib/Documents/SELF-PROJECTS/RESUME/src/components/atoms/LanguageSwitcher.tsx","all":false,"statementMap":{"0":{"start":{"line":1,"column":0},"end":{"line":1,"column":32}},"1":{"start":{"line":2,"column":0},"end":{"line":2,"column":40}},"2":{"start":{"line":3,"column":0},"end":{"line":3,"column":61}},"3":{"start":{"line":4,"column":0},"end":{"line":4,"column":61}},"4":{"start":{"line":5,"column":0},"end":{"line":5,"column":63}},"5":{"start":{"line":6,"column":0},"end":{"line":6,"column":49}},"6":{"start":{"line":7,"column":0},"end":{"line":7,"column":54}},"8":{"start":{"line":9,"column":0},"end":{"line":9,"column":52}},"9":{"start":{"line":10,"column":0},"end":{"line":10,"column":42}},"10":{"start":{"line":11,"column":0},"end":{"line":11,"column":68}},"12":{"start":{"line":13,"column":0},"end":{"line":13,"column":68}},"14":{"start":{"line":15,"column":0},"end":{"line":15,"column":76}},"16":{"start":{"line":17,"column":0},"end":{"line":17,"column":10}},"17":{"start":{"line":18,"column":0},"end":{"line":18,"column":6}},"18":{"start":{"line":19,"column":0},"end":{"line":19,"column":103}},"19":{"start":{"line":20,"column":0},"end":{"line":20,"column":15}},"20":{"start":{"line":21,"column":0},"end":{"line":21,"column":29}},"21":{"start":{"line":22,"column":0},"end":{"line":22,"column":63}},"22":{"start":{"line":23,"column":0},"end":{"line":23,"column":18}},"23":{"start":{"line":24,"column":0},"end":{"line":24,"column":33}},"24":{"start":{"line":25,"column":0},"end":{"line":25,"column":28}},"25":{"start":{"line":26,"column":0},"end":{"line":26,"column":33}},"26":{"start":{"line":27,"column":0},"end":{"line":27,"column":12}},"27":{"start":{"line":28,"column":0},"end":{"line":28,"column":22}},"28":{"start":{"line":29,"column":0},"end":{"line":29,"column":48}},"30":{"start":{"line":31,"column":0},"end":{"line":31,"column":63}},"31":{"start":{"line":32,"column":0},"end":{"line":32,"column":46}},"32":{"start":{"line":33,"column":0},"end":{"line":33,"column":24}},"33":{"start":{"line":34,"column":0},"end":{"line":34,"column":20}},"34":{"start":{"line":35,"column":0},"end":{"line":35,"column":33}},"35":{"start":{"line":36,"column":0},"end":{"line":36,"column":70}},"36":{"start":{"line":37,"column":0},"end":{"line":37,"column":48}},"37":{"start":{"line":38,"column":0},"end":{"line":38,"column":14}},"38":{"start":{"line":39,"column":0},"end":{"line":39,"column":12}},"39":{"start":{"line":40,"column":0},"end":{"line":40,"column":17}},"41":{"start":{"line":42,"column":0},"end":{"line":42,"column":13}},"42":{"start":{"line":43,"column":0},"end":{"line":43,"column":29}},"43":{"start":{"line":44,"column":0},"end":{"line":44,"column":34}},"44":{"start":{"line":45,"column":0},"end":{"line":45,"column":43}},"45":{"start":{"line":46,"column":0},"end":{"line":46,"column":37}},"47":{"start":{"line":48,"column":0},"end":{"line":48,"column":42}},"48":{"start":{"line":49,"column":0},"end":{"line":49,"column":21}},"49":{"start":{"line":50,"column":0},"end":{"line":50,"column":29}},"50":{"start":{"line":51,"column":0},"end":{"line":51,"column":30}},"51":{"start":{"line":52,"column":0},"end":{"line":52,"column":41}},"52":{"start":{"line":53,"column":0},"end":{"line":53,"column":33}},"53":{"start":{"line":54,"column":0},"end":{"line":54,"column":16}},"54":{"start":{"line":55,"column":0},"end":{"line":55,"column":58}},"56":{"start":{"line":57,"column":0},"end":{"line":57,"column":25}},"57":{"start":{"line":58,"column":0},"end":{"line":58,"column":23}},"58":{"start":{"line":59,"column":0},"end":{"line":59,"column":13}},"59":{"start":{"line":60,"column":0},"end":{"line":60,"column":15}},"60":{"start":{"line":61,"column":0},"end":{"line":61,"column":12}},"61":{"start":{"line":62,"column":0},"end":{"line":62,"column":7}},"63":{"start":{"line":64,"column":0},"end":{"line":64,"column":1}},"65":{"start":{"line":66,"column":0},"end":{"line":66,"column":31}}},"s":{"0":1,"1":1,"2":1,"3":1,"4":1,"5":1,"6":1,"8":1,"9":8,"10":8,"12":8,"14":8,"16":8,"17":8,"18":8,"19":8,"20":8,"21":8,"22":8,"23":8,"24":8,"25":8,"26":8,"27":8,"28":8,"30":8,"31":8,"32":8,"33":8,"34":8,"35":8,"36":8,"37":8,"38":8,"39":8,"41":8,"42":8,"43":8,"44":8,"45":8,"47":8,"48":16,"49":16,"50":16,"51":1,"52":1,"53":1,"54":16,"56":16,"57":16,"58":8,"59":8,"60":8,"61":8,"63":8,"65":1},"branchMap":{"0":{"type":"branch","line":9,"loc":{"start":{"line":9,"column":25},"end":{"line":64,"column":1}},"locations":[{"start":{"line":9,"column":25},"end":{"line":64,"column":1}}]},"1":{"type":"branch","line":32,"loc":{"start":{"line":32,"column":28},"end":{"line":32,"column":46}},"locations":[{"start":{"line":32,"column":28},"end":{"line":32,"column":46}}]},"2":{"type":"branch","line":36,"loc":{"start":{"line":36,"column":25},"end":{"line":36,"column":55}},"locations":[{"start":{"line":36,"column":25},"end":{"line":36,"column":55}}]},"3":{"type":"branch","line":36,"loc":{"start":{"line":36,"column":36},"end":{"line":36,"column":70}},"locations":[{"start":{"line":36,"column":36},"end":{"line":36,"column":70}}]},"4":{"type":"branch","line":22,"loc":{"start":{"line":22,"column":19},"end":{"line":22,"column":63}},"locations":[{"start":{"line":22,"column":19},"end":{"line":22,"column":63}}]},"5":{"type":"branch","line":48,"loc":{"start":{"line":48,"column":31},"end":{"line":58,"column":23}},"locations":[{"start":{"line":48,"column":31},"end":{"line":58,"column":23}}]},"6":{"type":"branch","line":51,"loc":{"start":{"line":51,"column":23},"end":{"line":54,"column":16}},"locations":[{"start":{"line":51,"column":23},"end":{"line":54,"column":16}}]}},"b":{"0":[8],"1":[0],"2":[2],"3":[6],"4":[2],"5":[16],"6":[1]},"fnMap":{"0":{"name":"LanguageSwitcher","decl":{"start":{"line":9,"column":25},"end":{"line":64,"column":1}},"loc":{"start":{"line":9,"column":25},"end":{"line":64,"column":1}},"line":9},"1":{"name":"onClick","decl":{"start":{"line":22,"column":19},"end":{"line":22,"column":63}},"loc":{"start":{"line":22,"column":19},"end":{"line":22,"column":63}},"line":22},"2":{"name":"onClose","decl":{"start":{"line":45,"column":19},"end":{"line":45,"column":43}},"loc":{"start":{"line":45,"column":19},"end":{"line":45,"column":43}},"line":45},"3":{"name":"onClick","decl":{"start":{"line":51,"column":23},"end":{"line":54,"column":16}},"loc":{"start":{"line":51,"column":23},"end":{"line":54,"column":16}},"line":51}},"f":{"0":8,"1":2,"2":0,"3":1}}
,"/Users/georgegilgarib/Documents/SELF-PROJECTS/RESUME/src/components/atoms/MeLink.tsx.tsx": {"path":"/Users/georgegilgarib/Documents/SELF-PROJECTS/RESUME/src/components/atoms/MeLink.tsx.tsx","all":false,"statementMap":{"0":{"start":{"line":1,"column":0},"end":{"line":1,"column":25}},"1":{"start":{"line":2,"column":0},"end":{"line":2,"column":57}},"2":{"start":{"line":3,"column":0},"end":{"line":3,"column":46}},"4":{"start":{"line":5,"column":0},"end":{"line":5,"column":17}},"5":{"start":{"line":6,"column":0},"end":{"line":6,"column":18}},"6":{"start":{"line":7,"column":0},"end":{"line":7,"column":21}},"7":{"start":{"line":8,"column":0},"end":{"line":8,"column":13}},"8":{"start":{"line":9,"column":0},"end":{"line":9,"column":4}},"12":{"start":{"line":13,"column":0},"end":{"line":13,"column":7}},"13":{"start":{"line":14,"column":0},"end":{"line":14,"column":32}},"15":{"start":{"line":16,"column":0},"end":{"line":16,"column":10}},"16":{"start":{"line":17,"column":0},"end":{"line":17,"column":6}},"17":{"start":{"line":18,"column":0},"end":{"line":18,"column":22}},"18":{"start":{"line":19,"column":0},"end":{"line":19,"column":42}},"19":{"start":{"line":20,"column":0},"end":{"line":20,"column":33}},"20":{"start":{"line":21,"column":0},"end":{"line":21,"column":8}},"21":{"start":{"line":22,"column":0},"end":{"line":22,"column":46}},"22":{"start":{"line":23,"column":0},"end":{"line":23,"column":34}},"23":{"start":{"line":24,"column":0},"end":{"line":24,"column":103}},"24":{"start":{"line":25,"column":0},"end":{"line":25,"column":137}},"25":{"start":{"line":26,"column":0},"end":{"line":26,"column":10}},"26":{"start":{"line":27,"column":0},"end":{"line":27,"column":37}},"27":{"start":{"line":28,"column":0},"end":{"line":28,"column":96}},"28":{"start":{"line":29,"column":0},"end":{"line":29,"column":39}},"29":{"start":{"line":30,"column":0},"end":{"line":30,"column":101}},"30":{"start":{"line":31,"column":0},"end":{"line":31,"column":16}},"31":{"start":{"line":32,"column":0},"end":{"line":32,"column":9}},"33":{"start":{"line":34,"column":0},"end":{"line":34,"column":22}},"34":{"start":{"line":35,"column":0},"end":{"line":35,"column":8}},"36":{"start":{"line":37,"column":0},"end":{"line":37,"column":1}},"38":{"start":{"line":39,"column":0},"end":{"line":39,"column":21}}},"s":{"0":1,"1":1,"2":1,"4":1,"5":6,"6":6,"7":6,"8":6,"12":6,"13":6,"15":6,"16":6,"17":6,"18":1,"19":1,"20":1,"21":6,"22":6,"23":3,"24":3,"25":6,"26":6,"27":2,"28":4,"29":1,"30":3,"31":6,"33":6,"34":6,"36":6,"38":1},"branchMap":{"0":{"type":"branch","line":5,"loc":{"start":{"line":5,"column":15},"end":{"line":37,"column":1}},"locations":[{"start":{"line":5,"column":15},"end":{"line":37,"column":1}}]},"1":{"type":"branch","line":23,"loc":{"start":{"line":23,"column":32},"end":{"line":24,"column":103}},"locations":[{"start":{"line":23,"column":32},"end":{"line":24,"column":103}}]},"2":{"type":"branch","line":24,"loc":{"start":{"line":24,"column":12},"end":{"line":25,"column":137}},"locations":[{"start":{"line":24,"column":12},"end":{"line":25,"column":137}}]},"3":{"type":"branch","line":27,"loc":{"start":{"line":27,"column":32},"end":{"line":28,"column":96}},"locations":[{"start":{"line":27,"column":32},"end":{"line":28,"column":96}}]},"4":{"type":"branch","line":28,"loc":{"start":{"line":28,"column":12},"end":{"line":31,"column":16}},"locations":[{"start":{"line":28,"column":12},"end":{"line":31,"column":16}}]},"5":{"type":"branch","line":29,"loc":{"start":{"line":29,"column":36},"end":{"line":30,"column":101}},"locations":[{"start":{"line":29,"column":36},"end":{"line":30,"column":101}}]},"6":{"type":"branch","line":30,"loc":{"start":{"line":30,"column":14},"end":{"line":31,"column":16}},"locations":[{"start":{"line":30,"column":14},"end":{"line":31,"column":16}}]},"7":{"type":"branch","line":18,"loc":{"start":{"line":18,"column":15},"end":{"line":21,"column":8}},"locations":[{"start":{"line":18,"column":15},"end":{"line":21,"column":8}}]}},"b":{"0":[6],"1":[3],"2":[3],"3":[2],"4":[4],"5":[1],"6":[3],"7":[1]},"fnMap":{"0":{"name":"MeLink","decl":{"start":{"line":5,"column":15},"end":{"line":37,"column":1}},"loc":{"start":{"line":5,"column":15},"end":{"line":37,"column":1}},"line":5},"1":{"name":"onClick","decl":{"start":{"line":18,"column":15},"end":{"line":21,"column":8}},"loc":{"start":{"line":18,"column":15},"end":{"line":21,"column":8}},"line":18}},"f":{"0":6,"1":1}}
,"/Users/georgegilgarib/Documents/SELF-PROJECTS/RESUME/src/components/atoms/MouseEnterContext.tsx": {"path":"/Users/georgegilgarib/Documents/SELF-PROJECTS/RESUME/src/components/atoms/MouseEnterContext.tsx","all":false,"statementMap":{"0":{"start":{"line":1,"column":0},"end":{"line":1,"column":66}},"2":{"start":{"line":3,"column":0},"end":{"line":3,"column":120}},"4":{"start":{"line":5,"column":0},"end":{"line":5,"column":84}},"5":{"start":{"line":6,"column":0},"end":{"line":6,"column":61}},"7":{"start":{"line":8,"column":0},"end":{"line":8,"column":120}},"8":{"start":{"line":9,"column":0},"end":{"line":9,"column":1}},"10":{"start":{"line":11,"column":0},"end":{"line":11,"column":36}},"11":{"start":{"line":12,"column":0},"end":{"line":12,"column":47}},"12":{"start":{"line":13,"column":0},"end":{"line":13,"column":30}},"13":{"start":{"line":14,"column":0},"end":{"line":14,"column":77}},"14":{"start":{"line":15,"column":0},"end":{"line":15,"column":3}},"15":{"start":{"line":16,"column":0},"end":{"line":16,"column":16}},"16":{"start":{"line":17,"column":0},"end":{"line":17,"column":1}}},"s":{"0":1,"2":1,"4":1,"5":3,"7":3,"8":3,"10":1,"11":8,"12":8,"13":4,"14":4,"15":3,"16":3},"branchMap":{"0":{"type":"branch","line":5,"loc":{"start":{"line":5,"column":34},"end":{"line":9,"column":1}},"locations":[{"start":{"line":5,"column":34},"end":{"line":9,"column":1}}]},"1":{"type":"branch","line":11,"loc":{"start":{"line":11,"column":29},"end":{"line":17,"column":1}},"locations":[{"start":{"line":11,"column":29},"end":{"line":17,"column":1}}]},"2":{"type":"branch","line":13,"loc":{"start":{"line":13,"column":29},"end":{"line":15,"column":3}},"locations":[{"start":{"line":13,"column":29},"end":{"line":15,"column":3}}]},"3":{"type":"branch","line":15,"loc":{"start":{"line":15,"column":2},"end":{"line":17,"column":1}},"locations":[{"start":{"line":15,"column":2},"end":{"line":17,"column":1}}]}},"b":{"0":[3],"1":[8],"2":[4],"3":[3]},"fnMap":{"0":{"name":"MouseEnterProvider","decl":{"start":{"line":5,"column":34},"end":{"line":9,"column":1}},"loc":{"start":{"line":5,"column":34},"end":{"line":9,"column":1}},"line":5},"1":{"name":"useMouseEnter","decl":{"start":{"line":11,"column":29},"end":{"line":17,"column":1}},"loc":{"start":{"line":11,"column":29},"end":{"line":17,"column":1}},"line":11}},"f":{"0":3,"1":8}}
,"/Users/georgegilgarib/Documents/SELF-PROJECTS/RESUME/src/components/atoms/MusicLink.tsx": {"path":"/Users/georgegilgarib/Documents/SELF-PROJECTS/RESUME/src/components/atoms/MusicLink.tsx","all":false,"statementMap":{"0":{"start":{"line":1,"column":0},"end":{"line":1,"column":25}},"1":{"start":{"line":2,"column":0},"end":{"line":2,"column":46}},"2":{"start":{"line":3,"column":0},"end":{"line":3,"column":57}},"4":{"start":{"line":5,"column":0},"end":{"line":5,"column":20}},"5":{"start":{"line":6,"column":0},"end":{"line":6,"column":18}},"6":{"start":{"line":7,"column":0},"end":{"line":7,"column":21}},"7":{"start":{"line":8,"column":0},"end":{"line":8,"column":13}},"8":{"start":{"line":9,"column":0},"end":{"line":9,"column":4}},"12":{"start":{"line":13,"column":0},"end":{"line":13,"column":7}},"13":{"start":{"line":14,"column":0},"end":{"line":14,"column":32}},"15":{"start":{"line":16,"column":0},"end":{"line":16,"column":10}},"16":{"start":{"line":17,"column":0},"end":{"line":17,"column":6}},"17":{"start":{"line":18,"column":0},"end":{"line":18,"column":22}},"18":{"start":{"line":19,"column":0},"end":{"line":19,"column":45}},"19":{"start":{"line":20,"column":0},"end":{"line":20,"column":33}},"20":{"start":{"line":21,"column":0},"end":{"line":21,"column":8}},"21":{"start":{"line":22,"column":0},"end":{"line":22,"column":41}},"22":{"start":{"line":23,"column":0},"end":{"line":23,"column":37}},"23":{"start":{"line":24,"column":0},"end":{"line":24,"column":112}},"24":{"start":{"line":25,"column":0},"end":{"line":25,"column":39}},"25":{"start":{"line":26,"column":0},"end":{"line":26,"column":98}},"26":{"start":{"line":27,"column":0},"end":{"line":27,"column":173}},"27":{"start":{"line":28,"column":0},"end":{"line":28,"column":9}},"29":{"start":{"line":30,"column":0},"end":{"line":30,"column":25}},"30":{"start":{"line":31,"column":0},"end":{"line":31,"column":8}},"32":{"start":{"line":33,"column":0},"end":{"line":33,"column":1}},"34":{"start":{"line":35,"column":0},"end":{"line":35,"column":24}}},"s":{"0":1,"1":1,"2":1,"4":1,"5":6,"6":6,"7":6,"8":6,"12":6,"13":6,"15":6,"16":6,"17":6,"18":1,"19":1,"20":1,"21":6,"22":6,"23":2,"24":4,"25":1,"26":3,"27":6,"29":6,"30":6,"32":6,"34":1},"branchMap":{"0":{"type":"branch","line":5,"loc":{"start":{"line":5,"column":18},"end":{"line":33,"column":1}},"locations":[{"start":{"line":5,"column":18},"end":{"line":33,"column":1}}]},"1":{"type":"branch","line":23,"loc":{"start":{"line":23,"column":32},"end":{"line":24,"column":112}},"locations":[{"start":{"line":23,"column":32},"end":{"line":24,"column":112}}]},"2":{"type":"branch","line":24,"loc":{"start":{"line":24,"column":12},"end":{"line":27,"column":173}},"locations":[{"start":{"line":24,"column":12},"end":{"line":27,"column":173}}]},"3":{"type":"branch","line":25,"loc":{"start":{"line":25,"column":36},"end":{"line":26,"column":98}},"locations":[{"start":{"line":25,"column":36},"end":{"line":26,"column":98}}]},"4":{"type":"branch","line":26,"loc":{"start":{"line":26,"column":14},"end":{"line":27,"column":173}},"locations":[{"start":{"line":26,"column":14},"end":{"line":27,"column":173}}]},"5":{"type":"branch","line":18,"loc":{"start":{"line":18,"column":15},"end":{"line":21,"column":8}},"locations":[{"start":{"line":18,"column":15},"end":{"line":21,"column":8}}]}},"b":{"0":[6],"1":[2],"2":[4],"3":[1],"4":[3],"5":[1]},"fnMap":{"0":{"name":"MusicLink","decl":{"start":{"line":5,"column":18},"end":{"line":33,"column":1}},"loc":{"start":{"line":5,"column":18},"end":{"line":33,"column":1}},"line":5},"1":{"name":"onClick","decl":{"start":{"line":18,"column":15},"end":{"line":21,"column":8}},"loc":{"start":{"line":18,"column":15},"end":{"line":21,"column":8}},"line":18}},"f":{"0":6,"1":1}}
,"/Users/georgegilgarib/Documents/SELF-PROJECTS/RESUME/src/components/atoms/ProjectInfo.tsx": {"path":"/Users/georgegilgarib/Documents/SELF-PROJECTS/RESUME/src/components/atoms/ProjectInfo.tsx","all":false,"statementMap":{"0":{"start":{"line":1,"column":0},"end":{"line":1,"column":25}},"1":{"start":{"line":2,"column":0},"end":{"line":2,"column":51}},"2":{"start":{"line":3,"column":0},"end":{"line":3,"column":40}},"3":{"start":{"line":4,"column":0},"end":{"line":4,"column":23}},"4":{"start":{"line":5,"column":0},"end":{"line":5,"column":64}},"5":{"start":{"line":6,"column":0},"end":{"line":6,"column":49}},"7":{"start":{"line":8,"column":0},"end":{"line":8,"column":46}},"17":{"start":{"line":18,"column":0},"end":{"line":18,"column":104}},"18":{"start":{"line":19,"column":0},"end":{"line":19,"column":32}},"19":{"start":{"line":20,"column":0},"end":{"line":20,"column":32}},"21":{"start":{"line":22,"column":0},"end":{"line":22,"column":10}},"22":{"start":{"line":23,"column":0},"end":{"line":23,"column":66}},"23":{"start":{"line":24,"column":0},"end":{"line":24,"column":101}},"24":{"start":{"line":25,"column":0},"end":{"line":25,"column":13}},"25":{"start":{"line":26,"column":0},"end":{"line":26,"column":46}},"26":{"start":{"line":27,"column":0},"end":{"line":27,"column":80}},"27":{"start":{"line":28,"column":0},"end":{"line":28,"column":85}},"28":{"start":{"line":29,"column":0},"end":{"line":29,"column":61}},"29":{"start":{"line":30,"column":0},"end":{"line":30,"column":16}},"30":{"start":{"line":31,"column":0},"end":{"line":31,"column":17}},"32":{"start":{"line":33,"column":0},"end":{"line":33,"column":89}},"33":{"start":{"line":34,"column":0},"end":{"line":34,"column":79}},"34":{"start":{"line":35,"column":0},"end":{"line":35,"column":16}},"35":{"start":{"line":36,"column":0},"end":{"line":36,"column":14}},"37":{"start":{"line":38,"column":0},"end":{"line":38,"column":69}},"38":{"start":{"line":39,"column":0},"end":{"line":39,"column":117}},"40":{"start":{"line":41,"column":0},"end":{"line":41,"column":109}},"41":{"start":{"line":42,"column":0},"end":{"line":42,"column":20}},"42":{"start":{"line":43,"column":0},"end":{"line":43,"column":30}},"43":{"start":{"line":44,"column":0},"end":{"line":44,"column":24}},"44":{"start":{"line":45,"column":0},"end":{"line":45,"column":30}},"45":{"start":{"line":46,"column":0},"end":{"line":46,"column":22}},"46":{"start":{"line":47,"column":0},"end":{"line":47,"column":85}},"48":{"start":{"line":49,"column":0},"end":{"line":49,"column":41}},"49":{"start":{"line":50,"column":0},"end":{"line":50,"column":67}},"50":{"start":{"line":51,"column":0},"end":{"line":51,"column":17}},"51":{"start":{"line":52,"column":0},"end":{"line":52,"column":22}},"52":{"start":{"line":53,"column":0},"end":{"line":53,"column":16}},"54":{"start":{"line":55,"column":0},"end":{"line":55,"column":128}},"55":{"start":{"line":56,"column":0},"end":{"line":56,"column":39}},"56":{"start":{"line":57,"column":0},"end":{"line":57,"column":65}},"57":{"start":{"line":58,"column":0},"end":{"line":58,"column":15}},"58":{"start":{"line":59,"column":0},"end":{"line":59,"column":16}},"59":{"start":{"line":60,"column":0},"end":{"line":60,"column":14}},"60":{"start":{"line":61,"column":0},"end":{"line":61,"column":12}},"61":{"start":{"line":62,"column":0},"end":{"line":62,"column":10}},"63":{"start":{"line":64,"column":0},"end":{"line":64,"column":1}},"65":{"start":{"line":66,"column":0},"end":{"line":66,"column":26}}},"s":{"0":1,"1":1,"2":1,"3":1,"4":1,"5":1,"7":1,"17":1,"18":11,"19":11,"21":11,"22":11,"23":11,"24":11,"25":11,"26":11,"27":11,"28":11,"29":11,"30":11,"32":11,"33":11,"34":11,"35":11,"37":11,"38":11,"40":11,"41":11,"42":11,"43":11,"44":11,"45":11,"46":11,"48":11,"49":38,"50":11,"51":11,"52":11,"54":11,"55":11,"56":38,"57":11,"58":11,"59":11,"60":11,"61":11,"63":11,"65":1},"branchMap":{"0":{"type":"branch","line":18,"loc":{"start":{"line":18,"column":48},"end":{"line":64,"column":1}},"locations":[{"start":{"line":18,"column":48},"end":{"line":64,"column":1}}]},"1":{"type":"branch","line":23,"loc":{"start":{"line":23,"column":25},"end":{"line":23,"column":61}},"locations":[{"start":{"line":23,"column":25},"end":{"line":23,"column":61}}]},"2":{"type":"branch","line":23,"loc":{"start":{"line":23,"column":36},"end":{"line":23,"column":63}},"locations":[{"start":{"line":23,"column":36},"end":{"line":23,"column":63}}]},"3":{"type":"branch","line":24,"loc":{"start":{"line":24,"column":35},"end":{"line":24,"column":85}},"locations":[{"start":{"line":24,"column":35},"end":{"line":24,"column":85}}]},"4":{"type":"branch","line":24,"loc":{"start":{"line":24,"column":51},"end":{"line":24,"column":98}},"locations":[{"start":{"line":24,"column":51},"end":{"line":24,"column":98}}]},"5":{"type":"branch","line":38,"loc":{"start":{"line":38,"column":30},"end":{"line":38,"column":64}},"locations":[{"start":{"line":38,"column":30},"end":{"line":38,"column":64}}]},"6":{"type":"branch","line":38,"loc":{"start":{"line":38,"column":46},"end":{"line":38,"column":66}},"locations":[{"start":{"line":38,"column":46},"end":{"line":38,"column":66}}]},"7":{"type":"branch","line":39,"loc":{"start":{"line":39,"column":12},"end":{"line":39,"column":117}},"locations":[{"start":{"line":39,"column":12},"end":{"line":39,"column":117}}]},"8":{"type":"branch","line":47,"loc":{"start":{"line":47,"column":30},"end":{"line":47,"column":61}},"locations":[{"start":{"line":47,"column":30},"end":{"line":47,"column":61}}]},"9":{"type":"branch","line":47,"loc":{"start":{"line":47,"column":41},"end":{"line":47,"column":83}},"locations":[{"start":{"line":47,"column":41},"end":{"line":47,"column":83}}]},"10":{"type":"branch","line":49,"loc":{"start":{"line":49,"column":25},"end":{"line":50,"column":67}},"locations":[{"start":{"line":49,"column":25},"end":{"line":50,"column":67}}]},"11":{"type":"branch","line":56,"loc":{"start":{"line":56,"column":23},"end":{"line":57,"column":65}},"locations":[{"start":{"line":56,"column":23},"end":{"line":57,"column":65}}]}},"b":{"0":[11],"1":[2],"2":[9],"3":[2],"4":[9],"5":[9],"6":[2],"7":[9],"8":[2],"9":[9],"10":[38],"11":[38]},"fnMap":{"0":{"name":"ProjectInfo","decl":{"start":{"line":18,"column":48},"end":{"line":64,"column":1}},"loc":{"start":{"line":18,"column":48},"end":{"line":64,"column":1}},"line":18}},"f":{"0":11}}
,"/Users/georgegilgarib/Documents/SELF-PROJECTS/RESUME/src/components/atoms/TechnologyBadge.tsx": {"path":"/Users/georgegilgarib/Documents/SELF-PROJECTS/RESUME/src/components/atoms/TechnologyBadge.tsx","all":false,"statementMap":{"0":{"start":{"line":1,"column":0},"end":{"line":1,"column":40}},"7":{"start":{"line":8,"column":0},"end":{"line":8,"column":99}},"8":{"start":{"line":9,"column":0},"end":{"line":9,"column":98}},"9":{"start":{"line":10,"column":0},"end":{"line":10,"column":62}},"11":{"start":{"line":12,"column":0},"end":{"line":12,"column":58}},"13":{"start":{"line":14,"column":0},"end":{"line":14,"column":29}},"15":{"start":{"line":16,"column":0},"end":{"line":16,"column":10}},"16":{"start":{"line":17,"column":0},"end":{"line":17,"column":9}},"18":{"start":{"line":19,"column":0},"end":{"line":19,"column":11}},"19":{"start":{"line":20,"column":0},"end":{"line":20,"column":51}},"20":{"start":{"line":21,"column":0},"end":{"line":21,"column":29}},"21":{"start":{"line":22,"column":0},"end":{"line":22,"column":26}},"22":{"start":{"line":23,"column":0},"end":{"line":23,"column":13}},"23":{"start":{"line":24,"column":0},"end":{"line":24,"column":24}},"24":{"start":{"line":25,"column":0},"end":{"line":25,"column":93}},"25":{"start":{"line":26,"column":0},"end":{"line":26,"column":109}},"26":{"start":{"line":27,"column":0},"end":{"line":27,"column":117}},"27":{"start":{"line":28,"column":0},"end":{"line":28,"column":29}},"28":{"start":{"line":29,"column":0},"end":{"line":29,"column":31}},"29":{"start":{"line":30,"column":0},"end":{"line":30,"column":31}},"30":{"start":{"line":31,"column":0},"end":{"line":31,"column":54}},"31":{"start":{"line":32,"column":0},"end":{"line":32,"column":26}},"32":{"start":{"line":33,"column":0},"end":{"line":33,"column":31}},"33":{"start":{"line":34,"column":0},"end":{"line":34,"column":29}},"34":{"start":{"line":35,"column":0},"end":{"line":35,"column":29}},"35":{"start":{"line":36,"column":0},"end":{"line":36,"column":31}},"36":{"start":{"line":37,"column":0},"end":{"line":37,"column":12}},"37":{"start":{"line":38,"column":0},"end":{"line":38,"column":10}},"38":{"start":{"line":39,"column":0},"end":{"line":39,"column":8}},"39":{"start":{"line":40,"column":0},"end":{"line":40,"column":10}},"41":{"start":{"line":42,"column":0},"end":{"line":42,"column":1}}},"s":{"0":1,"7":315,"8":315,"9":315,"11":315,"13":315,"15":296,"16":296,"18":296,"19":296,"20":296,"21":296,"22":296,"23":296,"24":315,"25":315,"26":315,"27":315,"28":315,"29":315,"30":315,"31":315,"32":315,"33":315,"34":315,"35":315,"36":315,"37":315,"38":315,"39":315,"41":315},"branchMap":{"0":{"type":"branch","line":8,"loc":{"start":{"line":8,"column":0},"end":{"line":42,"column":1}},"locations":[{"start":{"line":8,"column":0},"end":{"line":42,"column":1}}]},"1":{"type":"branch","line":14,"loc":{"start":{"line":14,"column":17},"end":{"line":14,"column":29}},"locations":[{"start":{"line":14,"column":17},"end":{"line":14,"column":29}}]},"2":{"type":"branch","line":14,"loc":{"start":{"line":14,"column":26},"end":{"line":25,"column":78}},"locations":[{"start":{"line":14,"column":26},"end":{"line":25,"column":78}}]},"3":{"type":"branch","line":14,"loc":{"start":{"line":14,"column":26},"end":{"line":25,"column":38}},"locations":[{"start":{"line":14,"column":26},"end":{"line":25,"column":38}}]},"4":{"type":"branch","line":25,"loc":{"start":{"line":25,"column":17},"end":{"line":25,"column":78}},"locations":[{"start":{"line":25,"column":17},"end":{"line":25,"column":78}}]},"5":{"type":"branch","line":25,"loc":{"start":{"line":25,"column":69},"end":{"line":25,"column":93}},"locations":[{"start":{"line":25,"column":69},"end":{"line":25,"column":93}}]},"6":{"type":"branch","line":26,"loc":{"start":{"line":26,"column":27},"end":{"line":26,"column":92}},"locations":[{"start":{"line":26,"column":27},"end":{"line":26,"column":92}}]},"7":{"type":"branch","line":26,"loc":{"start":{"line":26,"column":57},"end":{"line":26,"column":92}},"locations":[{"start":{"line":26,"column":57},"end":{"line":26,"column":92}}]},"8":{"type":"branch","line":26,"loc":{"start":{"line":26,"column":81},"end":{"line":26,"column":109}},"locations":[{"start":{"line":26,"column":81},"end":{"line":26,"column":109}}]},"9":{"type":"branch","line":27,"loc":{"start":{"line":27,"column":23},"end":{"line":27,"column":96}},"locations":[{"start":{"line":27,"column":23},"end":{"line":27,"column":96}}]},"10":{"type":"branch","line":27,"loc":{"start":{"line":27,"column":81},"end":{"line":27,"column":117}},"locations":[{"start":{"line":27,"column":81},"end":{"line":27,"column":117}}]},"11":{"type":"branch","line":9,"loc":{"start":{"line":9,"column":40},"end":{"line":9,"column":97}},"locations":[{"start":{"line":9,"column":40},"end":{"line":9,"column":97}}]},"12":{"type":"branch","line":10,"loc":{"start":{"line":10,"column":39},"end":{"line":10,"column":61}},"locations":[{"start":{"line":10,"column":39},"end":{"line":10,"column":61}}]},"13":{"type":"branch","line":12,"loc":{"start":{"line":12,"column":12},"end":{"line":12,"column":28}},"locations":[{"start":{"line":12,"column":12},"end":{"line":12,"column":28}}]}},"b":{"0":[315],"1":[19],"2":[297],"3":[296],"4":[1],"5":[295],"6":[1],"7":[0],"8":[295],"9":[1],"10":[295],"11":[571],"12":[3829],"13":[264]},"fnMap":{"0":{"name":"TechnologyBadge","decl":{"start":{"line":8,"column":0},"end":{"line":42,"column":1}},"loc":{"start":{"line":8,"column":0},"end":{"line":42,"column":1}},"line":8}},"f":{"0":315}}
,"/Users/georgegilgarib/Documents/SELF-PROJECTS/RESUME/src/components/atoms/ThreeDImageSlider.tsx": {"path":"/Users/georgegilgarib/Documents/SELF-PROJECTS/RESUME/src/components/atoms/ThreeDImageSlider.tsx","all":false,"statementMap":{"0":{"start":{"line":1,"column":0},"end":{"line":1,"column":23}},"2":{"start":{"line":3,"column":0},"end":{"line":3,"column":37}},"3":{"start":{"line":4,"column":0},"end":{"line":4,"column":64}},"14":{"start":{"line":15,"column":0},"end":{"line":15,"column":94}},"15":{"start":{"line":16,"column":0},"end":{"line":16,"column":10}},"16":{"start":{"line":17,"column":0},"end":{"line":17,"column":106}},"17":{"start":{"line":18,"column":0},"end":{"line":18,"column":31}},"18":{"start":{"line":19,"column":0},"end":{"line":19,"column":43}},"19":{"start":{"line":20,"column":0},"end":{"line":20,"column":26}},"20":{"start":{"line":21,"column":0},"end":{"line":21,"column":23}},"21":{"start":{"line":22,"column":0},"end":{"line":22,"column":35}},"22":{"start":{"line":23,"column":0},"end":{"line":23,"column":31}},"23":{"start":{"line":24,"column":0},"end":{"line":24,"column":37}},"24":{"start":{"line":25,"column":0},"end":{"line":25,"column":41}},"25":{"start":{"line":26,"column":0},"end":{"line":26,"column":12}},"26":{"start":{"line":27,"column":0},"end":{"line":27,"column":11}},"27":{"start":{"line":28,"column":0},"end":{"line":28,"column":12}},"28":{"start":{"line":29,"column":0},"end":{"line":29,"column":25}},"29":{"start":{"line":30,"column":0},"end":{"line":30,"column":10}},"31":{"start":{"line":32,"column":0},"end":{"line":32,"column":1}},"33":{"start":{"line":34,"column":0},"end":{"line":34,"column":32}}},"s":{"0":1,"2":1,"3":1,"14":1,"15":9,"16":9,"17":9,"18":9,"19":17,"20":17,"21":17,"22":17,"23":17,"24":17,"25":17,"26":9,"27":9,"28":9,"29":9,"31":9,"33":1},"branchMap":{"0":{"type":"branch","line":15,"loc":{"start":{"line":15,"column":60},"end":{"line":32,"column":1}},"locations":[{"start":{"line":15,"column":60},"end":{"line":32,"column":1}}]},"1":{"type":"branch","line":17,"loc":{"start":{"line":17,"column":45},"end":{"line":17,"column":89}},"locations":[{"start":{"line":17,"column":45},"end":{"line":17,"column":89}}]},"2":{"type":"branch","line":17,"loc":{"start":{"line":17,"column":61},"end":{"line":17,"column":103}},"locations":[{"start":{"line":17,"column":61},"end":{"line":17,"column":103}}]},"3":{"type":"branch","line":19,"loc":{"start":{"line":19,"column":22},"end":{"line":26,"column":12}},"locations":[{"start":{"line":19,"column":22},"end":{"line":26,"column":12}}]}},"b":{"0":[9],"1":[5],"2":[4],"3":[17]},"fnMap":{"0":{"name":"ThreeDImageSlider","decl":{"start":{"line":15,"column":60},"end":{"line":32,"column":1}},"loc":{"start":{"line":15,"column":60},"end":{"line":32,"column":1}},"line":15}},"f":{"0":9}}
,"/Users/georgegilgarib/Documents/SELF-PROJECTS/RESUME/src/components/atoms/ToggleProjectsViewButton.tsx": {"path":"/Users/georgegilgarib/Documents/SELF-PROJECTS/RESUME/src/components/atoms/ToggleProjectsViewButton.tsx","all":false,"statementMap":{"0":{"start":{"line":1,"column":0},"end":{"line":1,"column":25}},"11":{"start":{"line":12,"column":0},"end":{"line":12,"column":101}},"12":{"start":{"line":13,"column":0},"end":{"line":13,"column":32}},"14":{"start":{"line":15,"column":0},"end":{"line":15,"column":10}},"15":{"start":{"line":16,"column":0},"end":{"line":16,"column":12}},"16":{"start":{"line":17,"column":0},"end":{"line":17,"column":114}},"18":{"start":{"line":19,"column":0},"end":{"line":19,"column":36}},"19":{"start":{"line":20,"column":0},"end":{"line":20,"column":26}},"20":{"start":{"line":21,"column":0},"end":{"line":21,"column":68}},"22":{"start":{"line":23,"column":0},"end":{"line":23,"column":65}},"24":{"start":{"line":25,"column":0},"end":{"line":25,"column":19}},"25":{"start":{"line":26,"column":0},"end":{"line":26,"column":14}},"27":{"start":{"line":28,"column":0},"end":{"line":28,"column":1}}},"s":{"0":1,"11":10,"12":10,"14":10,"15":10,"16":10,"18":10,"19":10,"20":5,"22":5,"24":10,"25":10,"27":10},"branchMap":{"0":{"type":"branch","line":12,"loc":{"start":{"line":12,"column":0},"end":{"line":28,"column":1}},"locations":[{"start":{"line":12,"column":0},"end":{"line":28,"column":1}}]},"1":{"type":"branch","line":17,"loc":{"start":{"line":17,"column":13},"end":{"line":17,"column":73}},"locations":[{"start":{"line":17,"column":13},"end":{"line":17,"column":73}}]},"2":{"type":"branch","line":17,"loc":{"start":{"line":17,"column":69},"end":{"line":17,"column":114}},"locations":[{"start":{"line":17,"column":69},"end":{"line":17,"column":114}}]},"3":{"type":"branch","line":20,"loc":{"start":{"line":20,"column":9},"end":{"line":21,"column":68}},"locations":[{"start":{"line":20,"column":9},"end":{"line":21,"column":68}}]},"4":{"type":"branch","line":21,"loc":{"start":{"line":21,"column":66},"end":{"line":23,"column":65}},"locations":[{"start":{"line":21,"column":66},"end":{"line":23,"column":65}}]}},"b":{"0":[10],"1":[5],"2":[5],"3":[5],"4":[5]},"fnMap":{"0":{"name":"ToggleProjectsViewButton","decl":{"start":{"line":12,"column":0},"end":{"line":28,"column":1}},"loc":{"start":{"line":12,"column":0},"end":{"line":28,"column":1}},"line":12}},"f":{"0":10}}
,"/Users/georgegilgarib/Documents/SELF-PROJECTS/RESUME/src/components/atoms/ToolIcon.tsx": {"path":"/Users/georgegilgarib/Documents/SELF-PROJECTS/RESUME/src/components/atoms/ToolIcon.tsx","all":false,"statementMap":{"0":{"start":{"line":1,"column":0},"end":{"line":1,"column":25}},"3":{"start":{"line":4,"column":0},"end":{"line":4,"column":92}},"4":{"start":{"line":5,"column":0},"end":{"line":5,"column":62}},"6":{"start":{"line":7,"column":0},"end":{"line":7,"column":29}},"8":{"start":{"line":9,"column":0},"end":{"line":9,"column":43}},"9":{"start":{"line":10,"column":0},"end":{"line":10,"column":14}},"10":{"start":{"line":11,"column":0},"end":{"line":11,"column":14}},"11":{"start":{"line":12,"column":0},"end":{"line":12,"column":14}},"12":{"start":{"line":13,"column":0},"end":{"line":13,"column":14}},"13":{"start":{"line":14,"column":0},"end":{"line":14,"column":14}},"14":{"start":{"line":15,"column":0},"end":{"line":15,"column":16}},"15":{"start":{"line":16,"column":0},"end":{"line":16,"column":17}},"16":{"start":{"line":17,"column":0},"end":{"line":17,"column":17}},"17":{"start":{"line":18,"column":0},"end":{"line":18,"column":17}},"18":{"start":{"line":19,"column":0},"end":{"line":19,"column":3}},"20":{"start":{"line":21,"column":0},"end":{"line":21,"column":28}},"21":{"start":{"line":22,"column":0},"end":{"line":22,"column":98}},"23":{"start":{"line":24,"column":0},"end":{"line":24,"column":59}},"25":{"start":{"line":26,"column":0},"end":{"line":26,"column":1}}},"s":{"0":1,"3":360,"4":360,"6":360,"8":348,"9":348,"10":348,"11":348,"12":348,"13":348,"14":348,"15":348,"16":348,"17":348,"18":348,"20":348,"21":15,"23":333,"25":360},"branchMap":{"0":{"type":"branch","line":4,"loc":{"start":{"line":4,"column":0},"end":{"line":26,"column":1}},"locations":[{"start":{"line":4,"column":0},"end":{"line":26,"column":1}}]},"1":{"type":"branch","line":7,"loc":{"start":{"line":7,"column":17},"end":{"line":7,"column":29}},"locations":[{"start":{"line":7,"column":17},"end":{"line":7,"column":29}}]},"2":{"type":"branch","line":7,"loc":{"start":{"line":7,"column":26},"end":{"line":22,"column":98}},"locations":[{"start":{"line":7,"column":26},"end":{"line":22,"column":98}}]},"3":{"type":"branch","line":7,"loc":{"start":{"line":7,"column":26},"end":{"line":21,"column":28}},"locations":[{"start":{"line":7,"column":26},"end":{"line":21,"column":28}}]},"4":{"type":"branch","line":21,"loc":{"start":{"line":21,"column":18},"end":{"line":22,"column":98}},"locations":[{"start":{"line":21,"column":18},"end":{"line":22,"column":98}}]},"5":{"type":"branch","line":22,"loc":{"start":{"line":22,"column":96},"end":{"line":24,"column":59}},"locations":[{"start":{"line":22,"column":96},"end":{"line":24,"column":59}}]},"6":{"type":"branch","line":5,"loc":{"start":{"line":5,"column":39},"end":{"line":5,"column":61}},"locations":[{"start":{"line":5,"column":39},"end":{"line":5,"column":61}}]}},"b":{"0":[360],"1":[12],"2":[351],"3":[348],"4":[15],"5":[333],"6":[3995]},"fnMap":{"0":{"name":"ToolIcon","decl":{"start":{"line":4,"column":0},"end":{"line":26,"column":1}},"loc":{"start":{"line":4,"column":0},"end":{"line":26,"column":1}},"line":4}},"f":{"0":360}}
[...]
,"/Users/georgegilgarib/Documents/SELF-PROJECTS/RESUME/src/utils/carouselScript.ts": {"path":"/Users/georgegilgarib/Documents/SELF-PROJECTS/RESUME/src/utils/carouselScript.ts","all":false,"statementMap":{"0":{"start":{"line":1,"column":0},"end":{"line":1,"column":37}},"1":{"start":{"line":2,"column":0},"end":{"line":2,"column":23}},"2":{"start":{"line":3,"column":0},"end":{"line":3,"column":26}},"3":{"start":{"line":4,"column":0},"end":{"line":4,"column":27}},"4":{"start":{"line":5,"column":0},"end":{"line":5,"column":25}},"5":{"start":{"line":6,"column":0},"end":{"line":6,"column":26}},"6":{"start":{"line":7,"column":0},"end":{"line":7,"column":9}},"7":{"start":{"line":8,"column":0},"end":{"line":8,"column":72}},"8":{"start":{"line":9,"column":0},"end":{"line":9,"column":72}},"11":{"start":{"line":12,"column":0},"end":{"line":12,"column":25}},"12":{"start":{"line":13,"column":0},"end":{"line":13,"column":39}},"13":{"start":{"line":14,"column":0},"end":{"line":14,"column":10}},"14":{"start":{"line":15,"column":0},"end":{"line":15,"column":3}},"16":{"start":{"line":17,"column":0},"end":{"line":17,"column":84}},"17":{"start":{"line":18,"column":0},"end":{"line":18,"column":86}},"18":{"start":{"line":19,"column":0},"end":{"line":19,"column":74}},"21":{"start":{"line":22,"column":0},"end":{"line":22,"column":27}},"22":{"start":{"line":23,"column":0},"end":{"line":23,"column":24}},"23":{"start":{"line":24,"column":0},"end":{"line":24,"column":26}},"24":{"start":{"line":25,"column":0},"end":{"line":25,"column":27}},"25":{"start":{"line":26,"column":0},"end":{"line":26,"column":29}},"28":{"start":{"line":29,"column":0},"end":{"line":29,"column":35}},"29":{"start":{"line":30,"column":0},"end":{"line":30,"column":37}},"31":{"start":{"line":32,"column":0},"end":{"line":32,"column":65}},"32":{"start":{"line":33,"column":0},"end":{"line":33,"column":15}},"33":{"start":{"line":34,"column":0},"end":{"line":34,"column":43}},"34":{"start":{"line":35,"column":0},"end":{"line":35,"column":44}},"35":{"start":{"line":36,"column":0},"end":{"line":36,"column":3}},"38":{"start":{"line":39,"column":0},"end":{"line":39,"column":41}},"39":{"start":{"line":40,"column":0},"end":{"line":40,"column":94}},"40":{"start":{"line":41,"column":0},"end":{"line":41,"column":45}},"41":{"start":{"line":42,"column":0},"end":{"line":42,"column":63}},"42":{"start":{"line":43,"column":0},"end":{"line":43,"column":3}},"44":{"start":{"line":45,"column":0},"end":{"line":45,"column":12}},"45":{"start":{"line":46,"column":0},"end":{"line":46,"column":13}},"46":{"start":{"line":47,"column":0},"end":{"line":47,"column":14}},"47":{"start":{"line":48,"column":0},"end":{"line":48,"column":14}},"49":{"start":{"line":50,"column":0},"end":{"line":50,"column":70}},"51":{"start":{"line":52,"column":0},"end":{"line":52,"column":35}},"52":{"start":{"line":53,"column":0},"end":{"line":53,"column":26}},"53":{"start":{"line":54,"column":0},"end":{"line":54,"column":22}},"54":{"start":{"line":55,"column":0},"end":{"line":55,"column":66}},"55":{"start":{"line":56,"column":0},"end":{"line":56,"column":3}},"58":{"start":{"line":59,"column":0},"end":{"line":59,"column":19}},"59":{"start":{"line":60,"column":0},"end":{"line":60,"column":114}},"60":{"start":{"line":61,"column":0},"end":{"line":61,"column":3}},"63":{"start":{"line":64,"column":0},"end":{"line":64,"column":62}},"64":{"start":{"line":65,"column":0},"end":{"line":65,"column":42}},"65":{"start":{"line":66,"column":0},"end":{"line":66,"column":49}},"67":{"start":{"line":68,"column":0},"end":{"line":68,"column":24}},"68":{"start":{"line":69,"column":0},"end":{"line":69,"column":24}},"70":{"start":{"line":71,"column":0},"end":{"line":71,"column":57}},"71":{"start":{"line":72,"column":0},"end":{"line":72,"column":26}},"72":{"start":{"line":73,"column":0},"end":{"line":73,"column":26}},"73":{"start":{"line":74,"column":0},"end":{"line":74,"column":20}},"74":{"start":{"line":75,"column":0},"end":{"line":75,"column":20}},"75":{"start":{"line":76,"column":0},"end":{"line":76,"column":23}},"76":{"start":{"line":77,"column":0},"end":{"line":77,"column":23}},"77":{"start":{"line":78,"column":0},"end":{"line":78,"column":22}},"78":{"start":{"line":79,"column":0},"end":{"line":79,"column":5}},"80":{"start":{"line":81,"column":0},"end":{"line":81,"column":40}},"81":{"start":{"line":82,"column":0},"end":{"line":82,"column":39}},"82":{"start":{"line":83,"column":0},"end":{"line":83,"column":20}},"83":{"start":{"line":84,"column":0},"end":{"line":84,"column":20}},"84":{"start":{"line":85,"column":0},"end":{"line":85,"column":25}},"85":{"start":{"line":86,"column":0},"end":{"line":86,"column":25}},"86":{"start":{"line":87,"column":0},"end":{"line":87,"column":24}},"87":{"start":{"line":88,"column":0},"end":{"line":88,"column":59}},"88":{"start":{"line":89,"column":0},"end":{"line":89,"column":48}},"89":{"start":{"line":90,"column":0},"end":{"line":90,"column":55}},"90":{"start":{"line":91,"column":0},"end":{"line":91,"column":9}},"91":{"start":{"line":92,"column":0},"end":{"line":92,"column":12}},"94":{"start":{"line":95,"column":0},"end":{"line":95,"column":30}},"96":{"start":{"line":97,"column":0},"end":{"line":97,"column":58}},"97":{"start":{"line":98,"column":0},"end":{"line":98,"column":5}},"99":{"start":{"line":100,"column":0},"end":{"line":100,"column":16}},"100":{"start":{"line":101,"column":0},"end":{"line":101,"column":3}},"101":{"start":{"line":102,"column":0},"end":{"line":102,"column":1}}},"s":{"0":4,"1":4,"2":4,"3":4,"4":4,"5":4,"6":4,"7":4,"8":4,"11":4,"12":0,"13":0,"14":0,"16":4,"17":4,"18":4,"21":4,"22":4,"23":4,"24":4,"25":4,"28":4,"29":4,"31":4,"32":4,"33":4,"34":4,"35":4,"38":4,"39":6,"40":6,"41":6,"42":6,"44":4,"45":4,"46":4,"47":4,"49":4,"51":4,"52":0,"53":0,"54":0,"55":0,"58":4,"59":4,"60":4,"63":4,"64":0,"65":0,"67":0,"68":0,"70":0,"71":0,"72":0,"73":0,"74":0,"75":0,"76":0,"77":0,"78":0,"80":0,"81":0,"82":0,"83":0,"84":0,"85":0,"86":0,"87":0,"88":0,"89":0,"90":0,"91":0,"94":0,"96":0,"97":0,"99":0,"100":0,"101":4},"branchMap":{"0":{"type":"branch","line":1,"loc":{"start":{"line":1,"column":0},"end":{"line":102,"column":1}},"locations":[{"start":{"line":1,"column":0},"end":{"line":102,"column":1}}]},"1":{"type":"branch","line":12,"loc":{"start":{"line":12,"column":24},"end":{"line":15,"column":3}},"locations":[{"start":{"line":12,"column":24},"end":{"line":15,"column":3}}]},"2":{"type":"branch","line":39,"loc":{"start":{"line":39,"column":40},"end":{"line":43,"column":3}},"locations":[{"start":{"line":39,"column":40},"end":{"line":43,"column":3}}]},"3":{"type":"branch","line":60,"loc":{"start":{"line":60,"column":45},"end":{"line":60,"column":58}},"locations":[{"start":{"line":60,"column":45},"end":{"line":60,"column":58}}]}},"b":{"0":[4],"1":[0],"2":[6],"3":[0]},"fnMap":{"0":{"name":"initCarousel","decl":{"start":{"line":1,"column":0},"end":{"line":102,"column":1}},"loc":{"start":{"line":1,"column":0},"end":{"line":102,"column":1}},"line":1},"1":{"name":"applyTransform","decl":{"start":{"line":52,"column":2},"end":{"line":56,"column":3}},"loc":{"start":{"line":52,"column":2},"end":{"line":56,"column":3}},"line":52},"2":{"name":"document.onpointerdown","decl":{"start":{"line":64,"column":27},"end":{"line":101,"column":3}},"loc":{"start":{"line":64,"column":27},"end":{"line":101,"column":3}},"line":64}},"f":{"0":4,"1":0,"2":0}}
,"/Users/georgegilgarib/Documents/SELF-PROJECTS/RESUME/src/utils/centerModalInViewPort.ts": {"path":"/Users/georgegilgarib/Documents/SELF-PROJECTS/RESUME/src/utils/centerModalInViewPort.ts","all":false,"statementMap":{"0":{"start":{"line":1,"column":0},"end":{"line":1,"column":62}},"1":{"start":{"line":2,"column":0},"end":{"line":2,"column":41}},"2":{"start":{"line":3,"column":0},"end":{"line":3,"column":43}},"3":{"start":{"line":4,"column":0},"end":{"line":4,"column":87}},"4":{"start":{"line":5,"column":0},"end":{"line":5,"column":25}},"6":{"start":{"line":7,"column":0},"end":{"line":7,"column":47}},"7":{"start":{"line":8,"column":0},"end":{"line":8,"column":48}},"9":{"start":{"line":10,"column":0},"end":{"line":10,"column":22}},"10":{"start":{"line":11,"column":0},"end":{"line":11,"column":1}}},"s":{"0":1,"1":2,"2":2,"3":2,"4":2,"6":2,"7":2,"9":2,"10":2},"branchMap":{"0":{"type":"branch","line":1,"loc":{"start":{"line":1,"column":37},"end":{"line":11,"column":1}},"locations":[{"start":{"line":1,"column":37},"end":{"line":11,"column":1}}]},"1":{"type":"branch","line":4,"loc":{"start":{"line":4,"column":21},"end":{"line":4,"column":53}},"locations":[{"start":{"line":4,"column":21},"end":{"line":4,"column":53}}]},"2":{"type":"branch","line":4,"loc":{"start":{"line":4,"column":48},"end":{"line":4,"column":87}},"locations":[{"start":{"line":4,"column":48},"end":{"line":4,"column":87}}]}},"b":{"0":[2],"1":[1],"2":[1]},"fnMap":{"0":{"name":"centerModalInViewport","decl":{"start":{"line":1,"column":37},"end":{"line":11,"column":1}},"loc":{"start":{"line":1,"column":37},"end":{"line":11,"column":1}},"line":1}},"f":{"0":2}}
,"/Users/georgegilgarib/Documents/SELF-PROJECTS/RESUME/src/utils/classMerge.ts": {"path":"/Users/georgegilgarib/Documents/SELF-PROJECTS/RESUME/src/utils/classMerge.ts","all":false,"statementMap":{"0":{"start":{"line":1,"column":0},"end":{"line":1,"column":39}},"3":{"start":{"line":4,"column":0},"end":{"line":4,"column":45}},"4":{"start":{"line":5,"column":0},"end":{"line":5,"column":30}},"5":{"start":{"line":6,"column":0},"end":{"line":6,"column":1}}},"s":{"0":1,"3":1,"4":156,"5":156},"branchMap":{"0":{"type":"branch","line":4,"loc":{"start":{"line":4,"column":7},"end":{"line":6,"column":1}},"locations":[{"start":{"line":4,"column":7},"end":{"line":6,"column":1}}]}},"b":{"0":[156]},"fnMap":{"0":{"name":"cm","decl":{"start":{"line":4,"column":7},"end":{"line":6,"column":1}},"loc":{"start":{"line":4,"column":7},"end":{"line":6,"column":1}},"line":4}},"f":{"0":156}}
,"/Users/georgegilgarib/Documents/SELF-PROJECTS/RESUME/src/utils/setTheme.ts": {"path":"/Users/georgegilgarib/Documents/SELF-PROJECTS/RESUME/src/utils/setTheme.ts","all":false,"statementMap":{"0":{"start":{"line":1,"column":0},"end":{"line":1,"column":49}},"1":{"start":{"line":2,"column":0},"end":{"line":2,"column":15}},"2":{"start":{"line":3,"column":0},"end":{"line":3,"column":50}},"3":{"start":{"line":4,"column":0},"end":{"line":4,"column":10}},"4":{"start":{"line":5,"column":0},"end":{"line":5,"column":53}},"5":{"start":{"line":6,"column":0},"end":{"line":6,"column":3}},"6":{"start":{"line":7,"column":0},"end":{"line":7,"column":1}},"8":{"start":{"line":9,"column":0},"end":{"line":9,"column":40}},"9":{"start":{"line":10,"column":0},"end":{"line":10,"column":60}},"10":{"start":{"line":11,"column":0},"end":{"line":11,"column":1}}},"s":{"0":1,"1":4,"2":2,"3":2,"4":2,"5":2,"6":4,"8":1,"9":0,"10":0},"branchMap":{"0":{"type":"branch","line":1,"loc":{"start":{"line":1,"column":7},"end":{"line":7,"column":1}},"locations":[{"start":{"line":1,"column":7},"end":{"line":7,"column":1}}]},"1":{"type":"branch","line":2,"loc":{"start":{"line":2,"column":14},"end":{"line":6,"column":3}},"locations":[{"start":{"line":2,"column":14},"end":{"line":6,"column":3}}]}},"b":{"0":[4],"1":[2]},"fnMap":{"0":{"name":"setTheme","decl":{"start":{"line":1,"column":7},"end":{"line":7,"column":1}},"loc":{"start":{"line":1,"column":7},"end":{"line":7,"column":1}},"line":1},"1":{"name":"isDarkTheme","decl":{"start":{"line":9,"column":7},"end":{"line":11,"column":1}},"loc":{"start":{"line":9,"column":7},"end":{"line":11,"column":1}},"line":9}},"f":{"0":4,"1":0}}
,"/Users/georgegilgarib/Documents/SELF-PROJECTS/RESUME/src/utils/__tests__/centerModalInViewPort.spec.ts": {"path":"/Users/georgegilgarib/Documents/SELF-PROJECTS/RESUME/src/utils/__tests__/centerModalInViewPort.spec.ts","all":false,"statementMap":{"0":{"start":{"line":1,"column":0},"end":{"line":1,"column":69}},"1":{"start":{"line":2,"column":0},"end":{"line":2,"column":45}},"3":{"start":{"line":4,"column":0},"end":{"line":4,"column":41}},"4":{"start":{"line":5,"column":0},"end":{"line":5,"column":55}},"5":{"start":{"line":6,"column":0},"end":{"line":6,"column":28}},"6":{"start":{"line":7,"column":0},"end":{"line":7,"column":28}},"8":{"start":{"line":9,"column":0},"end":{"line":9,"column":49}},"9":{"start":{"line":10,"column":0},"end":{"line":10,"column":53}},"10":{"start":{"line":11,"column":0},"end":{"line":11,"column":4}},"12":{"start":{"line":13,"column":0},"end":{"line":13,"column":54}},"13":{"start":{"line":14,"column":0},"end":{"line":14,"column":27}},"14":{"start":{"line":15,"column":0},"end":{"line":15,"column":29}},"16":{"start":{"line":17,"column":0},"end":{"line":17,"column":48}},"17":{"start":{"line":18,"column":0},"end":{"line":18,"column":52}},"18":{"start":{"line":19,"column":0},"end":{"line":19,"column":4}},"19":{"start":{"line":20,"column":0},"end":{"line":20,"column":2}}},"s":{"0":1,"1":1,"3":1,"4":1,"5":1,"6":1,"8":1,"9":1,"10":1,"12":1,"13":1,"14":1,"16":1,"17":1,"18":1,"19":1},"branchMap":{"0":{"type":"branch","line":4,"loc":{"start":{"line":4,"column":34},"end":{"line":20,"column":2}},"locations":[{"start":{"line":4,"column":34},"end":{"line":20,"column":2}}]},"1":{"type":"branch","line":5,"loc":{"start":{"line":5,"column":48},"end":{"line":11,"column":3}},"locations":[{"start":{"line":5,"column":48},"end":{"line":11,"column":3}}]},"2":{"type":"branch","line":13,"loc":{"start":{"line":13,"column":47},"end":{"line":19,"column":3}},"locations":[{"start":{"line":13,"column":47},"end":{"line":19,"column":3}}]}},"b":{"0":[1],"1":[1],"2":[1]},"fnMap":{},"f":{}}
,"/Users/georgegilgarib/Documents/SELF-PROJECTS/RESUME/src/utils/__tests__/classMerge.spec.ts": {"path":"/Users/georgegilgarib/Documents/SELF-PROJECTS/RESUME/src/utils/__tests__/classMerge.spec.ts","all":false,"statementMap":{"0":{"start":{"line":1,"column":0},"end":{"line":1,"column":45}},"1":{"start":{"line":2,"column":0},"end":{"line":2,"column":39}},"3":{"start":{"line":4,"column":0},"end":{"line":4,"column":31}},"4":{"start":{"line":5,"column":0},"end":{"line":5,"column":48}},"5":{"start":{"line":6,"column":0},"end":{"line":6,"column":56}},"6":{"start":{"line":7,"column":0},"end":{"line":7,"column":4}},"8":{"start":{"line":9,"column":0},"end":{"line":9,"column":42}},"9":{"start":{"line":10,"column":0},"end":{"line":10,"column":80}},"10":{"start":{"line":11,"column":0},"end":{"line":11,"column":4}},"12":{"start":{"line":13,"column":0},"end":{"line":13,"column":55}},"13":{"start":{"line":14,"column":0},"end":{"line":14,"column":62}},"14":{"start":{"line":15,"column":0},"end":{"line":15,"column":4}},"16":{"start":{"line":17,"column":0},"end":{"line":17,"column":44}},"17":{"start":{"line":18,"column":0},"end":{"line":18,"column":25}},"18":{"start":{"line":19,"column":0},"end":{"line":19,"column":4}},"19":{"start":{"line":20,"column":0},"end":{"line":20,"column":2}}},"s":{"0":1,"1":1,"3":1,"4":1,"5":1,"6":1,"8":1,"9":1,"10":1,"12":1,"13":1,"14":1,"16":1,"17":1,"18":1,"19":1},"branchMap":{"0":{"type":"branch","line":4,"loc":{"start":{"line":4,"column":24},"end":{"line":20,"column":2}},"locations":[{"start":{"line":4,"column":24},"end":{"line":20,"column":2}}]},"1":{"type":"branch","line":5,"loc":{"start":{"line":5,"column":41},"end":{"line":7,"column":3}},"locations":[{"start":{"line":5,"column":41},"end":{"line":7,"column":3}}]},"2":{"type":"branch","line":9,"loc":{"start":{"line":9,"column":35},"end":{"line":11,"column":3}},"locations":[{"start":{"line":9,"column":35},"end":{"line":11,"column":3}}]},"3":{"type":"branch","line":13,"loc":{"start":{"line":13,"column":48},"end":{"line":15,"column":3}},"locations":[{"start":{"line":13,"column":48},"end":{"line":15,"column":3}}]},"4":{"type":"branch","line":17,"loc":{"start":{"line":17,"column":37},"end":{"line":19,"column":3}},"locations":[{"start":{"line":17,"column":37},"end":{"line":19,"column":3}}]}},"b":{"0":[1],"1":[1],"2":[1],"3":[1],"4":[1]},"fnMap":{},"f":{}}
,"/Users/georgegilgarib/Documents/SELF-PROJECTS/RESUME/src/utils/__tests__/setTheme.spec.ts": {"path":"/Users/georgegilgarib/Documents/SELF-PROJECTS/RESUME/src/utils/__tests__/setTheme.spec.ts","all":false,"statementMap":{"0":{"start":{"line":1,"column":0},"end":{"line":1,"column":57}},"1":{"start":{"line":2,"column":0},"end":{"line":2,"column":43}},"3":{"start":{"line":4,"column":0},"end":{"line":4,"column":28}},"4":{"start":{"line":5,"column":0},"end":{"line":5,"column":20}},"5":{"start":{"line":6,"column":0},"end":{"line":6,"column":53}},"6":{"start":{"line":7,"column":0},"end":{"line":7,"column":4}},"8":{"start":{"line":9,"column":0},"end":{"line":9,"column":59}},"9":{"start":{"line":10,"column":0},"end":{"line":10,"column":18}},"10":{"start":{"line":11,"column":0},"end":{"line":11,"column":74}},"11":{"start":{"line":12,"column":0},"end":{"line":12,"column":4}},"13":{"start":{"line":14,"column":0},"end":{"line":14,"column":63}},"14":{"start":{"line":15,"column":0},"end":{"line":15,"column":50}},"16":{"start":{"line":17,"column":0},"end":{"line":17,"column":19}},"17":{"start":{"line":18,"column":0},"end":{"line":18,"column":75}},"18":{"start":{"line":19,"column":0},"end":{"line":19,"column":4}},"19":{"start":{"line":20,"column":0},"end":{"line":20,"column":2}}},"s":{"0":1,"1":1,"3":1,"4":1,"5":2,"6":1,"8":1,"9":1,"10":1,"11":1,"13":1,"14":1,"16":1,"17":1,"18":1,"19":1},"branchMap":{"0":{"type":"branch","line":4,"loc":{"start":{"line":4,"column":21},"end":{"line":20,"column":2}},"locations":[{"start":{"line":4,"column":21},"end":{"line":20,"column":2}}]},"1":{"type":"branch","line":5,"loc":{"start":{"line":5,"column":13},"end":{"line":7,"column":3}},"locations":[{"start":{"line":5,"column":13},"end":{"line":7,"column":3}}]},"2":{"type":"branch","line":9,"loc":{"start":{"line":9,"column":52},"end":{"line":12,"column":3}},"locations":[{"start":{"line":9,"column":52},"end":{"line":12,"column":3}}]},"3":{"type":"branch","line":14,"loc":{"start":{"line":14,"column":56},"end":{"line":19,"column":3}},"locations":[{"start":{"line":14,"column":56},"end":{"line":19,"column":3}}]}},"b":{"0":[1],"1":[2],"2":[1],"3":[1]},"fnMap":{},"f":{}}
}
