{"total": {"lines":{"total":3523,"covered":3035,"skipped":0,"pct":86.14},"statements":{"total":3523,"covered":3035,"skipped":0,"pct":86.14},"functions":{"total":117,"covered":89,"skipped":0,"pct":76.06},"branches":{"total":361,"covered":338,"skipped":0,"pct":93.62},"branchesTrue":{"total":0,"covered":0,"skipped":0,"pct":100}}
,"/Users/georgegilgarib/Documents/SELF-PROJECTS/RESUME/src/AppTestProvider/AppTestProvider.tsx": {"lines":{"total":19,"covered":19,"skipped":0,"pct":100},"functions":{"total":1,"covered":1,"skipped":0,"pct":100},"statements":{"total":19,"covered":19,"skipped":0,"pct":100},"branches":{"total":1,"covered":1,"skipped":0,"pct":100}}
,"/Users/georgegilgarib/Documents/SELF-PROJECTS/RESUME/src/app/layout/NavBar.tsx": {"lines":{"total":109,"covered":70,"skipped":0,"pct":64.22},"functions":{"total":5,"covered":4,"skipped":0,"pct":80},"statements":{"total":109,"covered":70,"skipped":0,"pct":64.22},"branches":{"total":12,"covered":7,"skipped":0,"pct":58.33}}
,"/Users/georgegilgarib/Documents/SELF-PROJECTS/RESUME/src/app/layout/navbarTypes.ts": {"lines":{"total":4,"covered":4,"skipped":0,"pct":100},"functions":{"total":0,"covered":0,"skipped":0,"pct":100},"statements":{"total":4,"covered":4,"skipped":0,"pct":100},"branches":{"total":1,"covered":1,"skipped":0,"pct":100}}
,"/Users/georgegilgarib/Documents/SELF-PROJECTS/RESUME/src/app/layout/__tests__/NavBar.spec.tsx": {"lines":{"total":16,"covered":16,"skipped":0,"pct":100},"functions":{"total":1,"covered":1,"skipped":0,"pct":100},"statements":{"total":16,"covered":16,"skipped":0,"pct":100},"branches":{"total":3,"covered":3,"skipped":0,"pct":100}}
,"/Users/georgegilgarib/Documents/SELF-PROJECTS/RESUME/src/app/pages/Dashboard.tsx": {"lines":{"total":36,"covered":36,"skipped":0,"pct":100},"functions":{"total":1,"covered":1,"skipped":0,"pct":100},"statements":{"total":36,"covered":36,"skipped":0,"pct":100},"branches":{"total":2,"covered":2,"skipped":0,"pct":100}}
,"/Users/georgegilgarib/Documents/SELF-PROJECTS/RESUME/src/app/pages/__tests__/Dashboard.spec.tsx": {"lines":{"total":16,"covered":16,"skipped":0,"pct":100},"functions":{"total":1,"covered":1,"skipped":0,"pct":100},"statements":{"total":16,"covered":16,"skipped":0,"pct":100},"branches":{"total":3,"covered":3,"skipped":0,"pct":100}}
,"/Users/georgegilgarib/Documents/SELF-PROJECTS/RESUME/src/components/atoms/CardBody.tsx": {"lines":{"total":15,"covered":15,"skipped":0,"pct":100},"functions":{"total":1,"covered":1,"skipped":0,"pct":100},"statements":{"total":15,"covered":15,"skipped":0,"pct":100},"branches":{"total":1,"covered":1,"skipped":0,"pct":100}}
,"/Users/georgegilgarib/Documents/SELF-PROJECTS/RESUME/src/components/atoms/CardContainer.tsx": {"lines":{"total":48,"covered":41,"skipped":0,"pct":85.41},"functions":{"total":4,"covered":2,"skipped":0,"pct":50},"statements":{"total":48,"covered":41,"skipped":0,"pct":85.41},"branches":{"total":3,"covered":2,"skipped":0,"pct":66.66}}
,"/Users/georgegilgarib/Documents/SELF-PROJECTS/RESUME/src/components/atoms/DarkModeSwitch.tsx": {"lines":{"total":36,"covered":36,"skipped":0,"pct":100},"functions":{"total":1,"covered":1,"skipped":0,"pct":100},"statements":{"total":36,"covered":36,"skipped":0,"pct":100},"branches":{"total":1,"covered":1,"skipped":0,"pct":100}}
,"/Users/georgegilgarib/Documents/SELF-PROJECTS/RESUME/src/components/atoms/DevLink.tsx": {"lines":{"total":27,"covered":27,"skipped":0,"pct":100},"functions":{"total":2,"covered":2,"skipped":0,"pct":100},"statements":{"total":27,"covered":27,"skipped":0,"pct":100},"branches":{"total":8,"covered":8,"skipped":0,"pct":100}}
,"/Users/georgegilgarib/Documents/SELF-PROJECTS/RESUME/src/components/atoms/LanguageSwitcher.tsx": {"lines":{"total":65,"covered":65,"skipped":0,"pct":100},"functions":{"total":4,"covered":3,"skipped":0,"pct":75},"statements":{"total":65,"covered":65,"skipped":0,"pct":100},"branches":{"total":7,"covered":6,"skipped":0,"pct":85.71}}
,"/Users/georgegilgarib/Documents/SELF-PROJECTS/RESUME/src/components/atoms/MeLink.tsx.tsx": {"lines":{"total":30,"covered":30,"skipped":0,"pct":100},"functions":{"total":2,"covered":2,"skipped":0,"pct":100},"statements":{"total":30,"covered":30,"skipped":0,"pct":100},"branches":{"total":8,"covered":8,"skipped":0,"pct":100}}
,"/Users/georgegilgarib/Documents/SELF-PROJECTS/RESUME/src/components/atoms/MouseEnterContext.tsx": {"lines":{"total":17,"covered":17,"skipped":0,"pct":100},"functions":{"total":2,"covered":2,"skipped":0,"pct":100},"statements":{"total":17,"covered":17,"skipped":0,"pct":100},"branches":{"total":4,"covered":4,"skipped":0,"pct":100}}
,"/Users/georgegilgarib/Documents/SELF-PROJECTS/RESUME/src/components/atoms/MusicLink.tsx": {"lines":{"total":27,"covered":27,"skipped":0,"pct":100},"functions":{"total":2,"covered":2,"skipped":0,"pct":100},"statements":{"total":27,"covered":27,"skipped":0,"pct":100},"branches":{"total":6,"covered":6,"skipped":0,"pct":100}}
,"/Users/georgegilgarib/Documents/SELF-PROJECTS/RESUME/src/components/atoms/ProjectInfo.tsx": {"lines":{"total":43,"covered":8,"skipped":0,"pct":18.6},"functions":{"total":1,"covered":0,"skipped":0,"pct":0},"statements":{"total":43,"covered":8,"skipped":0,"pct":18.6},"branches":{"total":0,"covered":0,"skipped":0,"pct":100}}
,"/Users/georgegilgarib/Documents/SELF-PROJECTS/RESUME/src/components/atoms/TechnologyBadge.tsx": {"lines":{"total":33,"covered":1,"skipped":0,"pct":3.03},"functions":{"total":1,"covered":0,"skipped":0,"pct":0},"statements":{"total":33,"covered":1,"skipped":0,"pct":3.03},"branches":{"total":0,"covered":0,"skipped":0,"pct":100}}
,"/Users/georgegilgarib/Documents/SELF-PROJECTS/RESUME/src/components/atoms/ThreeDImageSlider.tsx": {"lines":{"total":27,"covered":5,"skipped":0,"pct":18.51},"functions":{"total":1,"covered":0,"skipped":0,"pct":0},"statements":{"total":27,"covered":5,"skipped":0,"pct":18.51},"branches":{"total":0,"covered":0,"skipped":0,"pct":100}}
,"/Users/georgegilgarib/Documents/SELF-PROJECTS/RESUME/src/components/atoms/ToggleProjectsViewButton.tsx": {"lines":{"total":13,"covered":6,"skipped":0,"pct":46.15},"functions":{"total":1,"covered":0,"skipped":0,"pct":0},"statements":{"total":13,"covered":6,"skipped":0,"pct":46.15},"branches":{"total":0,"covered":0,"skipped":0,"pct":100}}
,"/Users/georgegilgarib/Documents/SELF-PROJECTS/RESUME/src/components/atoms/ToolIcon.tsx": {"lines":{"total":19,"covered":19,"skipped":0,"pct":100},"functions":{"total":1,"covered":1,"skipped":0,"pct":100},"statements":{"total":19,"covered":19,"skipped":0,"pct":100},"branches":{"total":5,"covered":4,"skipped":0,"pct":80}}
,"/Users/georgegilgarib/Documents/SELF-PROJECTS/RESUME/src/components/atoms/__tests__/CardBody.spec.tsx": {"lines":{"total":13,"covered":13,"skipped":0,"pct":100},"functions":{"total":0,"covered":0,"skipped":0,"pct":100},"statements":{"total":13,"covered":13,"skipped":0,"pct":100},"branches":{"total":2,"covered":2,"skipped":0,"pct":100}}
,"/Users/georgegilgarib/Documents/SELF-PROJECTS/RESUME/src/components/atoms/__tests__/CardContainer.spec.tsx": {"lines":{"total":37,"covered":37,"skipped":0,"pct":100},"functions":{"total":2,"covered":2,"skipped":0,"pct":100},"statements":{"total":37,"covered":37,"skipped":0,"pct":100},"branches":{"total":5,"covered":5,"skipped":0,"pct":100}}
,"/Users/georgegilgarib/Documents/SELF-PROJECTS/RESUME/src/components/atoms/__tests__/DarkModeSwitch.spec.tsx": {"lines":{"total":57,"covered":57,"skipped":0,"pct":100},"functions":{"total":7,"covered":0,"skipped":0,"pct":0},"statements":{"total":57,"covered":57,"skipped":0,"pct":100},"branches":{"total":9,"covered":9,"skipped":0,"pct":100}}
,"/Users/georgegilgarib/Documents/SELF-PROJECTS/RESUME/src/components/atoms/__tests__/DevLink.spec.tsx": {"lines":{"total":38,"covered":38,"skipped":0,"pct":100},"functions":{"total":1,"covered":1,"skipped":0,"pct":100},"statements":{"total":38,"covered":38,"skipped":0,"pct":100},"branches":{"total":6,"covered":6,"skipped":0,"pct":100}}
,"/Users/georgegilgarib/Documents/SELF-PROJECTS/RESUME/src/components/atoms/__tests__/LanguageSwitcher.spec.tsx": {"lines":{"total":31,"covered":31,"skipped":0,"pct":100},"functions":{"total":1,"covered":1,"skipped":0,"pct":100},"statements":{"total":31,"covered":31,"skipped":0,"pct":100},"branches":{"total":5,"covered":5,"skipped":0,"pct":100}}
,"/Users/georgegilgarib/Documents/SELF-PROJECTS/RESUME/src/components/atoms/__tests__/MeLink.spec.tsx": {"lines":{"total":38,"covered":38,"skipped":0,"pct":100},"functions":{"total":1,"covered":1,"skipped":0,"pct":100},"statements":{"total":38,"covered":38,"skipped":0,"pct":100},"branches":{"total":6,"covered":6,"skipped":0,"pct":100}}
,"/Users/georgegilgarib/Documents/SELF-PROJECTS/RESUME/src/components/atoms/__tests__/MouseEnterContext.spec.tsx": {"lines":{"total":42,"covered":42,"skipped":0,"pct":100},"functions":{"total":4,"covered":4,"skipped":0,"pct":100},"statements":{"total":42,"covered":42,"skipped":0,"pct":100},"branches":{"total":11,"covered":11,"skipped":0,"pct":100}}
,"/Users/georgegilgarib/Documents/SELF-PROJECTS/RESUME/src/components/atoms/__tests__/MusicLink.spec.tsx": {"lines":{"total":38,"covered":38,"skipped":0,"pct":100},"functions":{"total":1,"covered":1,"skipped":0,"pct":100},"statements":{"total":38,"covered":38,"skipped":0,"pct":100},"branches":{"total":6,"covered":6,"skipped":0,"pct":100}}
,"/Users/georgegilgarib/Documents/SELF-PROJECTS/RESUME/src/components/molecules/Card.tsx": {"lines":{"total":9,"covered":9,"skipped":0,"pct":100},"functions":{"total":1,"covered":1,"skipped":0,"pct":100},"statements":{"total":9,"covered":9,"skipped":0,"pct":100},"branches":{"total":1,"covered":1,"skipped":0,"pct":100}}
,"/Users/georgegilgarib/Documents/SELF-PROJECTS/RESUME/src/components/molecules/ClickableTooltip.tsx": {"lines":{"total":48,"covered":2,"skipped":0,"pct":4.16},"functions":{"total":1,"covered":0,"skipped":0,"pct":0},"statements":{"total":48,"covered":2,"skipped":0,"pct":4.16},"branches":{"total":0,"covered":0,"skipped":0,"pct":100}}
,"/Users/georgegilgarib/Documents/SELF-PROJECTS/RESUME/src/components/molecules/CustomTooltip.tsx": {"lines":{"total":27,"covered":0,"skipped":0,"pct":0},"functions":{"total":1,"covered":0,"skipped":0,"pct":0},"statements":{"total":27,"covered":0,"skipped":0,"pct":0},"branches":{"total":1,"covered":0,"skipped":0,"pct":0}}
,"/Users/georgegilgarib/Documents/SELF-PROJECTS/RESUME/src/components/molecules/DevTemplatesOption.tsx": {"lines":{"total":81,"covered":11,"skipped":0,"pct":13.58},"functions":{"total":1,"covered":0,"skipped":0,"pct":0},"statements":{"total":81,"covered":11,"skipped":0,"pct":13.58},"branches":{"total":0,"covered":0,"skipped":0,"pct":100}}
,"/Users/georgegilgarib/Documents/SELF-PROJECTS/RESUME/src/components/molecules/DevTemplatesPreModal.tsx": {"lines":{"total":27,"covered":27,"skipped":0,"pct":100},"functions":{"total":1,"covered":1,"skipped":0,"pct":100},"statements":{"total":27,"covered":27,"skipped":0,"pct":100},"branches":{"total":1,"covered":1,"skipped":0,"pct":100}}
,"/Users/georgegilgarib/Documents/SELF-PROJECTS/RESUME/src/components/molecules/ListOfDesktopProjectsPreModal.tsx": {"lines":{"total":46,"covered":43,"skipped":0,"pct":93.47},"functions":{"total":2,"covered":2,"skipped":0,"pct":100},"statements":{"total":46,"covered":43,"skipped":0,"pct":93.47},"branches":{"total":5,"covered":4,"skipped":0,"pct":80}}
,"/Users/georgegilgarib/Documents/SELF-PROJECTS/RESUME/src/components/molecules/ListOfMobileProjectsPreModal.tsx": {"lines":{"total":38,"covered":38,"skipped":0,"pct":100},"functions":{"total":2,"covered":2,"skipped":0,"pct":100},"statements":{"total":38,"covered":38,"skipped":0,"pct":100},"branches":{"total":3,"covered":3,"skipped":0,"pct":100}}
,"/Users/georgegilgarib/Documents/SELF-PROJECTS/RESUME/src/components/molecules/ListOfProjectsThreeDSlider.tsx": {"lines":{"total":78,"covered":15,"skipped":0,"pct":19.23},"functions":{"total":1,"covered":0,"skipped":0,"pct":0},"statements":{"total":78,"covered":15,"skipped":0,"pct":19.23},"branches":{"total":0,"covered":0,"skipped":0,"pct":100}}
,"/Users/georgegilgarib/Documents/SELF-PROJECTS/RESUME/src/components/molecules/Modal.tsx": {"lines":{"total":83,"covered":81,"skipped":0,"pct":97.59},"functions":{"total":5,"covered":5,"skipped":0,"pct":100},"statements":{"total":83,"covered":81,"skipped":0,"pct":97.59},"branches":{"total":14,"covered":13,"skipped":0,"pct":92.85}}
,"/Users/georgegilgarib/Documents/SELF-PROJECTS/RESUME/src/components/molecules/TemplatesCarousels.tsx": {"lines":{"total":46,"covered":46,"skipped":0,"pct":100},"functions":{"total":1,"covered":1,"skipped":0,"pct":100},"statements":{"total":46,"covered":46,"skipped":0,"pct":100},"branches":{"total":8,"covered":8,"skipped":0,"pct":100}}
,"/Users/georgegilgarib/Documents/SELF-PROJECTS/RESUME/src/components/molecules/ThemeSwitcher.tsx": {"lines":{"total":19,"covered":19,"skipped":0,"pct":100},"functions":{"total":2,"covered":2,"skipped":0,"pct":100},"statements":{"total":19,"covered":19,"skipped":0,"pct":100},"branches":{"total":7,"covered":7,"skipped":0,"pct":100}}
,"/Users/georgegilgarib/Documents/SELF-PROJECTS/RESUME/src/components/molecules/__tests__/Card.spec.tsx": {"lines":{"total":14,"covered":14,"skipped":0,"pct":100},"functions":{"total":0,"covered":0,"skipped":0,"pct":100},"statements":{"total":14,"covered":14,"skipped":0,"pct":100},"branches":{"total":3,"covered":3,"skipped":0,"pct":100}}
,"/Users/georgegilgarib/Documents/SELF-PROJECTS/RESUME/src/components/molecules/__tests__/Modal.spec.tsx": {"lines":{"total":73,"covered":73,"skipped":0,"pct":100},"functions":{"total":0,"covered":0,"skipped":0,"pct":100},"statements":{"total":73,"covered":73,"skipped":0,"pct":100},"branches":{"total":9,"covered":9,"skipped":0,"pct":100}}
,"/Users/georgegilgarib/Documents/SELF-PROJECTS/RESUME/src/components/molecules/__tests__/ThemeSwitcher.spec.tsx": {"lines":{"total":34,"covered":34,"skipped":0,"pct":100},"functions":{"total":0,"covered":0,"skipped":0,"pct":100},"statements":{"total":34,"covered":34,"skipped":0,"pct":100},"branches":{"total":5,"covered":5,"skipped":0,"pct":100}}
,"/Users/georgegilgarib/Documents/SELF-PROJECTS/RESUME/src/components/organisms/Box.tsx": {"lines":{"total":16,"covered":16,"skipped":0,"pct":100},"functions":{"total":1,"covered":1,"skipped":0,"pct":100},"statements":{"total":16,"covered":16,"skipped":0,"pct":100},"branches":{"total":3,"covered":3,"skipped":0,"pct":100}}
,"/Users/georgegilgarib/Documents/SELF-PROJECTS/RESUME/src/components/organisms/DashboardImageContainer.tsx": {"lines":{"total":46,"covered":45,"skipped":0,"pct":97.82},"functions":{"total":1,"covered":1,"skipped":0,"pct":100},"statements":{"total":46,"covered":45,"skipped":0,"pct":97.82},"branches":{"total":7,"covered":5,"skipped":0,"pct":71.42}}
,"/Users/georgegilgarib/Documents/SELF-PROJECTS/RESUME/src/components/organisms/DevTemplatesModal.tsx": {"lines":{"total":40,"covered":40,"skipped":0,"pct":100},"functions":{"total":1,"covered":1,"skipped":0,"pct":100},"statements":{"total":40,"covered":40,"skipped":0,"pct":100},"branches":{"total":2,"covered":2,"skipped":0,"pct":100}}
,"/Users/georgegilgarib/Documents/SELF-PROJECTS/RESUME/src/components/organisms/ExampleComponent.tsx": {"lines":{"total":9,"covered":9,"skipped":0,"pct":100},"functions":{"total":1,"covered":1,"skipped":0,"pct":100},"statements":{"total":9,"covered":9,"skipped":0,"pct":100},"branches":{"total":1,"covered":1,"skipped":0,"pct":100}}
,"/Users/georgegilgarib/Documents/SELF-PROJECTS/RESUME/src/components/organisms/Jokes.tsx": {"lines":{"total":45,"covered":45,"skipped":0,"pct":100},"functions":{"total":2,"covered":2,"skipped":0,"pct":100},"statements":{"total":45,"covered":45,"skipped":0,"pct":100},"branches":{"total":9,"covered":9,"skipped":0,"pct":100}}
,"/Users/georgegilgarib/Documents/SELF-PROJECTS/RESUME/src/components/organisms/LatestSong.tsx": {"lines":{"total":54,"covered":54,"skipped":0,"pct":100},"functions":{"total":3,"covered":1,"skipped":0,"pct":33.33},"statements":{"total":54,"covered":54,"skipped":0,"pct":100},"branches":{"total":7,"covered":6,"skipped":0,"pct":85.71}}
,"/Users/georgegilgarib/Documents/SELF-PROJECTS/RESUME/src/components/organisms/ListOfDesktopProjectsModal.tsx": {"lines":{"total":52,"covered":52,"skipped":0,"pct":100},"functions":{"total":1,"covered":1,"skipped":0,"pct":100},"statements":{"total":52,"covered":52,"skipped":0,"pct":100},"branches":{"total":1,"covered":1,"skipped":0,"pct":100}}
,"/Users/georgegilgarib/Documents/SELF-PROJECTS/RESUME/src/components/organisms/ListOfMobileProjectsModal.tsx": {"lines":{"total":46,"covered":46,"skipped":0,"pct":100},"functions":{"total":1,"covered":1,"skipped":0,"pct":100},"statements":{"total":46,"covered":46,"skipped":0,"pct":100},"branches":{"total":1,"covered":1,"skipped":0,"pct":100}}
,"/Users/georgegilgarib/Documents/SELF-PROJECTS/RESUME/src/components/organisms/ListOfWebPagesModal.tsx": {"lines":{"total":16,"covered":4,"skipped":0,"pct":25},"functions":{"total":2,"covered":0,"skipped":0,"pct":0},"statements":{"total":16,"covered":4,"skipped":0,"pct":25},"branches":{"total":0,"covered":0,"skipped":0,"pct":100}}
,"/Users/georgegilgarib/Documents/SELF-PROJECTS/RESUME/src/components/organisms/NavBarDropdownMenu.tsx": {"lines":{"total":27,"covered":25,"skipped":0,"pct":92.59},"functions":{"total":3,"covered":2,"skipped":0,"pct":66.66},"statements":{"total":27,"covered":25,"skipped":0,"pct":92.59},"branches":{"total":2,"covered":2,"skipped":0,"pct":100}}
,"/Users/georgegilgarib/Documents/SELF-PROJECTS/RESUME/src/components/organisms/Presentation.tsx": {"lines":{"total":13,"covered":13,"skipped":0,"pct":100},"functions":{"total":1,"covered":1,"skipped":0,"pct":100},"statements":{"total":13,"covered":13,"skipped":0,"pct":100},"branches":{"total":1,"covered":1,"skipped":0,"pct":100}}
,"/Users/georgegilgarib/Documents/SELF-PROJECTS/RESUME/src/components/organisms/SeeResume.tsx": {"lines":{"total":31,"covered":31,"skipped":0,"pct":100},"functions":{"total":1,"covered":1,"skipped":0,"pct":100},"statements":{"total":31,"covered":31,"skipped":0,"pct":100},"branches":{"total":8,"covered":7,"skipped":0,"pct":87.5}}
,"/Users/georgegilgarib/Documents/SELF-PROJECTS/RESUME/src/components/organisms/SpotifyPlaylist.tsx": {"lines":{"total":27,"covered":27,"skipped":0,"pct":100},"functions":{"total":1,"covered":1,"skipped":0,"pct":100},"statements":{"total":27,"covered":27,"skipped":0,"pct":100},"branches":{"total":3,"covered":3,"skipped":0,"pct":100}}
,"/Users/georgegilgarib/Documents/SELF-PROJECTS/RESUME/src/components/organisms/YoutubeVideo.tsx": {"lines":{"total":70,"covered":59,"skipped":0,"pct":84.28},"functions":{"total":3,"covered":1,"skipped":0,"pct":33.33},"statements":{"total":70,"covered":59,"skipped":0,"pct":84.28},"branches":{"total":10,"covered":6,"skipped":0,"pct":60}}
,"/Users/georgegilgarib/Documents/SELF-PROJECTS/RESUME/src/components/organisms/__tests__/Box.spec.tsx": {"lines":{"total":18,"covered":18,"skipped":0,"pct":100},"functions":{"total":0,"covered":0,"skipped":0,"pct":100},"statements":{"total":18,"covered":18,"skipped":0,"pct":100},"branches":{"total":2,"covered":2,"skipped":0,"pct":100}}
,"/Users/georgegilgarib/Documents/SELF-PROJECTS/RESUME/src/components/organisms/__tests__/ExcampleComponent.spec.tsx": {"lines":{"total":9,"covered":9,"skipped":0,"pct":100},"functions":{"total":0,"covered":0,"skipped":0,"pct":100},"statements":{"total":9,"covered":9,"skipped":0,"pct":100},"branches":{"total":2,"covered":2,"skipped":0,"pct":100}}
,"/Users/georgegilgarib/Documents/SELF-PROJECTS/RESUME/src/components/organisms/__tests__/Jokes.spec.tsx": {"lines":{"total":48,"covered":48,"skipped":0,"pct":100},"functions":{"total":1,"covered":1,"skipped":0,"pct":100},"statements":{"total":48,"covered":48,"skipped":0,"pct":100},"branches":{"total":9,"covered":9,"skipped":0,"pct":100}}
,"/Users/georgegilgarib/Documents/SELF-PROJECTS/RESUME/src/components/organisms/__tests__/LatestSong.spec.tsx": {"lines":{"total":30,"covered":30,"skipped":0,"pct":100},"functions":{"total":1,"covered":1,"skipped":0,"pct":100},"statements":{"total":30,"covered":30,"skipped":0,"pct":100},"branches":{"total":7,"covered":7,"skipped":0,"pct":100}}
,"/Users/georgegilgarib/Documents/SELF-PROJECTS/RESUME/src/components/organisms/__tests__/ListOfProjectsModal.spec.tsx": {"lines":{"total":9,"covered":9,"skipped":0,"pct":100},"functions":{"total":0,"covered":0,"skipped":0,"pct":100},"statements":{"total":9,"covered":9,"skipped":0,"pct":100},"branches":{"total":2,"covered":2,"skipped":0,"pct":100}}
,"/Users/georgegilgarib/Documents/SELF-PROJECTS/RESUME/src/components/organisms/__tests__/NavBarDropDownMenu.spec.tsx": {"lines":{"total":38,"covered":38,"skipped":0,"pct":100},"functions":{"total":1,"covered":1,"skipped":0,"pct":100},"statements":{"total":38,"covered":38,"skipped":0,"pct":100},"branches":{"total":5,"covered":5,"skipped":0,"pct":100}}
,"/Users/georgegilgarib/Documents/SELF-PROJECTS/RESUME/src/components/organisms/__tests__/Presentation.spec.tsx": {"lines":{"total":16,"covered":16,"skipped":0,"pct":100},"functions":{"total":1,"covered":1,"skipped":0,"pct":100},"statements":{"total":16,"covered":16,"skipped":0,"pct":100},"branches":{"total":3,"covered":3,"skipped":0,"pct":100}}
,"/Users/georgegilgarib/Documents/SELF-PROJECTS/RESUME/src/components/organisms/__tests__/SeeResume.spec.tsx": {"lines":{"total":31,"covered":31,"skipped":0,"pct":100},"functions":{"total":1,"covered":1,"skipped":0,"pct":100},"statements":{"total":31,"covered":31,"skipped":0,"pct":100},"branches":{"total":4,"covered":4,"skipped":0,"pct":100}}
,"/Users/georgegilgarib/Documents/SELF-PROJECTS/RESUME/src/components/organisms/__tests__/SpotifyPlaylist.spec.tsx": {"lines":{"total":34,"covered":34,"skipped":0,"pct":100},"functions":{"total":1,"covered":1,"skipped":0,"pct":100},"statements":{"total":34,"covered":34,"skipped":0,"pct":100},"branches":{"total":4,"covered":4,"skipped":0,"pct":100}}
,"/Users/georgegilgarib/Documents/SELF-PROJECTS/RESUME/src/components/organisms/__tests__/YoutubeVideo.spec.tsx": {"lines":{"total":38,"covered":38,"skipped":0,"pct":100},"functions":{"total":2,"covered":2,"skipped":0,"pct":100},"statements":{"total":38,"covered":38,"skipped":0,"pct":100},"branches":{"total":7,"covered":7,"skipped":0,"pct":100}}
,"/Users/georgegilgarib/Documents/SELF-PROJECTS/RESUME/src/components/sections/CenterSection.tsx": {"lines":{"total":45,"covered":45,"skipped":0,"pct":100},"functions":{"total":1,"covered":1,"skipped":0,"pct":100},"statements":{"total":45,"covered":45,"skipped":0,"pct":100},"branches":{"total":4,"covered":3,"skipped":0,"pct":75}}
,"/Users/georgegilgarib/Documents/SELF-PROJECTS/RESUME/src/components/sections/LeftSection.tsx": {"lines":{"total":106,"covered":106,"skipped":0,"pct":100},"functions":{"total":1,"covered":1,"skipped":0,"pct":100},"statements":{"total":106,"covered":106,"skipped":0,"pct":100},"branches":{"total":4,"covered":3,"skipped":0,"pct":75}}
,"/Users/georgegilgarib/Documents/SELF-PROJECTS/RESUME/src/components/sections/RightSection.tsx": {"lines":{"total":46,"covered":46,"skipped":0,"pct":100},"functions":{"total":1,"covered":1,"skipped":0,"pct":100},"statements":{"total":46,"covered":46,"skipped":0,"pct":100},"branches":{"total":4,"covered":3,"skipped":0,"pct":75}}
,"/Users/georgegilgarib/Documents/SELF-PROJECTS/RESUME/src/components/sections/__tests__/CenterSection.spec.tsx": {"lines":{"total":16,"covered":16,"skipped":0,"pct":100},"functions":{"total":1,"covered":1,"skipped":0,"pct":100},"statements":{"total":16,"covered":16,"skipped":0,"pct":100},"branches":{"total":3,"covered":3,"skipped":0,"pct":100}}
,"/Users/georgegilgarib/Documents/SELF-PROJECTS/RESUME/src/components/sections/__tests__/LeftSection.spec.tsx": {"lines":{"total":16,"covered":16,"skipped":0,"pct":100},"functions":{"total":1,"covered":1,"skipped":0,"pct":100},"statements":{"total":16,"covered":16,"skipped":0,"pct":100},"branches":{"total":3,"covered":3,"skipped":0,"pct":100}}
,"/Users/georgegilgarib/Documents/SELF-PROJECTS/RESUME/src/components/sections/__tests__/RightSection.spec.tsx": {"lines":{"total":16,"covered":16,"skipped":0,"pct":100},"functions":{"total":1,"covered":1,"skipped":0,"pct":100},"statements":{"total":16,"covered":16,"skipped":0,"pct":100},"branches":{"total":3,"covered":3,"skipped":0,"pct":100}}
,"/Users/georgegilgarib/Documents/SELF-PROJECTS/RESUME/src/constants/ToolsIconsList.ts": {"lines":{"total":275,"covered":275,"skipped":0,"pct":100},"functions":{"total":0,"covered":0,"skipped":0,"pct":100},"statements":{"total":275,"covered":275,"skipped":0,"pct":100},"branches":{"total":1,"covered":1,"skipped":0,"pct":100}}
,"/Users/georgegilgarib/Documents/SELF-PROJECTS/RESUME/src/constants/projects.ts": {"lines":{"total":109,"covered":109,"skipped":0,"pct":100},"functions":{"total":0,"covered":0,"skipped":0,"pct":100},"statements":{"total":109,"covered":109,"skipped":0,"pct":100},"branches":{"total":0,"covered":0,"skipped":0,"pct":100}}
,"/Users/georgegilgarib/Documents/SELF-PROJECTS/RESUME/src/constants/templates.ts": {"lines":{"total":97,"covered":97,"skipped":0,"pct":100},"functions":{"total":0,"covered":0,"skipped":0,"pct":100},"statements":{"total":97,"covered":97,"skipped":0,"pct":100},"branches":{"total":0,"covered":0,"skipped":0,"pct":100}}
,"/Users/georgegilgarib/Documents/SELF-PROJECTS/RESUME/src/hooks/useInfiniteScroll.ts": {"lines":{"total":31,"covered":0,"skipped":0,"pct":0},"functions":{"total":1,"covered":0,"skipped":0,"pct":0},"statements":{"total":31,"covered":0,"skipped":0,"pct":0},"branches":{"total":1,"covered":0,"skipped":0,"pct":0}}
,"/Users/georgegilgarib/Documents/SELF-PROJECTS/RESUME/src/hooks/useIsMobile.ts": {"lines":{"total":14,"covered":14,"skipped":0,"pct":100},"functions":{"total":2,"covered":2,"skipped":0,"pct":100},"statements":{"total":14,"covered":14,"skipped":0,"pct":100},"branches":{"total":4,"covered":4,"skipped":0,"pct":100}}
,"/Users/georgegilgarib/Documents/SELF-PROJECTS/RESUME/src/hooks/useLanguage.ts": {"lines":{"total":14,"covered":14,"skipped":0,"pct":100},"functions":{"total":3,"covered":3,"skipped":0,"pct":100},"statements":{"total":14,"covered":14,"skipped":0,"pct":100},"branches":{"total":5,"covered":5,"skipped":0,"pct":100}}
,"/Users/georgegilgarib/Documents/SELF-PROJECTS/RESUME/src/hooks/__tests__/useIsMobile.spec.tsx": {"lines":{"total":32,"covered":32,"skipped":0,"pct":100},"functions":{"total":1,"covered":1,"skipped":0,"pct":100},"statements":{"total":32,"covered":32,"skipped":0,"pct":100},"branches":{"total":8,"covered":8,"skipped":0,"pct":100}}
,"/Users/georgegilgarib/Documents/SELF-PROJECTS/RESUME/src/hooks/__tests__/useLanguage.spec.ts": {"lines":{"total":37,"covered":37,"skipped":0,"pct":100},"functions":{"total":0,"covered":0,"skipped":0,"pct":100},"statements":{"total":37,"covered":37,"skipped":0,"pct":100},"branches":{"total":12,"covered":12,"skipped":0,"pct":100}}
,"/Users/georgegilgarib/Documents/SELF-PROJECTS/RESUME/src/locales/en.local.ts": {"lines":{"total":55,"covered":55,"skipped":0,"pct":100},"functions":{"total":0,"covered":0,"skipped":0,"pct":100},"statements":{"total":55,"covered":55,"skipped":0,"pct":100},"branches":{"total":0,"covered":0,"skipped":0,"pct":100}}
,"/Users/georgegilgarib/Documents/SELF-PROJECTS/RESUME/src/locales/es.local.ts": {"lines":{"total":55,"covered":55,"skipped":0,"pct":100},"functions":{"total":0,"covered":0,"skipped":0,"pct":100},"statements":{"total":55,"covered":55,"skipped":0,"pct":100},"branches":{"total":0,"covered":0,"skipped":0,"pct":100}}
,"/Users/georgegilgarib/Documents/SELF-PROJECTS/RESUME/src/locales/i18n.config.ts": {"lines":{"total":13,"covered":13,"skipped":0,"pct":100},"functions":{"total":1,"covered":1,"skipped":0,"pct":100},"statements":{"total":13,"covered":13,"skipped":0,"pct":100},"branches":{"total":1,"covered":1,"skipped":0,"pct":100}}
,"/Users/georgegilgarib/Documents/SELF-PROJECTS/RESUME/src/locales/languages.ts": {"lines":{"total":13,"covered":13,"skipped":0,"pct":100},"functions":{"total":0,"covered":0,"skipped":0,"pct":100},"statements":{"total":13,"covered":13,"skipped":0,"pct":100},"branches":{"total":0,"covered":0,"skipped":0,"pct":100}}
,"/Users/georgegilgarib/Documents/SELF-PROJECTS/RESUME/src/locales/__tests__/i18n.spec.ts": {"lines":{"total":13,"covered":13,"skipped":0,"pct":100},"functions":{"total":0,"covered":0,"skipped":0,"pct":100},"statements":{"total":13,"covered":13,"skipped":0,"pct":100},"branches":{"total":3,"covered":3,"skipped":0,"pct":100}}
,"/Users/georgegilgarib/Documents/SELF-PROJECTS/RESUME/src/locales/__tests__/language.spec.ts": {"lines":{"total":21,"covered":21,"skipped":0,"pct":100},"functions":{"total":0,"covered":0,"skipped":0,"pct":100},"statements":{"total":21,"covered":21,"skipped":0,"pct":100},"branches":{"total":2,"covered":2,"skipped":0,"pct":100}}
,"/Users/georgegilgarib/Documents/SELF-PROJECTS/RESUME/src/store/index.ts": {"lines":{"total":8,"covered":8,"skipped":0,"pct":100},"functions":{"total":0,"covered":0,"skipped":0,"pct":100},"statements":{"total":8,"covered":8,"skipped":0,"pct":100},"branches":{"total":0,"covered":0,"skipped":0,"pct":100}}
,"/Users/georgegilgarib/Documents/SELF-PROJECTS/RESUME/src/store/__tests__/index.spec.ts": {"lines":{"total":25,"covered":25,"skipped":0,"pct":100},"functions":{"total":0,"covered":0,"skipped":0,"pct":100},"statements":{"total":25,"covered":25,"skipped":0,"pct":100},"branches":{"total":5,"covered":5,"skipped":0,"pct":100}}
,"/Users/georgegilgarib/Documents/SELF-PROJECTS/RESUME/src/store/hash/activeHashSlice.ts": {"lines":{"total":14,"covered":14,"skipped":0,"pct":100},"functions":{"total":2,"covered":2,"skipped":0,"pct":100},"statements":{"total":14,"covered":14,"skipped":0,"pct":100},"branches":{"total":2,"covered":2,"skipped":0,"pct":100}}
,"/Users/georgegilgarib/Documents/SELF-PROJECTS/RESUME/src/store/hash/__tests__/activeHash.spec.ts": {"lines":{"total":26,"covered":26,"skipped":0,"pct":100},"functions":{"total":0,"covered":0,"skipped":0,"pct":100},"statements":{"total":26,"covered":26,"skipped":0,"pct":100},"branches":{"total":4,"covered":4,"skipped":0,"pct":100}}
,"/Users/georgegilgarib/Documents/SELF-PROJECTS/RESUME/src/utils/carouselScript.ts": {"lines":{"total":78,"covered":0,"skipped":0,"pct":0},"functions":{"total":1,"covered":0,"skipped":0,"pct":0},"statements":{"total":78,"covered":0,"skipped":0,"pct":0},"branches":{"total":0,"covered":0,"skipped":0,"pct":100}}
,"/Users/georgegilgarib/Documents/SELF-PROJECTS/RESUME/src/utils/centerModalInViewPort.ts": {"lines":{"total":9,"covered":9,"skipped":0,"pct":100},"functions":{"total":1,"covered":1,"skipped":0,"pct":100},"statements":{"total":9,"covered":9,"skipped":0,"pct":100},"branches":{"total":3,"covered":3,"skipped":0,"pct":100}}
,"/Users/georgegilgarib/Documents/SELF-PROJECTS/RESUME/src/utils/classMerge.ts": {"lines":{"total":4,"covered":4,"skipped":0,"pct":100},"functions":{"total":1,"covered":1,"skipped":0,"pct":100},"statements":{"total":4,"covered":4,"skipped":0,"pct":100},"branches":{"total":1,"covered":1,"skipped":0,"pct":100}}
,"/Users/georgegilgarib/Documents/SELF-PROJECTS/RESUME/src/utils/setTheme.ts": {"lines":{"total":7,"covered":7,"skipped":0,"pct":100},"functions":{"total":1,"covered":1,"skipped":0,"pct":100},"statements":{"total":7,"covered":7,"skipped":0,"pct":100},"branches":{"total":4,"covered":4,"skipped":0,"pct":100}}
,"/Users/georgegilgarib/Documents/SELF-PROJECTS/RESUME/src/utils/__tests__/centerModalInViewPort.spec.ts": {"lines":{"total":16,"covered":16,"skipped":0,"pct":100},"functions":{"total":0,"covered":0,"skipped":0,"pct":100},"statements":{"total":16,"covered":16,"skipped":0,"pct":100},"branches":{"total":3,"covered":3,"skipped":0,"pct":100}}
,"/Users/georgegilgarib/Documents/SELF-PROJECTS/RESUME/src/utils/__tests__/classMerge.spec.ts": {"lines":{"total":16,"covered":16,"skipped":0,"pct":100},"functions":{"total":0,"covered":0,"skipped":0,"pct":100},"statements":{"total":16,"covered":16,"skipped":0,"pct":100},"branches":{"total":5,"covered":5,"skipped":0,"pct":100}}
,"/Users/georgegilgarib/Documents/SELF-PROJECTS/RESUME/src/utils/__tests__/setTheme.spec.ts": {"lines":{"total":16,"covered":16,"skipped":0,"pct":100},"functions":{"total":0,"covered":0,"skipped":0,"pct":100},"statements":{"total":16,"covered":16,"skipped":0,"pct":100},"branches":{"total":4,"covered":4,"skipped":0,"pct":100}}
}
