{"/Users/georgegilgarib/Documents/SELF-PROJECTS/RESUME/src/AppTestProvider/AppTestProvider.tsx": {"path":"/Users/georgegilgarib/Documents/SELF-PROJECTS/RESUME/src/AppTestProvider/AppTestProvider.tsx","all":false,"statementMap":{"0":{"start":{"line":1,"column":0},"end":{"line":1,"column":25}},"1":{"start":{"line":2,"column":0},"end":{"line":2,"column":47}},"2":{"start":{"line":3,"column":0},"end":{"line":3,"column":40}},"3":{"start":{"line":4,"column":0},"end":{"line":4,"column":27}},"4":{"start":{"line":5,"column":0},"end":{"line":5,"column":38}},"5":{"start":{"line":6,"column":0},"end":{"line":6,"column":73}},"7":{"start":{"line":8,"column":0},"end":{"line":8,"column":74}},"8":{"start":{"line":9,"column":0},"end":{"line":9,"column":10}},"9":{"start":{"line":10,"column":0},"end":{"line":10,"column":33}},"10":{"start":{"line":11,"column":0},"end":{"line":11,"column":30}},"11":{"start":{"line":12,"column":0},"end":{"line":12,"column":16}},"12":{"start":{"line":13,"column":0},"end":{"line":13,"column":18}},"13":{"start":{"line":14,"column":0},"end":{"line":14,"column":49}},"14":{"start":{"line":15,"column":0},"end":{"line":15,"column":19}},"15":{"start":{"line":16,"column":0},"end":{"line":16,"column":17}},"16":{"start":{"line":17,"column":0},"end":{"line":17,"column":17}},"17":{"start":{"line":18,"column":0},"end":{"line":18,"column":22}},"19":{"start":{"line":20,"column":0},"end":{"line":20,"column":1}},"21":{"start":{"line":22,"column":0},"end":{"line":22,"column":30}}},"s":{"0":1,"1":1,"2":1,"3":1,"4":1,"5":1,"7":1,"8":31,"9":31,"10":31,"11":31,"12":31,"13":31,"14":31,"15":31,"16":31,"17":31,"19":31,"21":1},"branchMap":{"0":{"type":"branch","line":8,"loc":{"start":{"line":8,"column":24},"end":{"line":20,"column":1}},"locations":[{"start":{"line":8,"column":24},"end":{"line":20,"column":1}}]}},"b":{"0":[31]},"fnMap":{"0":{"name":"AppTestProvider","decl":{"start":{"line":8,"column":24},"end":{"line":20,"column":1}},"loc":{"start":{"line":8,"column":24},"end":{"line":20,"column":1}},"line":8}},"f":{"0":31}}
,"/Users/georgegilgarib/Documents/SELF-PROJECTS/RESUME/src/app/layout/NavBar.tsx": {"path":"/Users/georgegilgarib/Documents/SELF-PROJECTS/RESUME/src/app/layout/NavBar.tsx","all":false,"statementMap":{"0":{"start":{"line":1,"column":0},"end":{"line":1,"column":43}},"1":{"start":{"line":2,"column":0},"end":{"line":2,"column":54}},"2":{"start":{"line":3,"column":0},"end":{"line":3,"column":46}},"3":{"start":{"line":4,"column":0},"end":{"line":4,"column":60}},"4":{"start":{"line":5,"column":0},"end":{"line":5,"column":72}},"5":{"start":{"line":6,"column":0},"end":{"line":6,"column":51}},"8":{"start":{"line":9,"column":0},"end":{"line":9,"column":48}},"9":{"start":{"line":10,"column":0},"end":{"line":10,"column":50}},"10":{"start":{"line":11,"column":0},"end":{"line":11,"column":52}},"12":{"start":{"line":13,"column":0},"end":{"line":13,"column":22}},"13":{"start":{"line":14,"column":0},"end":{"line":14,"column":32}},"14":{"start":{"line":15,"column":0},"end":{"line":15,"column":32}},"15":{"start":{"line":16,"column":0},"end":{"line":16,"column":77}},"16":{"start":{"line":17,"column":0},"end":{"line":17,"column":58}},"17":{"start":{"line":18,"column":0},"end":{"line":18,"column":62}},"19":{"start":{"line":20,"column":0},"end":{"line":20,"column":46}},"20":{"start":{"line":21,"column":0},"end":{"line":21,"column":52}},"21":{"start":{"line":22,"column":0},"end":{"line":22,"column":21}},"22":{"start":{"line":23,"column":0},"end":{"line":23,"column":26}},"23":{"start":{"line":24,"column":0},"end":{"line":24,"column":57}},"24":{"start":{"line":25,"column":0},"end":{"line":25,"column":25}},"25":{"start":{"line":26,"column":0},"end":{"line":26,"column":33}},"26":{"start":{"line":27,"column":0},"end":{"line":27,"column":28}},"27":{"start":{"line":28,"column":0},"end":{"line":28,"column":103}},"28":{"start":{"line":29,"column":0},"end":{"line":29,"column":16}},"29":{"start":{"line":30,"column":0},"end":{"line":30,"column":32}},"30":{"start":{"line":31,"column":0},"end":{"line":31,"column":7}},"31":{"start":{"line":32,"column":0},"end":{"line":32,"column":5}},"33":{"start":{"line":34,"column":0},"end":{"line":34,"column":49}},"34":{"start":{"line":35,"column":0},"end":{"line":35,"column":3}},"36":{"start":{"line":37,"column":0},"end":{"line":37,"column":61}},"37":{"start":{"line":38,"column":0},"end":{"line":38,"column":61}},"38":{"start":{"line":39,"column":0},"end":{"line":39,"column":18}},"39":{"start":{"line":40,"column":0},"end":{"line":40,"column":89}},"40":{"start":{"line":41,"column":0},"end":{"line":41,"column":30}},"42":{"start":{"line":43,"column":0},"end":{"line":43,"column":23}},"43":{"start":{"line":44,"column":0},"end":{"line":44,"column":21}},"44":{"start":{"line":45,"column":0},"end":{"line":45,"column":26}},"45":{"start":{"line":46,"column":0},"end":{"line":46,"column":8}},"47":{"start":{"line":48,"column":0},"end":{"line":48,"column":17}},"48":{"start":{"line":49,"column":0},"end":{"line":49,"column":15}},"49":{"start":{"line":50,"column":0},"end":{"line":50,"column":35}},"50":{"start":{"line":51,"column":0},"end":{"line":51,"column":10}},"51":{"start":{"line":52,"column":0},"end":{"line":52,"column":24}},"52":{"start":{"line":53,"column":0},"end":{"line":53,"column":7}},"53":{"start":{"line":54,"column":0},"end":{"line":54,"column":5}},"54":{"start":{"line":55,"column":0},"end":{"line":55,"column":3}},"56":{"start":{"line":57,"column":0},"end":{"line":57,"column":19}},"57":{"start":{"line":58,"column":0},"end":{"line":58,"column":45}},"58":{"start":{"line":59,"column":0},"end":{"line":59,"column":33}},"59":{"start":{"line":60,"column":0},"end":{"line":60,"column":20}},"61":{"start":{"line":62,"column":0},"end":{"line":62,"column":26}},"62":{"start":{"line":63,"column":0},"end":{"line":63,"column":27}},"63":{"start":{"line":64,"column":0},"end":{"line":64,"column":12}},"64":{"start":{"line":65,"column":0},"end":{"line":65,"column":5}},"65":{"start":{"line":66,"column":0},"end":{"line":66,"column":48}},"67":{"start":{"line":68,"column":0},"end":{"line":68,"column":19}},"68":{"start":{"line":69,"column":0},"end":{"line":69,"column":31}},"70":{"start":{"line":71,"column":0},"end":{"line":71,"column":32}},"71":{"start":{"line":72,"column":0},"end":{"line":72,"column":36}},"72":{"start":{"line":73,"column":0},"end":{"line":73,"column":43}},"73":{"start":{"line":74,"column":0},"end":{"line":74,"column":53}},"75":{"start":{"line":76,"column":0},"end":{"line":76,"column":78}},"77":{"start":{"line":78,"column":0},"end":{"line":78,"column":34}},"78":{"start":{"line":79,"column":0},"end":{"line":79,"column":34}},"79":{"start":{"line":80,"column":0},"end":{"line":80,"column":47}},"80":{"start":{"line":81,"column":0},"end":{"line":81,"column":51}},"81":{"start":{"line":82,"column":0},"end":{"line":82,"column":41}},"82":{"start":{"line":83,"column":0},"end":{"line":83,"column":32}},"83":{"start":{"line":84,"column":0},"end":{"line":84,"column":45}},"84":{"start":{"line":85,"column":0},"end":{"line":85,"column":49}},"85":{"start":{"line":86,"column":0},"end":{"line":86,"column":14}},"86":{"start":{"line":87,"column":0},"end":{"line":87,"column":31}},"87":{"start":{"line":88,"column":0},"end":{"line":88,"column":44}},"88":{"start":{"line":89,"column":0},"end":{"line":89,"column":48}},"89":{"start":{"line":90,"column":0},"end":{"line":90,"column":7}},"90":{"start":{"line":91,"column":0},"end":{"line":91,"column":5}},"92":{"start":{"line":93,"column":0},"end":{"line":93,"column":51}},"93":{"start":{"line":94,"column":0},"end":{"line":94,"column":18}},"94":{"start":{"line":95,"column":0},"end":{"line":95,"column":56}},"95":{"start":{"line":96,"column":0},"end":{"line":96,"column":5}},"96":{"start":{"line":97,"column":0},"end":{"line":97,"column":33}},"98":{"start":{"line":99,"column":0},"end":{"line":99,"column":10}},"99":{"start":{"line":100,"column":0},"end":{"line":100,"column":125}},"100":{"start":{"line":101,"column":0},"end":{"line":101,"column":26}},"102":{"start":{"line":103,"column":0},"end":{"line":103,"column":94}},"103":{"start":{"line":104,"column":0},"end":{"line":104,"column":12}},"104":{"start":{"line":105,"column":0},"end":{"line":105,"column":176}},"105":{"start":{"line":106,"column":0},"end":{"line":106,"column":28}},"107":{"start":{"line":108,"column":0},"end":{"line":108,"column":18}},"108":{"start":{"line":109,"column":0},"end":{"line":109,"column":45}},"109":{"start":{"line":110,"column":0},"end":{"line":110,"column":51}},"110":{"start":{"line":111,"column":0},"end":{"line":111,"column":35}},"111":{"start":{"line":112,"column":0},"end":{"line":112,"column":12}},"112":{"start":{"line":113,"column":0},"end":{"line":113,"column":17}},"113":{"start":{"line":114,"column":0},"end":{"line":114,"column":45}},"114":{"start":{"line":115,"column":0},"end":{"line":115,"column":51}},"115":{"start":{"line":116,"column":0},"end":{"line":116,"column":35}},"116":{"start":{"line":117,"column":0},"end":{"line":117,"column":12}},"117":{"start":{"line":118,"column":0},"end":{"line":118,"column":20}},"118":{"start":{"line":119,"column":0},"end":{"line":119,"column":45}},"119":{"start":{"line":120,"column":0},"end":{"line":120,"column":51}},"120":{"start":{"line":121,"column":0},"end":{"line":121,"column":35}},"121":{"start":{"line":122,"column":0},"end":{"line":122,"column":12}},"122":{"start":{"line":123,"column":0},"end":{"line":123,"column":14}},"123":{"start":{"line":124,"column":0},"end":{"line":124,"column":12}},"124":{"start":{"line":125,"column":0},"end":{"line":125,"column":10}},"126":{"start":{"line":127,"column":0},"end":{"line":127,"column":1}},"128":{"start":{"line":129,"column":0},"end":{"line":129,"column":21}}},"s":{"0":1,"1":1,"2":1,"3":1,"4":1,"5":1,"8":1,"9":1,"10":1,"12":1,"13":2,"14":2,"15":2,"16":2,"17":2,"19":2,"20":1,"21":1,"22":1,"23":0,"24":1,"25":1,"26":1,"27":0,"28":1,"29":0,"30":1,"31":1,"33":1,"34":1,"36":2,"37":1,"38":1,"39":0,"40":0,"42":0,"43":0,"44":0,"45":0,"47":0,"48":0,"49":0,"50":0,"51":0,"52":0,"53":0,"54":1,"56":2,"57":1,"58":1,"59":1,"61":1,"62":1,"63":1,"64":1,"65":2,"67":2,"68":1,"70":0,"71":0,"72":0,"73":0,"75":0,"77":0,"78":0,"79":0,"80":0,"81":0,"82":0,"83":0,"84":0,"85":0,"86":0,"87":0,"88":0,"89":0,"90":0,"92":0,"93":0,"94":0,"95":0,"96":2,"98":2,"99":2,"100":2,"102":2,"103":2,"104":2,"105":2,"107":2,"108":2,"109":2,"110":2,"111":2,"112":2,"113":2,"114":2,"115":2,"116":2,"117":2,"118":2,"119":2,"120":2,"121":2,"122":2,"123":2,"124":2,"126":2,"128":1},"branchMap":{"0":{"type":"branch","line":13,"loc":{"start":{"line":13,"column":15},"end":{"line":127,"column":1}},"locations":[{"start":{"line":13,"column":15},"end":{"line":127,"column":1}}]},"1":{"type":"branch","line":16,"loc":{"start":{"line":16,"column":33},"end":{"line":16,"column":76}},"locations":[{"start":{"line":16,"column":33},"end":{"line":16,"column":76}}]},"2":{"type":"branch","line":20,"loc":{"start":{"line":20,"column":21},"end":{"line":35,"column":3}},"locations":[{"start":{"line":20,"column":21},"end":{"line":35,"column":3}}]},"3":{"type":"branch","line":21,"loc":{"start":{"line":21,"column":33},"end":{"line":32,"column":5}},"locations":[{"start":{"line":21,"column":33},"end":{"line":32,"column":5}}]},"4":{"type":"branch","line":23,"loc":{"start":{"line":23,"column":8},"end":{"line":24,"column":57}},"locations":[{"start":{"line":23,"column":8},"end":{"line":24,"column":57}}]},"5":{"type":"branch","line":27,"loc":{"start":{"line":27,"column":8},"end":{"line":28,"column":103}},"locations":[{"start":{"line":27,"column":8},"end":{"line":28,"column":103}}]},"6":{"type":"branch","line":29,"loc":{"start":{"line":29,"column":8},"end":{"line":30,"column":32}},"locations":[{"start":{"line":29,"column":8},"end":{"line":30,"column":32}}]},"7":{"type":"branch","line":37,"loc":{"start":{"line":37,"column":26},"end":{"line":55,"column":3}},"locations":[{"start":{"line":37,"column":26},"end":{"line":55,"column":3}}]},"8":{"type":"branch","line":39,"loc":{"start":{"line":39,"column":17},"end":{"line":54,"column":5}},"locations":[{"start":{"line":39,"column":17},"end":{"line":54,"column":5}}]},"9":{"type":"branch","line":57,"loc":{"start":{"line":57,"column":12},"end":{"line":66,"column":5}},"locations":[{"start":{"line":57,"column":12},"end":{"line":66,"column":5}}]},"10":{"type":"branch","line":68,"loc":{"start":{"line":68,"column":12},"end":{"line":97,"column":5}},"locations":[{"start":{"line":68,"column":12},"end":{"line":97,"column":5}}]},"11":{"type":"branch","line":69,"loc":{"start":{"line":69,"column":25},"end":{"line":96,"column":5}},"locations":[{"start":{"line":69,"column":25},"end":{"line":96,"column":5}}]}},"b":{"0":[2],"1":[3],"2":[1],"3":[1],"4":[0],"5":[0],"6":[0],"7":[1],"8":[0],"9":[1],"10":[1],"11":[0]},"fnMap":{"0":{"name":"Navbar","decl":{"start":{"line":13,"column":15},"end":{"line":127,"column":1}},"loc":{"start":{"line":13,"column":15},"end":{"line":127,"column":1}},"line":13},"1":{"name":"moveNavBar","decl":{"start":{"line":20,"column":21},"end":{"line":35,"column":3}},"loc":{"start":{"line":20,"column":21},"end":{"line":35,"column":3}},"line":20},"2":{"name":"getTranslateXForHash","decl":{"start":{"line":21,"column":33},"end":{"line":32,"column":5}},"loc":{"start":{"line":21,"column":33},"end":{"line":32,"column":5}},"line":21},"3":{"name":"scrollToSection","decl":{"start":{"line":37,"column":26},"end":{"line":55,"column":3}},"loc":{"start":{"line":37,"column":26},"end":{"line":55,"column":3}},"line":37},"4":{"name":"handleScroll","decl":{"start":{"line":71,"column":25},"end":{"line":91,"column":5}},"loc":{"start":{"line":71,"column":25},"end":{"line":91,"column":5}},"line":71}},"f":{"0":2,"1":1,"2":1,"3":1,"4":0}}
,"/Users/georgegilgarib/Documents/SELF-PROJECTS/RESUME/src/app/layout/navbarTypes.ts": {"path":"/Users/georgegilgarib/Documents/SELF-PROJECTS/RESUME/src/app/layout/navbarTypes.ts","all":false,"statementMap":{"8":{"start":{"line":9,"column":0},"end":{"line":9,"column":22}},"9":{"start":{"line":10,"column":0},"end":{"line":10,"column":15}},"10":{"start":{"line":11,"column":0},"end":{"line":11,"column":13}},"11":{"start":{"line":12,"column":0},"end":{"line":12,"column":18}}},"s":{"8":1,"9":1,"10":1,"11":1},"branchMap":{"0":{"type":"branch","line":9,"loc":{"start":{"line":9,"column":7},"end":{"line":9,"column":22}},"locations":[{"start":{"line":9,"column":7},"end":{"line":9,"column":22}}]}},"b":{"0":[17]},"fnMap":{},"f":{}}
,"/Users/georgegilgarib/Documents/SELF-PROJECTS/RESUME/src/app/layout/__tests__/NavBar.spec.tsx": {"path":"/Users/georgegilgarib/Documents/SELF-PROJECTS/RESUME/src/app/layout/__tests__/NavBar.spec.tsx","all":false,"statementMap":{"0":{"start":{"line":1,"column":0},"end":{"line":1,"column":47}},"1":{"start":{"line":2,"column":0},"end":{"line":2,"column":49}},"5":{"start":{"line":6,"column":0},"end":{"line":6,"column":28}},"11":{"start":{"line":12,"column":0},"end":{"line":12,"column":36}},"12":{"start":{"line":13,"column":0},"end":{"line":13,"column":31}},"13":{"start":{"line":14,"column":0},"end":{"line":14,"column":11}},"14":{"start":{"line":15,"column":0},"end":{"line":15,"column":23}},"15":{"start":{"line":16,"column":0},"end":{"line":16,"column":18}},"16":{"start":{"line":17,"column":0},"end":{"line":17,"column":24}},"17":{"start":{"line":18,"column":0},"end":{"line":18,"column":5}},"19":{"start":{"line":20,"column":0},"end":{"line":20,"column":44}},"20":{"start":{"line":21,"column":0},"end":{"line":21,"column":39}},"22":{"start":{"line":23,"column":0},"end":{"line":23,"column":44}},"23":{"start":{"line":24,"column":0},"end":{"line":24,"column":42}},"24":{"start":{"line":25,"column":0},"end":{"line":25,"column":4}},"25":{"start":{"line":26,"column":0},"end":{"line":26,"column":2}}},"s":{"0":1,"1":1,"5":1,"11":1,"12":1,"13":1,"14":1,"15":1,"16":1,"17":1,"19":1,"20":1,"22":1,"23":1,"24":1,"25":1},"branchMap":{"0":{"type":"branch","line":12,"loc":{"start":{"line":12,"column":29},"end":{"line":26,"column":2}},"locations":[{"start":{"line":12,"column":29},"end":{"line":26,"column":2}}]},"1":{"type":"branch","line":13,"loc":{"start":{"line":13,"column":26},"end":{"line":18,"column":5}},"locations":[{"start":{"line":13,"column":26},"end":{"line":18,"column":5}}]},"2":{"type":"branch","line":20,"loc":{"start":{"line":20,"column":37},"end":{"line":25,"column":3}},"locations":[{"start":{"line":20,"column":37},"end":{"line":25,"column":3}}]}},"b":{"0":[1],"1":[1],"2":[1]},"fnMap":{"0":{"name":"renderComponent","decl":{"start":{"line":13,"column":26},"end":{"line":18,"column":5}},"loc":{"start":{"line":13,"column":26},"end":{"line":18,"column":5}},"line":13}},"f":{"0":1}}
,"/Users/georgegilgarib/Documents/SELF-PROJECTS/RESUME/src/app/pages/Dashboard.tsx": {"path":"/Users/georgegilgarib/Documents/SELF-PROJECTS/RESUME/src/app/pages/Dashboard.tsx","all":false,"statementMap":{"0":{"start":{"line":1,"column":0},"end":{"line":1,"column":63}},"12":{"start":{"line":13,"column":0},"end":{"line":13,"column":37}},"13":{"start":{"line":14,"column":0},"end":{"line":14,"column":51}},"15":{"start":{"line":16,"column":0},"end":{"line":16,"column":19}},"16":{"start":{"line":17,"column":0},"end":{"line":17,"column":62}},"17":{"start":{"line":18,"column":0},"end":{"line":18,"column":20}},"18":{"start":{"line":19,"column":0},"end":{"line":19,"column":29}},"19":{"start":{"line":20,"column":0},"end":{"line":20,"column":8}},"21":{"start":{"line":22,"column":0},"end":{"line":22,"column":10}},"22":{"start":{"line":23,"column":0},"end":{"line":23,"column":76}},"23":{"start":{"line":24,"column":0},"end":{"line":24,"column":56}},"24":{"start":{"line":25,"column":0},"end":{"line":25,"column":61}},"25":{"start":{"line":26,"column":0},"end":{"line":26,"column":49}},"26":{"start":{"line":27,"column":0},"end":{"line":27,"column":14}},"27":{"start":{"line":28,"column":0},"end":{"line":28,"column":60}},"28":{"start":{"line":29,"column":0},"end":{"line":29,"column":48}},"29":{"start":{"line":30,"column":0},"end":{"line":30,"column":14}},"30":{"start":{"line":31,"column":0},"end":{"line":31,"column":63}},"31":{"start":{"line":32,"column":0},"end":{"line":32,"column":51}},"32":{"start":{"line":33,"column":0},"end":{"line":33,"column":14}},"37":{"start":{"line":38,"column":0},"end":{"line":38,"column":12}},"39":{"start":{"line":40,"column":0},"end":{"line":40,"column":69}},"40":{"start":{"line":41,"column":0},"end":{"line":41,"column":30}},"41":{"start":{"line":42,"column":0},"end":{"line":42,"column":47}},"42":{"start":{"line":43,"column":0},"end":{"line":43,"column":27}},"43":{"start":{"line":44,"column":0},"end":{"line":44,"column":16}},"44":{"start":{"line":45,"column":0},"end":{"line":45,"column":46}},"45":{"start":{"line":46,"column":0},"end":{"line":46,"column":29}},"46":{"start":{"line":47,"column":0},"end":{"line":47,"column":16}},"47":{"start":{"line":48,"column":0},"end":{"line":48,"column":38}},"48":{"start":{"line":49,"column":0},"end":{"line":49,"column":28}},"49":{"start":{"line":50,"column":0},"end":{"line":50,"column":16}},"50":{"start":{"line":51,"column":0},"end":{"line":51,"column":14}},"51":{"start":{"line":52,"column":0},"end":{"line":52,"column":12}},"52":{"start":{"line":53,"column":0},"end":{"line":53,"column":10}},"54":{"start":{"line":55,"column":0},"end":{"line":55,"column":1}}},"s":{"0":1,"12":2,"13":2,"15":2,"16":1,"17":1,"18":1,"19":2,"21":2,"22":2,"23":2,"24":2,"25":2,"26":2,"27":2,"28":2,"29":2,"30":2,"31":2,"32":2,"37":2,"39":2,"40":2,"41":2,"42":2,"43":2,"44":2,"45":2,"46":2,"47":2,"48":2,"49":2,"50":2,"51":2,"52":2,"54":2},"branchMap":{"0":{"type":"branch","line":13,"loc":{"start":{"line":13,"column":0},"end":{"line":55,"column":1}},"locations":[{"start":{"line":13,"column":0},"end":{"line":55,"column":1}}]},"1":{"type":"branch","line":16,"loc":{"start":{"line":16,"column":12},"end":{"line":20,"column":5}},"locations":[{"start":{"line":16,"column":12},"end":{"line":20,"column":5}}]}},"b":{"0":[2],"1":[1]},"fnMap":{"0":{"name":"Dashboard","decl":{"start":{"line":13,"column":0},"end":{"line":55,"column":1}},"loc":{"start":{"line":13,"column":0},"end":{"line":55,"column":1}},"line":13}},"f":{"0":2}}
,"/Users/georgegilgarib/Documents/SELF-PROJECTS/RESUME/src/app/pages/__tests__/Dashboard.spec.tsx": {"path":"/Users/georgegilgarib/Documents/SELF-PROJECTS/RESUME/src/app/pages/__tests__/Dashboard.spec.tsx","all":false,"statementMap":{"0":{"start":{"line":1,"column":0},"end":{"line":1,"column":47}},"1":{"start":{"line":2,"column":0},"end":{"line":2,"column":49}},"5":{"start":{"line":6,"column":0},"end":{"line":6,"column":28}},"11":{"start":{"line":12,"column":0},"end":{"line":12,"column":39}},"12":{"start":{"line":13,"column":0},"end":{"line":13,"column":31}},"13":{"start":{"line":14,"column":0},"end":{"line":14,"column":11}},"14":{"start":{"line":15,"column":0},"end":{"line":15,"column":23}},"15":{"start":{"line":16,"column":0},"end":{"line":16,"column":21}},"16":{"start":{"line":17,"column":0},"end":{"line":17,"column":24}},"17":{"start":{"line":18,"column":0},"end":{"line":18,"column":5}},"19":{"start":{"line":20,"column":0},"end":{"line":20,"column":44}},"20":{"start":{"line":21,"column":0},"end":{"line":21,"column":39}},"22":{"start":{"line":23,"column":0},"end":{"line":23,"column":44}},"23":{"start":{"line":24,"column":0},"end":{"line":24,"column":42}},"24":{"start":{"line":25,"column":0},"end":{"line":25,"column":4}},"25":{"start":{"line":26,"column":0},"end":{"line":26,"column":2}}},"s":{"0":1,"1":1,"5":1,"11":1,"12":1,"13":1,"14":1,"15":1,"16":1,"17":1,"19":1,"20":1,"22":1,"23":1,"24":1,"25":1},"branchMap":{"0":{"type":"branch","line":12,"loc":{"start":{"line":12,"column":32},"end":{"line":26,"column":2}},"locations":[{"start":{"line":12,"column":32},"end":{"line":26,"column":2}}]},"1":{"type":"branch","line":13,"loc":{"start":{"line":13,"column":26},"end":{"line":18,"column":5}},"locations":[{"start":{"line":13,"column":26},"end":{"line":18,"column":5}}]},"2":{"type":"branch","line":20,"loc":{"start":{"line":20,"column":37},"end":{"line":25,"column":3}},"locations":[{"start":{"line":20,"column":37},"end":{"line":25,"column":3}}]}},"b":{"0":[1],"1":[1],"2":[1]},"fnMap":{"0":{"name":"renderComponent","decl":{"start":{"line":13,"column":26},"end":{"line":18,"column":5}},"loc":{"start":{"line":13,"column":26},"end":{"line":18,"column":5}},"line":13}},"f":{"0":1}}
,"/Users/georgegilgarib/Documents/SELF-PROJECTS/RESUME/src/components/atoms/CardBody.tsx": {"path":"/Users/georgegilgarib/Documents/SELF-PROJECTS/RESUME/src/components/atoms/CardBody.tsx","all":false,"statementMap":{"0":{"start":{"line":1,"column":0},"end":{"line":1,"column":39}},"3":{"start":{"line":4,"column":0},"end":{"line":4,"column":26}},"4":{"start":{"line":5,"column":0},"end":{"line":5,"column":11}},"5":{"start":{"line":6,"column":0},"end":{"line":6,"column":11}},"6":{"start":{"line":7,"column":0},"end":{"line":7,"column":4}},"9":{"start":{"line":10,"column":0},"end":{"line":10,"column":7}},"10":{"start":{"line":11,"column":0},"end":{"line":11,"column":10}},"11":{"start":{"line":12,"column":0},"end":{"line":12,"column":8}},"12":{"start":{"line":13,"column":0},"end":{"line":13,"column":20}},"13":{"start":{"line":14,"column":0},"end":{"line":14,"column":86}},"14":{"start":{"line":15,"column":0},"end":{"line":15,"column":17}},"15":{"start":{"line":16,"column":0},"end":{"line":16,"column":8}},"17":{"start":{"line":18,"column":0},"end":{"line":18,"column":16}},"18":{"start":{"line":19,"column":0},"end":{"line":19,"column":10}},"20":{"start":{"line":21,"column":0},"end":{"line":21,"column":1}}},"s":{"0":1,"3":1,"4":53,"5":53,"6":53,"9":53,"10":53,"11":53,"12":53,"13":53,"14":53,"15":53,"17":53,"18":53,"20":53},"branchMap":{"0":{"type":"branch","line":4,"loc":{"start":{"line":4,"column":24},"end":{"line":21,"column":1}},"locations":[{"start":{"line":4,"column":24},"end":{"line":21,"column":1}}]}},"b":{"0":[53]},"fnMap":{"0":{"name":"CardBody","decl":{"start":{"line":4,"column":24},"end":{"line":21,"column":1}},"loc":{"start":{"line":4,"column":24},"end":{"line":21,"column":1}},"line":4}},"f":{"0":53}}
,"/Users/georgegilgarib/Documents/SELF-PROJECTS/RESUME/src/components/atoms/CardContainer.tsx": {"path":"/Users/georgegilgarib/Documents/SELF-PROJECTS/RESUME/src/components/atoms/CardContainer.tsx","all":false,"statementMap":{"0":{"start":{"line":1,"column":0},"end":{"line":1,"column":55}},"3":{"start":{"line":4,"column":0},"end":{"line":4,"column":40}},"5":{"start":{"line":6,"column":0},"end":{"line":6,"column":12}},"7":{"start":{"line":8,"column":0},"end":{"line":8,"column":31}},"8":{"start":{"line":9,"column":0},"end":{"line":9,"column":11}},"9":{"start":{"line":10,"column":0},"end":{"line":10,"column":12}},"10":{"start":{"line":11,"column":0},"end":{"line":11,"column":20}},"11":{"start":{"line":12,"column":0},"end":{"line":12,"column":4}},"15":{"start":{"line":16,"column":0},"end":{"line":16,"column":7}},"16":{"start":{"line":17,"column":0},"end":{"line":17,"column":51}},"17":{"start":{"line":18,"column":0},"end":{"line":18,"column":61}},"19":{"start":{"line":20,"column":0},"end":{"line":20,"column":68}},"20":{"start":{"line":21,"column":0},"end":{"line":21,"column":37}},"21":{"start":{"line":22,"column":0},"end":{"line":22,"column":85}},"22":{"start":{"line":23,"column":0},"end":{"line":23,"column":50}},"23":{"start":{"line":24,"column":0},"end":{"line":24,"column":50}},"24":{"start":{"line":25,"column":0},"end":{"line":25,"column":78}},"25":{"start":{"line":26,"column":0},"end":{"line":26,"column":3}},"27":{"start":{"line":28,"column":0},"end":{"line":28,"column":34}},"28":{"start":{"line":29,"column":0},"end":{"line":29,"column":27}},"29":{"start":{"line":30,"column":0},"end":{"line":30,"column":37}},"30":{"start":{"line":31,"column":0},"end":{"line":31,"column":3}},"32":{"start":{"line":33,"column":0},"end":{"line":33,"column":34}},"33":{"start":{"line":34,"column":0},"end":{"line":34,"column":37}},"34":{"start":{"line":35,"column":0},"end":{"line":35,"column":28}},"35":{"start":{"line":36,"column":0},"end":{"line":36,"column":72}},"36":{"start":{"line":37,"column":0},"end":{"line":37,"column":3}},"37":{"start":{"line":38,"column":0},"end":{"line":38,"column":10}},"38":{"start":{"line":39,"column":0},"end":{"line":39,"column":76}},"39":{"start":{"line":40,"column":0},"end":{"line":40,"column":10}},"40":{"start":{"line":41,"column":0},"end":{"line":41,"column":64}},"41":{"start":{"line":42,"column":0},"end":{"line":42,"column":16}},"42":{"start":{"line":43,"column":0},"end":{"line":43,"column":31}},"43":{"start":{"line":44,"column":0},"end":{"line":44,"column":10}},"45":{"start":{"line":46,"column":0},"end":{"line":46,"column":12}},"46":{"start":{"line":47,"column":0},"end":{"line":47,"column":28}},"47":{"start":{"line":48,"column":0},"end":{"line":48,"column":41}},"48":{"start":{"line":49,"column":0},"end":{"line":49,"column":39}},"49":{"start":{"line":50,"column":0},"end":{"line":50,"column":41}},"50":{"start":{"line":51,"column":0},"end":{"line":51,"column":94}},"51":{"start":{"line":52,"column":0},"end":{"line":52,"column":18}},"52":{"start":{"line":53,"column":0},"end":{"line":53,"column":41}},"53":{"start":{"line":54,"column":0},"end":{"line":54,"column":12}},"55":{"start":{"line":56,"column":0},"end":{"line":56,"column":20}},"56":{"start":{"line":57,"column":0},"end":{"line":57,"column":14}},"57":{"start":{"line":58,"column":0},"end":{"line":58,"column":12}},"58":{"start":{"line":59,"column":0},"end":{"line":59,"column":33}},"60":{"start":{"line":61,"column":0},"end":{"line":61,"column":1}}},"s":{"0":1,"3":1,"5":1,"7":1,"8":54,"9":54,"10":54,"11":54,"15":54,"16":54,"17":54,"19":54,"20":1,"21":1,"22":1,"23":1,"24":1,"25":1,"27":54,"28":0,"29":0,"30":0,"32":54,"33":0,"34":0,"35":0,"36":0,"37":54,"38":54,"39":54,"40":54,"41":54,"42":54,"43":54,"45":54,"46":54,"47":54,"48":54,"49":54,"50":54,"51":54,"52":54,"53":54,"55":54,"56":54,"57":54,"58":54,"60":54},"branchMap":{"0":{"type":"branch","line":8,"loc":{"start":{"line":8,"column":29},"end":{"line":61,"column":1}},"locations":[{"start":{"line":8,"column":29},"end":{"line":61,"column":1}}]},"1":{"type":"branch","line":20,"loc":{"start":{"line":20,"column":26},"end":{"line":26,"column":3}},"locations":[{"start":{"line":20,"column":26},"end":{"line":26,"column":3}}]},"2":{"type":"branch","line":21,"loc":{"start":{"line":21,"column":31},"end":{"line":21,"column":37}},"locations":[{"start":{"line":21,"column":31},"end":{"line":21,"column":37}}]}},"b":{"0":[54],"1":[1],"2":[0]},"fnMap":{"0":{"name":"CardContainer","decl":{"start":{"line":8,"column":29},"end":{"line":61,"column":1}},"loc":{"start":{"line":8,"column":29},"end":{"line":61,"column":1}},"line":8},"1":{"name":"handleMouseMove","decl":{"start":{"line":20,"column":26},"end":{"line":26,"column":3}},"loc":{"start":{"line":20,"column":26},"end":{"line":26,"column":3}},"line":20},"2":{"name":"handleMouseEnter","decl":{"start":{"line":28,"column":27},"end":{"line":31,"column":3}},"loc":{"start":{"line":28,"column":27},"end":{"line":31,"column":3}},"line":28},"3":{"name":"handleMouseLeave","decl":{"start":{"line":33,"column":27},"end":{"line":37,"column":3}},"loc":{"start":{"line":33,"column":27},"end":{"line":37,"column":3}},"line":33}},"f":{"0":54,"1":1,"2":0,"3":0}}
,"/Users/georgegilgarib/Documents/SELF-PROJECTS/RESUME/src/components/atoms/DarkModeSwitch.tsx": {"path":"/Users/georgegilgarib/Documents/SELF-PROJECTS/RESUME/src/components/atoms/DarkModeSwitch.tsx","all":false,"statementMap":{"0":{"start":{"line":1,"column":0},"end":{"line":1,"column":25}},"8":{"start":{"line":9,"column":0},"end":{"line":9,"column":92}},"9":{"start":{"line":10,"column":0},"end":{"line":10,"column":10}},"10":{"start":{"line":11,"column":0},"end":{"line":11,"column":100}},"11":{"start":{"line":12,"column":0},"end":{"line":12,"column":12}},"12":{"start":{"line":13,"column":0},"end":{"line":13,"column":25}},"13":{"start":{"line":14,"column":0},"end":{"line":14,"column":23}},"14":{"start":{"line":15,"column":0},"end":{"line":15,"column":42}},"15":{"start":{"line":16,"column":0},"end":{"line":16,"column":25}},"16":{"start":{"line":17,"column":0},"end":{"line":17,"column":27}},"17":{"start":{"line":18,"column":0},"end":{"line":18,"column":43}},"18":{"start":{"line":19,"column":0},"end":{"line":19,"column":8}},"19":{"start":{"line":20,"column":0},"end":{"line":20,"column":47}},"20":{"start":{"line":21,"column":0},"end":{"line":21,"column":52}},"21":{"start":{"line":22,"column":0},"end":{"line":22,"column":55}},"22":{"start":{"line":23,"column":0},"end":{"line":23,"column":83}},"23":{"start":{"line":24,"column":0},"end":{"line":24,"column":17}},"24":{"start":{"line":25,"column":0},"end":{"line":25,"column":32}},"25":{"start":{"line":26,"column":0},"end":{"line":26,"column":32}},"26":{"start":{"line":27,"column":0},"end":{"line":27,"column":3009}},"27":{"start":{"line":28,"column":0},"end":{"line":28,"column":33}},"28":{"start":{"line":29,"column":0},"end":{"line":29,"column":14}},"29":{"start":{"line":30,"column":0},"end":{"line":30,"column":16}},"30":{"start":{"line":31,"column":0},"end":{"line":31,"column":14}},"31":{"start":{"line":32,"column":0},"end":{"line":32,"column":56}},"32":{"start":{"line":33,"column":0},"end":{"line":33,"column":60}},"33":{"start":{"line":34,"column":0},"end":{"line":34,"column":48}},"34":{"start":{"line":35,"column":0},"end":{"line":35,"column":56}},"35":{"start":{"line":36,"column":0},"end":{"line":36,"column":56}},"36":{"start":{"line":37,"column":0},"end":{"line":37,"column":56}},"37":{"start":{"line":38,"column":0},"end":{"line":38,"column":18}},"38":{"start":{"line":39,"column":0},"end":{"line":39,"column":16}},"39":{"start":{"line":40,"column":0},"end":{"line":40,"column":14}},"40":{"start":{"line":41,"column":0},"end":{"line":41,"column":12}},"41":{"start":{"line":42,"column":0},"end":{"line":42,"column":12}},"43":{"start":{"line":44,"column":0},"end":{"line":44,"column":1}}},"s":{"0":1,"8":17,"9":17,"10":17,"11":17,"12":17,"13":17,"14":17,"15":17,"16":17,"17":17,"18":17,"19":17,"20":17,"21":17,"22":17,"23":17,"24":17,"25":17,"26":17,"27":17,"28":17,"29":17,"30":17,"31":17,"32":17,"33":17,"34":17,"35":17,"36":17,"37":17,"38":17,"39":17,"40":17,"41":17,"43":17},"branchMap":{"0":{"type":"branch","line":9,"loc":{"start":{"line":9,"column":0},"end":{"line":44,"column":1}},"locations":[{"start":{"line":9,"column":0},"end":{"line":44,"column":1}}]}},"b":{"0":[17]},"fnMap":{"0":{"name":"DarkModeSwitch","decl":{"start":{"line":9,"column":0},"end":{"line":44,"column":1}},"loc":{"start":{"line":9,"column":0},"end":{"line":44,"column":1}},"line":9}},"f":{"0":17}}
,"/Users/georgegilgarib/Documents/SELF-PROJECTS/RESUME/src/components/atoms/DevLink.tsx": {"path":"/Users/georgegilgarib/Documents/SELF-PROJECTS/RESUME/src/components/atoms/DevLink.tsx","all":false,"statementMap":{"0":{"start":{"line":1,"column":0},"end":{"line":1,"column":51}},"2":{"start":{"line":3,"column":0},"end":{"line":3,"column":46}},"4":{"start":{"line":5,"column":0},"end":{"line":5,"column":18}},"5":{"start":{"line":6,"column":0},"end":{"line":6,"column":18}},"6":{"start":{"line":7,"column":0},"end":{"line":7,"column":21}},"7":{"start":{"line":8,"column":0},"end":{"line":8,"column":12}},"8":{"start":{"line":9,"column":0},"end":{"line":9,"column":4}},"12":{"start":{"line":13,"column":0},"end":{"line":13,"column":7}},"13":{"start":{"line":14,"column":0},"end":{"line":14,"column":32}},"15":{"start":{"line":16,"column":0},"end":{"line":16,"column":10}},"16":{"start":{"line":17,"column":0},"end":{"line":17,"column":6}},"17":{"start":{"line":18,"column":0},"end":{"line":18,"column":22}},"18":{"start":{"line":19,"column":0},"end":{"line":19,"column":43}},"19":{"start":{"line":20,"column":0},"end":{"line":20,"column":33}},"20":{"start":{"line":21,"column":0},"end":{"line":21,"column":8}},"21":{"start":{"line":22,"column":0},"end":{"line":22,"column":41}},"22":{"start":{"line":23,"column":0},"end":{"line":23,"column":35}},"23":{"start":{"line":24,"column":0},"end":{"line":24,"column":102}},"24":{"start":{"line":25,"column":0},"end":{"line":25,"column":41}},"25":{"start":{"line":26,"column":0},"end":{"line":26,"column":98}},"26":{"start":{"line":27,"column":0},"end":{"line":27,"column":170}},"27":{"start":{"line":28,"column":0},"end":{"line":28,"column":9}},"28":{"start":{"line":29,"column":0},"end":{"line":29,"column":69}},"30":{"start":{"line":31,"column":0},"end":{"line":31,"column":23}},"31":{"start":{"line":32,"column":0},"end":{"line":32,"column":8}},"33":{"start":{"line":34,"column":0},"end":{"line":34,"column":1}},"35":{"start":{"line":36,"column":0},"end":{"line":36,"column":22}}},"s":{"0":1,"2":1,"4":1,"5":6,"6":6,"7":6,"8":6,"12":6,"13":6,"15":6,"16":6,"17":6,"18":1,"19":1,"20":1,"21":6,"22":6,"23":1,"24":5,"25":2,"26":3,"27":6,"28":6,"30":6,"31":6,"33":6,"35":1},"branchMap":{"0":{"type":"branch","line":5,"loc":{"start":{"line":5,"column":16},"end":{"line":34,"column":1}},"locations":[{"start":{"line":5,"column":16},"end":{"line":34,"column":1}}]},"1":{"type":"branch","line":23,"loc":{"start":{"line":23,"column":32},"end":{"line":24,"column":102}},"locations":[{"start":{"line":23,"column":32},"end":{"line":24,"column":102}}]},"2":{"type":"branch","line":24,"loc":{"start":{"line":24,"column":12},"end":{"line":27,"column":170}},"locations":[{"start":{"line":24,"column":12},"end":{"line":27,"column":170}}]},"3":{"type":"branch","line":25,"loc":{"start":{"line":25,"column":36},"end":{"line":26,"column":98}},"locations":[{"start":{"line":25,"column":36},"end":{"line":26,"column":98}}]},"4":{"type":"branch","line":26,"loc":{"start":{"line":26,"column":14},"end":{"line":27,"column":170}},"locations":[{"start":{"line":26,"column":14},"end":{"line":27,"column":170}}]},"5":{"type":"branch","line":29,"loc":{"start":{"line":29,"column":44},"end":{"line":29,"column":59}},"locations":[{"start":{"line":29,"column":44},"end":{"line":29,"column":59}}]},"6":{"type":"branch","line":29,"loc":{"start":{"line":29,"column":50},"end":{"line":29,"column":69}},"locations":[{"start":{"line":29,"column":50},"end":{"line":29,"column":69}}]},"7":{"type":"branch","line":18,"loc":{"start":{"line":18,"column":15},"end":{"line":21,"column":8}},"locations":[{"start":{"line":18,"column":15},"end":{"line":21,"column":8}}]}},"b":{"0":[6],"1":[1],"2":[5],"3":[2],"4":[3],"5":[1],"6":[5],"7":[1]},"fnMap":{"0":{"name":"DevLink","decl":{"start":{"line":5,"column":16},"end":{"line":34,"column":1}},"loc":{"start":{"line":5,"column":16},"end":{"line":34,"column":1}},"line":5},"1":{"name":"onClick","decl":{"start":{"line":18,"column":15},"end":{"line":21,"column":8}},"loc":{"start":{"line":18,"column":15},"end":{"line":21,"column":8}},"line":18}},"f":{"0":6,"1":1}}
,"/Users/georgegilgarib/Documents/SELF-PROJECTS/RESUME/src/components/atoms/LanguageSwitcher.tsx": {"path":"/Users/georgegilgarib/Documents/SELF-PROJECTS/RESUME/src/components/atoms/LanguageSwitcher.tsx","all":false,"statementMap":{"0":{"start":{"line":1,"column":0},"end":{"line":1,"column":54}},"1":{"start":{"line":2,"column":0},"end":{"line":2,"column":32}},"2":{"start":{"line":3,"column":0},"end":{"line":3,"column":61}},"3":{"start":{"line":4,"column":0},"end":{"line":4,"column":61}},"4":{"start":{"line":5,"column":0},"end":{"line":5,"column":49}},"5":{"start":{"line":6,"column":0},"end":{"line":6,"column":63}},"6":{"start":{"line":7,"column":0},"end":{"line":7,"column":40}},"8":{"start":{"line":9,"column":0},"end":{"line":9,"column":32}},"9":{"start":{"line":10,"column":0},"end":{"line":10,"column":42}},"10":{"start":{"line":11,"column":0},"end":{"line":11,"column":68}},"12":{"start":{"line":13,"column":0},"end":{"line":13,"column":68}},"14":{"start":{"line":15,"column":0},"end":{"line":15,"column":76}},"16":{"start":{"line":17,"column":0},"end":{"line":17,"column":10}},"17":{"start":{"line":18,"column":0},"end":{"line":18,"column":6}},"18":{"start":{"line":19,"column":0},"end":{"line":19,"column":10}},"19":{"start":{"line":20,"column":0},"end":{"line":20,"column":67}},"20":{"start":{"line":21,"column":0},"end":{"line":21,"column":39}},"22":{"start":{"line":23,"column":0},"end":{"line":23,"column":15}},"23":{"start":{"line":24,"column":0},"end":{"line":24,"column":29}},"24":{"start":{"line":25,"column":0},"end":{"line":25,"column":63}},"25":{"start":{"line":26,"column":0},"end":{"line":26,"column":18}},"26":{"start":{"line":27,"column":0},"end":{"line":27,"column":33}},"27":{"start":{"line":28,"column":0},"end":{"line":28,"column":28}},"28":{"start":{"line":29,"column":0},"end":{"line":29,"column":32}},"29":{"start":{"line":30,"column":0},"end":{"line":30,"column":12}},"30":{"start":{"line":31,"column":0},"end":{"line":31,"column":22}},"31":{"start":{"line":32,"column":0},"end":{"line":32,"column":48}},"33":{"start":{"line":34,"column":0},"end":{"line":34,"column":63}},"34":{"start":{"line":35,"column":0},"end":{"line":35,"column":46}},"35":{"start":{"line":36,"column":0},"end":{"line":36,"column":24}},"36":{"start":{"line":37,"column":0},"end":{"line":37,"column":20}},"37":{"start":{"line":38,"column":0},"end":{"line":38,"column":33}},"38":{"start":{"line":39,"column":0},"end":{"line":39,"column":70}},"39":{"start":{"line":40,"column":0},"end":{"line":40,"column":47}},"40":{"start":{"line":41,"column":0},"end":{"line":41,"column":14}},"41":{"start":{"line":42,"column":0},"end":{"line":42,"column":12}},"42":{"start":{"line":43,"column":0},"end":{"line":43,"column":17}},"44":{"start":{"line":45,"column":0},"end":{"line":45,"column":13}},"45":{"start":{"line":46,"column":0},"end":{"line":46,"column":29}},"46":{"start":{"line":47,"column":0},"end":{"line":47,"column":34}},"47":{"start":{"line":48,"column":0},"end":{"line":48,"column":43}},"48":{"start":{"line":49,"column":0},"end":{"line":49,"column":23}},"49":{"start":{"line":50,"column":0},"end":{"line":50,"column":20}},"50":{"start":{"line":51,"column":0},"end":{"line":51,"column":59}},"51":{"start":{"line":52,"column":0},"end":{"line":52,"column":53}},"52":{"start":{"line":53,"column":0},"end":{"line":53,"column":33}},"53":{"start":{"line":54,"column":0},"end":{"line":54,"column":13}},"54":{"start":{"line":55,"column":0},"end":{"line":55,"column":12}},"55":{"start":{"line":56,"column":0},"end":{"line":56,"column":37}},"57":{"start":{"line":58,"column":0},"end":{"line":58,"column":42}},"58":{"start":{"line":59,"column":0},"end":{"line":59,"column":21}},"59":{"start":{"line":60,"column":0},"end":{"line":60,"column":29}},"60":{"start":{"line":61,"column":0},"end":{"line":61,"column":30}},"61":{"start":{"line":62,"column":0},"end":{"line":62,"column":41}},"62":{"start":{"line":63,"column":0},"end":{"line":63,"column":33}},"63":{"start":{"line":64,"column":0},"end":{"line":64,"column":16}},"64":{"start":{"line":65,"column":0},"end":{"line":65,"column":58}},"66":{"start":{"line":67,"column":0},"end":{"line":67,"column":25}},"67":{"start":{"line":68,"column":0},"end":{"line":68,"column":23}},"68":{"start":{"line":69,"column":0},"end":{"line":69,"column":13}},"69":{"start":{"line":70,"column":0},"end":{"line":70,"column":15}},"70":{"start":{"line":71,"column":0},"end":{"line":71,"column":12}},"71":{"start":{"line":72,"column":0},"end":{"line":72,"column":7}},"73":{"start":{"line":74,"column":0},"end":{"line":74,"column":1}},"75":{"start":{"line":76,"column":0},"end":{"line":76,"column":31}}},"s":{"0":1,"1":1,"2":1,"3":1,"4":1,"5":1,"6":1,"8":1,"9":8,"10":8,"12":8,"14":8,"16":8,"17":8,"18":8,"19":8,"20":8,"22":8,"23":8,"24":8,"25":8,"26":8,"27":8,"28":8,"29":8,"30":8,"31":8,"33":8,"34":8,"35":8,"36":8,"37":8,"38":8,"39":8,"40":8,"41":8,"42":8,"44":8,"45":8,"46":8,"47":8,"48":8,"49":8,"50":8,"51":8,"52":8,"53":8,"54":8,"55":8,"57":8,"58":16,"59":16,"60":16,"61":1,"62":1,"63":1,"64":16,"66":16,"67":16,"68":8,"69":8,"70":8,"71":8,"73":8,"75":1},"branchMap":{"0":{"type":"branch","line":9,"loc":{"start":{"line":9,"column":25},"end":{"line":74,"column":1}},"locations":[{"start":{"line":9,"column":25},"end":{"line":74,"column":1}}]},"1":{"type":"branch","line":35,"loc":{"start":{"line":35,"column":28},"end":{"line":35,"column":46}},"locations":[{"start":{"line":35,"column":28},"end":{"line":35,"column":46}}]},"2":{"type":"branch","line":39,"loc":{"start":{"line":39,"column":25},"end":{"line":39,"column":55}},"locations":[{"start":{"line":39,"column":25},"end":{"line":39,"column":55}}]},"3":{"type":"branch","line":39,"loc":{"start":{"line":39,"column":36},"end":{"line":39,"column":70}},"locations":[{"start":{"line":39,"column":36},"end":{"line":39,"column":70}}]},"4":{"type":"branch","line":25,"loc":{"start":{"line":25,"column":19},"end":{"line":25,"column":63}},"locations":[{"start":{"line":25,"column":19},"end":{"line":25,"column":63}}]},"5":{"type":"branch","line":58,"loc":{"start":{"line":58,"column":31},"end":{"line":68,"column":23}},"locations":[{"start":{"line":58,"column":31},"end":{"line":68,"column":23}}]},"6":{"type":"branch","line":61,"loc":{"start":{"line":61,"column":23},"end":{"line":64,"column":16}},"locations":[{"start":{"line":61,"column":23},"end":{"line":64,"column":16}}]}},"b":{"0":[8],"1":[0],"2":[2],"3":[6],"4":[2],"5":[16],"6":[1]},"fnMap":{"0":{"name":"LanguageSwitcher","decl":{"start":{"line":9,"column":25},"end":{"line":74,"column":1}},"loc":{"start":{"line":9,"column":25},"end":{"line":74,"column":1}},"line":9},"1":{"name":"onClick","decl":{"start":{"line":25,"column":19},"end":{"line":25,"column":63}},"loc":{"start":{"line":25,"column":19},"end":{"line":25,"column":63}},"line":25},"2":{"name":"onClose","decl":{"start":{"line":48,"column":19},"end":{"line":48,"column":43}},"loc":{"start":{"line":48,"column":19},"end":{"line":48,"column":43}},"line":48},"3":{"name":"onClick","decl":{"start":{"line":61,"column":23},"end":{"line":64,"column":16}},"loc":{"start":{"line":61,"column":23},"end":{"line":64,"column":16}},"line":61}},"f":{"0":8,"1":2,"2":0,"3":1}}
,"/Users/georgegilgarib/Documents/SELF-PROJECTS/RESUME/src/components/atoms/MeLink.tsx.tsx": {"path":"/Users/georgegilgarib/Documents/SELF-PROJECTS/RESUME/src/components/atoms/MeLink.tsx.tsx","all":false,"statementMap":{"0":{"start":{"line":1,"column":0},"end":{"line":1,"column":51}},"2":{"start":{"line":3,"column":0},"end":{"line":3,"column":46}},"4":{"start":{"line":5,"column":0},"end":{"line":5,"column":17}},"5":{"start":{"line":6,"column":0},"end":{"line":6,"column":18}},"6":{"start":{"line":7,"column":0},"end":{"line":7,"column":21}},"7":{"start":{"line":8,"column":0},"end":{"line":8,"column":12}},"8":{"start":{"line":9,"column":0},"end":{"line":9,"column":4}},"12":{"start":{"line":13,"column":0},"end":{"line":13,"column":7}},"13":{"start":{"line":14,"column":0},"end":{"line":14,"column":32}},"15":{"start":{"line":16,"column":0},"end":{"line":16,"column":10}},"16":{"start":{"line":17,"column":0},"end":{"line":17,"column":6}},"17":{"start":{"line":18,"column":0},"end":{"line":18,"column":22}},"18":{"start":{"line":19,"column":0},"end":{"line":19,"column":42}},"19":{"start":{"line":20,"column":0},"end":{"line":20,"column":33}},"20":{"start":{"line":21,"column":0},"end":{"line":21,"column":8}},"21":{"start":{"line":22,"column":0},"end":{"line":22,"column":46}},"22":{"start":{"line":23,"column":0},"end":{"line":23,"column":34}},"23":{"start":{"line":24,"column":0},"end":{"line":24,"column":103}},"24":{"start":{"line":25,"column":0},"end":{"line":25,"column":137}},"25":{"start":{"line":26,"column":0},"end":{"line":26,"column":10}},"26":{"start":{"line":27,"column":0},"end":{"line":27,"column":37}},"27":{"start":{"line":28,"column":0},"end":{"line":28,"column":96}},"28":{"start":{"line":29,"column":0},"end":{"line":29,"column":39}},"29":{"start":{"line":30,"column":0},"end":{"line":30,"column":101}},"30":{"start":{"line":31,"column":0},"end":{"line":31,"column":16}},"31":{"start":{"line":32,"column":0},"end":{"line":32,"column":9}},"33":{"start":{"line":34,"column":0},"end":{"line":34,"column":22}},"34":{"start":{"line":35,"column":0},"end":{"line":35,"column":8}},"36":{"start":{"line":37,"column":0},"end":{"line":37,"column":1}},"38":{"start":{"line":39,"column":0},"end":{"line":39,"column":21}}},"s":{"0":1,"2":1,"4":1,"5":6,"6":6,"7":6,"8":6,"12":6,"13":6,"15":6,"16":6,"17":6,"18":1,"19":1,"20":1,"21":6,"22":6,"23":3,"24":3,"25":6,"26":6,"27":2,"28":4,"29":1,"30":3,"31":6,"33":6,"34":6,"36":6,"38":1},"branchMap":{"0":{"type":"branch","line":5,"loc":{"start":{"line":5,"column":15},"end":{"line":37,"column":1}},"locations":[{"start":{"line":5,"column":15},"end":{"line":37,"column":1}}]},"1":{"type":"branch","line":23,"loc":{"start":{"line":23,"column":32},"end":{"line":24,"column":103}},"locations":[{"start":{"line":23,"column":32},"end":{"line":24,"column":103}}]},"2":{"type":"branch","line":24,"loc":{"start":{"line":24,"column":12},"end":{"line":25,"column":137}},"locations":[{"start":{"line":24,"column":12},"end":{"line":25,"column":137}}]},"3":{"type":"branch","line":27,"loc":{"start":{"line":27,"column":32},"end":{"line":28,"column":96}},"locations":[{"start":{"line":27,"column":32},"end":{"line":28,"column":96}}]},"4":{"type":"branch","line":28,"loc":{"start":{"line":28,"column":12},"end":{"line":31,"column":16}},"locations":[{"start":{"line":28,"column":12},"end":{"line":31,"column":16}}]},"5":{"type":"branch","line":29,"loc":{"start":{"line":29,"column":36},"end":{"line":30,"column":101}},"locations":[{"start":{"line":29,"column":36},"end":{"line":30,"column":101}}]},"6":{"type":"branch","line":30,"loc":{"start":{"line":30,"column":14},"end":{"line":31,"column":16}},"locations":[{"start":{"line":30,"column":14},"end":{"line":31,"column":16}}]},"7":{"type":"branch","line":18,"loc":{"start":{"line":18,"column":15},"end":{"line":21,"column":8}},"locations":[{"start":{"line":18,"column":15},"end":{"line":21,"column":8}}]}},"b":{"0":[6],"1":[3],"2":[3],"3":[2],"4":[4],"5":[1],"6":[3],"7":[1]},"fnMap":{"0":{"name":"MeLink","decl":{"start":{"line":5,"column":15},"end":{"line":37,"column":1}},"loc":{"start":{"line":5,"column":15},"end":{"line":37,"column":1}},"line":5},"1":{"name":"onClick","decl":{"start":{"line":18,"column":15},"end":{"line":21,"column":8}},"loc":{"start":{"line":18,"column":15},"end":{"line":21,"column":8}},"line":18}},"f":{"0":6,"1":1}}
,"/Users/georgegilgarib/Documents/SELF-PROJECTS/RESUME/src/components/atoms/MouseEnterContext.tsx": {"path":"/Users/georgegilgarib/Documents/SELF-PROJECTS/RESUME/src/components/atoms/MouseEnterContext.tsx","all":false,"statementMap":{"0":{"start":{"line":1,"column":0},"end":{"line":1,"column":66}},"2":{"start":{"line":3,"column":0},"end":{"line":3,"column":40}},"4":{"start":{"line":5,"column":0},"end":{"line":5,"column":12}},"6":{"start":{"line":7,"column":0},"end":{"line":7,"column":84}},"7":{"start":{"line":8,"column":0},"end":{"line":8,"column":61}},"9":{"start":{"line":10,"column":0},"end":{"line":10,"column":10}},"10":{"start":{"line":11,"column":0},"end":{"line":11,"column":76}},"11":{"start":{"line":12,"column":0},"end":{"line":12,"column":16}},"12":{"start":{"line":13,"column":0},"end":{"line":13,"column":33}},"14":{"start":{"line":15,"column":0},"end":{"line":15,"column":1}},"16":{"start":{"line":17,"column":0},"end":{"line":17,"column":36}},"17":{"start":{"line":18,"column":0},"end":{"line":18,"column":47}},"18":{"start":{"line":19,"column":0},"end":{"line":19,"column":30}},"19":{"start":{"line":20,"column":0},"end":{"line":20,"column":77}},"20":{"start":{"line":21,"column":0},"end":{"line":21,"column":3}},"21":{"start":{"line":22,"column":0},"end":{"line":22,"column":16}},"22":{"start":{"line":23,"column":0},"end":{"line":23,"column":1}}},"s":{"0":1,"2":1,"4":1,"6":1,"7":3,"9":3,"10":3,"11":3,"12":3,"14":3,"16":1,"17":8,"18":8,"19":4,"20":4,"21":3,"22":3},"branchMap":{"0":{"type":"branch","line":7,"loc":{"start":{"line":7,"column":34},"end":{"line":15,"column":1}},"locations":[{"start":{"line":7,"column":34},"end":{"line":15,"column":1}}]},"1":{"type":"branch","line":17,"loc":{"start":{"line":17,"column":29},"end":{"line":23,"column":1}},"locations":[{"start":{"line":17,"column":29},"end":{"line":23,"column":1}}]},"2":{"type":"branch","line":19,"loc":{"start":{"line":19,"column":29},"end":{"line":21,"column":3}},"locations":[{"start":{"line":19,"column":29},"end":{"line":21,"column":3}}]},"3":{"type":"branch","line":21,"loc":{"start":{"line":21,"column":2},"end":{"line":23,"column":1}},"locations":[{"start":{"line":21,"column":2},"end":{"line":23,"column":1}}]}},"b":{"0":[3],"1":[8],"2":[4],"3":[3]},"fnMap":{"0":{"name":"MouseEnterProvider","decl":{"start":{"line":7,"column":34},"end":{"line":15,"column":1}},"loc":{"start":{"line":7,"column":34},"end":{"line":15,"column":1}},"line":7},"1":{"name":"useMouseEnter","decl":{"start":{"line":17,"column":29},"end":{"line":23,"column":1}},"loc":{"start":{"line":17,"column":29},"end":{"line":23,"column":1}},"line":17}},"f":{"0":3,"1":8}}
,"/Users/georgegilgarib/Documents/SELF-PROJECTS/RESUME/src/components/atoms/MusicLink.tsx": {"path":"/Users/georgegilgarib/Documents/SELF-PROJECTS/RESUME/src/components/atoms/MusicLink.tsx","all":false,"statementMap":{"0":{"start":{"line":1,"column":0},"end":{"line":1,"column":25}},"1":{"start":{"line":2,"column":0},"end":{"line":2,"column":46}},"2":{"start":{"line":3,"column":0},"end":{"line":3,"column":51}},"4":{"start":{"line":5,"column":0},"end":{"line":5,"column":20}},"5":{"start":{"line":6,"column":0},"end":{"line":6,"column":18}},"6":{"start":{"line":7,"column":0},"end":{"line":7,"column":21}},"7":{"start":{"line":8,"column":0},"end":{"line":8,"column":12}},"8":{"start":{"line":9,"column":0},"end":{"line":9,"column":4}},"12":{"start":{"line":13,"column":0},"end":{"line":13,"column":7}},"13":{"start":{"line":14,"column":0},"end":{"line":14,"column":32}},"15":{"start":{"line":16,"column":0},"end":{"line":16,"column":10}},"16":{"start":{"line":17,"column":0},"end":{"line":17,"column":6}},"17":{"start":{"line":18,"column":0},"end":{"line":18,"column":22}},"18":{"start":{"line":19,"column":0},"end":{"line":19,"column":45}},"19":{"start":{"line":20,"column":0},"end":{"line":20,"column":33}},"20":{"start":{"line":21,"column":0},"end":{"line":21,"column":8}},"21":{"start":{"line":22,"column":0},"end":{"line":22,"column":41}},"22":{"start":{"line":23,"column":0},"end":{"line":23,"column":37}},"23":{"start":{"line":24,"column":0},"end":{"line":24,"column":112}},"24":{"start":{"line":25,"column":0},"end":{"line":25,"column":39}},"25":{"start":{"line":26,"column":0},"end":{"line":26,"column":98}},"26":{"start":{"line":27,"column":0},"end":{"line":27,"column":173}},"27":{"start":{"line":28,"column":0},"end":{"line":28,"column":9}},"29":{"start":{"line":30,"column":0},"end":{"line":30,"column":25}},"30":{"start":{"line":31,"column":0},"end":{"line":31,"column":8}},"32":{"start":{"line":33,"column":0},"end":{"line":33,"column":1}},"34":{"start":{"line":35,"column":0},"end":{"line":35,"column":24}}},"s":{"0":1,"1":1,"2":1,"4":1,"5":6,"6":6,"7":6,"8":6,"12":6,"13":6,"15":6,"16":6,"17":6,"18":1,"19":1,"20":1,"21":6,"22":6,"23":2,"24":4,"25":1,"26":3,"27":6,"29":6,"30":6,"32":6,"34":1},"branchMap":{"0":{"type":"branch","line":5,"loc":{"start":{"line":5,"column":18},"end":{"line":33,"column":1}},"locations":[{"start":{"line":5,"column":18},"end":{"line":33,"column":1}}]},"1":{"type":"branch","line":23,"loc":{"start":{"line":23,"column":32},"end":{"line":24,"column":112}},"locations":[{"start":{"line":23,"column":32},"end":{"line":24,"column":112}}]},"2":{"type":"branch","line":24,"loc":{"start":{"line":24,"column":12},"end":{"line":27,"column":173}},"locations":[{"start":{"line":24,"column":12},"end":{"line":27,"column":173}}]},"3":{"type":"branch","line":25,"loc":{"start":{"line":25,"column":36},"end":{"line":26,"column":98}},"locations":[{"start":{"line":25,"column":36},"end":{"line":26,"column":98}}]},"4":{"type":"branch","line":26,"loc":{"start":{"line":26,"column":14},"end":{"line":27,"column":173}},"locations":[{"start":{"line":26,"column":14},"end":{"line":27,"column":173}}]},"5":{"type":"branch","line":18,"loc":{"start":{"line":18,"column":15},"end":{"line":21,"column":8}},"locations":[{"start":{"line":18,"column":15},"end":{"line":21,"column":8}}]}},"b":{"0":[6],"1":[2],"2":[4],"3":[1],"4":[3],"5":[1]},"fnMap":{"0":{"name":"MusicLink","decl":{"start":{"line":5,"column":18},"end":{"line":33,"column":1}},"loc":{"start":{"line":5,"column":18},"end":{"line":33,"column":1}},"line":5},"1":{"name":"onClick","decl":{"start":{"line":18,"column":15},"end":{"line":21,"column":8}},"loc":{"start":{"line":18,"column":15},"end":{"line":21,"column":8}},"line":18}},"f":{"0":6,"1":1}}
,"/Users/georgegilgarib/Documents/SELF-PROJECTS/RESUME/src/components/atoms/ProjectInfo.tsx": {"path":"/Users/georgegilgarib/Documents/SELF-PROJECTS/RESUME/src/components/atoms/ProjectInfo.tsx","all":false,"statementMap":{"0":{"start":{"line":1,"column":0},"end":{"line":1,"column":25}},"2":{"start":{"line":3,"column":0},"end":{"line":3,"column":51}},"3":{"start":{"line":4,"column":0},"end":{"line":4,"column":49}},"4":{"start":{"line":5,"column":0},"end":{"line":5,"column":40}},"5":{"start":{"line":6,"column":0},"end":{"line":6,"column":23}},"6":{"start":{"line":7,"column":0},"end":{"line":7,"column":47}},"15":{"start":{"line":16,"column":0},"end":{"line":16,"column":89}},"16":{"start":{"line":17,"column":0},"end":{"line":17,"column":32}},"18":{"start":{"line":19,"column":0},"end":{"line":19,"column":10}},"19":{"start":{"line":20,"column":0},"end":{"line":20,"column":71}},"20":{"start":{"line":21,"column":0},"end":{"line":21,"column":42}},"21":{"start":{"line":22,"column":0},"end":{"line":22,"column":73}},"22":{"start":{"line":23,"column":0},"end":{"line":23,"column":81}},"23":{"start":{"line":24,"column":0},"end":{"line":24,"column":57}},"24":{"start":{"line":25,"column":0},"end":{"line":25,"column":12}},"25":{"start":{"line":26,"column":0},"end":{"line":26,"column":13}},"27":{"start":{"line":28,"column":0},"end":{"line":28,"column":102}},"28":{"start":{"line":29,"column":0},"end":{"line":29,"column":72}},"29":{"start":{"line":30,"column":0},"end":{"line":30,"column":12}},"31":{"start":{"line":32,"column":0},"end":{"line":32,"column":28}},"32":{"start":{"line":33,"column":0},"end":{"line":33,"column":23}},"33":{"start":{"line":34,"column":0},"end":{"line":34,"column":88}},"36":{"start":{"line":37,"column":0},"end":{"line":37,"column":99}},"37":{"start":{"line":38,"column":0},"end":{"line":38,"column":18}},"38":{"start":{"line":39,"column":0},"end":{"line":39,"column":28}},"39":{"start":{"line":40,"column":0},"end":{"line":40,"column":22}},"40":{"start":{"line":41,"column":0},"end":{"line":41,"column":28}},"41":{"start":{"line":42,"column":0},"end":{"line":42,"column":20}},"42":{"start":{"line":43,"column":0},"end":{"line":43,"column":83}},"44":{"start":{"line":45,"column":0},"end":{"line":45,"column":39}},"45":{"start":{"line":46,"column":0},"end":{"line":46,"column":65}},"46":{"start":{"line":47,"column":0},"end":{"line":47,"column":15}},"47":{"start":{"line":48,"column":0},"end":{"line":48,"column":20}},"48":{"start":{"line":49,"column":0},"end":{"line":49,"column":14}},"50":{"start":{"line":51,"column":0},"end":{"line":51,"column":122}},"51":{"start":{"line":52,"column":0},"end":{"line":52,"column":37}},"52":{"start":{"line":53,"column":0},"end":{"line":53,"column":63}},"53":{"start":{"line":54,"column":0},"end":{"line":54,"column":13}},"54":{"start":{"line":55,"column":0},"end":{"line":55,"column":14}},"55":{"start":{"line":56,"column":0},"end":{"line":56,"column":12}},"56":{"start":{"line":57,"column":0},"end":{"line":57,"column":10}},"58":{"start":{"line":59,"column":0},"end":{"line":59,"column":1}},"60":{"start":{"line":61,"column":0},"end":{"line":61,"column":26}}},"s":{"0":1,"2":1,"3":1,"4":1,"5":1,"6":1,"15":1,"16":0,"18":0,"19":0,"20":0,"21":0,"22":0,"23":0,"24":0,"25":0,"27":0,"28":0,"29":0,"31":0,"32":0,"33":0,"36":0,"37":0,"38":0,"39":0,"40":0,"41":0,"42":0,"44":0,"45":0,"46":0,"47":0,"48":0,"50":0,"51":0,"52":0,"53":0,"54":0,"55":0,"56":0,"58":0,"60":1},"branchMap":{},"b":{},"fnMap":{"0":{"name":"ProjectInfo","decl":{"start":{"line":16,"column":48},"end":{"line":59,"column":1}},"loc":{"start":{"line":16,"column":48},"end":{"line":59,"column":1}},"line":16}},"f":{"0":0}}
,"/Users/georgegilgarib/Documents/SELF-PROJECTS/RESUME/src/components/atoms/TechnologyBadge.tsx": {"path":"/Users/georgegilgarib/Documents/SELF-PROJECTS/RESUME/src/components/atoms/TechnologyBadge.tsx","all":false,"statementMap":{"0":{"start":{"line":1,"column":0},"end":{"line":1,"column":25}},"5":{"start":{"line":6,"column":0},"end":{"line":6,"column":99}},"6":{"start":{"line":7,"column":0},"end":{"line":7,"column":62}},"8":{"start":{"line":9,"column":0},"end":{"line":9,"column":29}},"10":{"start":{"line":11,"column":0},"end":{"line":11,"column":10}},"11":{"start":{"line":12,"column":0},"end":{"line":12,"column":9}},"13":{"start":{"line":14,"column":0},"end":{"line":14,"column":11}},"14":{"start":{"line":15,"column":0},"end":{"line":15,"column":24}},"15":{"start":{"line":16,"column":0},"end":{"line":16,"column":96}},"16":{"start":{"line":17,"column":0},"end":{"line":17,"column":8}},"17":{"start":{"line":18,"column":0},"end":{"line":18,"column":11}},"18":{"start":{"line":19,"column":0},"end":{"line":19,"column":51}},"19":{"start":{"line":20,"column":0},"end":{"line":20,"column":29}},"20":{"start":{"line":21,"column":0},"end":{"line":21,"column":26}},"21":{"start":{"line":22,"column":0},"end":{"line":22,"column":13}},"22":{"start":{"line":23,"column":0},"end":{"line":23,"column":24}},"23":{"start":{"line":24,"column":0},"end":{"line":24,"column":32}},"24":{"start":{"line":25,"column":0},"end":{"line":25,"column":44}},"25":{"start":{"line":26,"column":0},"end":{"line":26,"column":44}},"26":{"start":{"line":27,"column":0},"end":{"line":27,"column":29}},"27":{"start":{"line":28,"column":0},"end":{"line":28,"column":31}},"28":{"start":{"line":29,"column":0},"end":{"line":29,"column":31}},"29":{"start":{"line":30,"column":0},"end":{"line":30,"column":54}},"30":{"start":{"line":31,"column":0},"end":{"line":31,"column":26}},"31":{"start":{"line":32,"column":0},"end":{"line":32,"column":31}},"32":{"start":{"line":33,"column":0},"end":{"line":33,"column":29}},"33":{"start":{"line":34,"column":0},"end":{"line":34,"column":29}},"34":{"start":{"line":35,"column":0},"end":{"line":35,"column":30}},"35":{"start":{"line":36,"column":0},"end":{"line":36,"column":11}},"36":{"start":{"line":37,"column":0},"end":{"line":37,"column":10}},"37":{"start":{"line":38,"column":0},"end":{"line":38,"column":8}},"38":{"start":{"line":39,"column":0},"end":{"line":39,"column":10}},"40":{"start":{"line":41,"column":0},"end":{"line":41,"column":1}}},"s":{"0":1,"5":0,"6":0,"8":0,"10":0,"11":0,"13":0,"14":0,"15":0,"16":0,"17":0,"18":0,"19":0,"20":0,"21":0,"22":0,"23":0,"24":0,"25":0,"26":0,"27":0,"28":0,"29":0,"30":0,"31":0,"32":0,"33":0,"34":0,"35":0,"36":0,"37":0,"38":0,"40":0},"branchMap":{},"b":{},"fnMap":{"0":{"name":"TechnologyBadge","decl":{"start":{"line":6,"column":0},"end":{"line":41,"column":1}},"loc":{"start":{"line":6,"column":0},"end":{"line":41,"column":1}},"line":6}},"f":{"0":0}}
,"/Users/georgegilgarib/Documents/SELF-PROJECTS/RESUME/src/components/atoms/ThreeDImageSlider.tsx": {"path":"/Users/georgegilgarib/Documents/SELF-PROJECTS/RESUME/src/components/atoms/ThreeDImageSlider.tsx","all":false,"statementMap":{"0":{"start":{"line":1,"column":0},"end":{"line":1,"column":23}},"2":{"start":{"line":3,"column":0},"end":{"line":3,"column":37}},"3":{"start":{"line":4,"column":0},"end":{"line":4,"column":49}},"14":{"start":{"line":15,"column":0},"end":{"line":15,"column":94}},"15":{"start":{"line":16,"column":0},"end":{"line":16,"column":32}},"17":{"start":{"line":18,"column":0},"end":{"line":18,"column":10}},"18":{"start":{"line":19,"column":0},"end":{"line":19,"column":8}},"19":{"start":{"line":20,"column":0},"end":{"line":20,"column":25}},"20":{"start":{"line":21,"column":0},"end":{"line":21,"column":22}},"21":{"start":{"line":22,"column":0},"end":{"line":22,"column":47}},"22":{"start":{"line":23,"column":0},"end":{"line":23,"column":51}},"23":{"start":{"line":24,"column":0},"end":{"line":24,"column":8}},"25":{"start":{"line":26,"column":0},"end":{"line":26,"column":31}},"26":{"start":{"line":27,"column":0},"end":{"line":27,"column":43}},"27":{"start":{"line":28,"column":0},"end":{"line":28,"column":14}},"28":{"start":{"line":29,"column":0},"end":{"line":29,"column":23}},"29":{"start":{"line":30,"column":0},"end":{"line":30,"column":29}},"30":{"start":{"line":31,"column":0},"end":{"line":31,"column":31}},"31":{"start":{"line":32,"column":0},"end":{"line":32,"column":37}},"32":{"start":{"line":33,"column":0},"end":{"line":33,"column":38}},"33":{"start":{"line":34,"column":0},"end":{"line":34,"column":12}},"34":{"start":{"line":35,"column":0},"end":{"line":35,"column":11}},"35":{"start":{"line":36,"column":0},"end":{"line":36,"column":12}},"36":{"start":{"line":37,"column":0},"end":{"line":37,"column":29}},"37":{"start":{"line":38,"column":0},"end":{"line":38,"column":10}},"39":{"start":{"line":40,"column":0},"end":{"line":40,"column":1}},"41":{"start":{"line":42,"column":0},"end":{"line":42,"column":32}}},"s":{"0":1,"2":1,"3":1,"14":1,"15":0,"17":0,"18":0,"19":0,"20":0,"21":0,"22":0,"23":0,"25":0,"26":0,"27":0,"28":0,"29":0,"30":0,"31":0,"32":0,"33":0,"34":0,"35":0,"36":0,"37":0,"39":0,"41":1},"branchMap":{},"b":{},"fnMap":{"0":{"name":"ThreeDImageSlider","decl":{"start":{"line":15,"column":60},"end":{"line":40,"column":1}},"loc":{"start":{"line":15,"column":60},"end":{"line":40,"column":1}},"line":15}},"f":{"0":0}}
,"/Users/georgegilgarib/Documents/SELF-PROJECTS/RESUME/src/components/atoms/ToggleProjectsViewButton.tsx": {"path":"/Users/georgegilgarib/Documents/SELF-PROJECTS/RESUME/src/components/atoms/ToggleProjectsViewButton.tsx","all":false,"statementMap":{"0":{"start":{"line":1,"column":0},"end":{"line":1,"column":25}},"1":{"start":{"line":2,"column":0},"end":{"line":2,"column":51}},"2":{"start":{"line":3,"column":0},"end":{"line":3,"column":73}},"3":{"start":{"line":4,"column":0},"end":{"line":4,"column":67}},"10":{"start":{"line":11,"column":0},"end":{"line":11,"column":99}},"11":{"start":{"line":12,"column":0},"end":{"line":12,"column":88}},"12":{"start":{"line":13,"column":0},"end":{"line":13,"column":34}},"13":{"start":{"line":14,"column":0},"end":{"line":14,"column":24}},"14":{"start":{"line":15,"column":0},"end":{"line":15,"column":49}},"16":{"start":{"line":17,"column":0},"end":{"line":17,"column":46}},"18":{"start":{"line":19,"column":0},"end":{"line":19,"column":17}},"19":{"start":{"line":20,"column":0},"end":{"line":20,"column":12}},"22":{"start":{"line":23,"column":0},"end":{"line":23,"column":39}}},"s":{"0":1,"1":1,"2":1,"3":1,"10":1,"11":0,"12":0,"13":0,"14":0,"16":0,"18":0,"19":0,"22":1},"branchMap":{},"b":{},"fnMap":{"0":{"name":"ToggleProjectsViewButton","decl":{"start":{"line":11,"column":66},"end":{"line":20,"column":12}},"loc":{"start":{"line":11,"column":66},"end":{"line":20,"column":12}},"line":11}},"f":{"0":0}}
,"/Users/georgegilgarib/Documents/SELF-PROJECTS/RESUME/src/components/atoms/ToolIcon.tsx": {"path":"/Users/georgegilgarib/Documents/SELF-PROJECTS/RESUME/src/components/atoms/ToolIcon.tsx","all":false,"statementMap":{"0":{"start":{"line":1,"column":0},"end":{"line":1,"column":25}},"3":{"start":{"line":4,"column":0},"end":{"line":4,"column":92}},"4":{"start":{"line":5,"column":0},"end":{"line":5,"column":62}},"6":{"start":{"line":7,"column":0},"end":{"line":7,"column":29}},"8":{"start":{"line":9,"column":0},"end":{"line":9,"column":43}},"9":{"start":{"line":10,"column":0},"end":{"line":10,"column":14}},"10":{"start":{"line":11,"column":0},"end":{"line":11,"column":14}},"11":{"start":{"line":12,"column":0},"end":{"line":12,"column":14}},"12":{"start":{"line":13,"column":0},"end":{"line":13,"column":14}},"13":{"start":{"line":14,"column":0},"end":{"line":14,"column":14}},"14":{"start":{"line":15,"column":0},"end":{"line":15,"column":16}},"15":{"start":{"line":16,"column":0},"end":{"line":16,"column":17}},"16":{"start":{"line":17,"column":0},"end":{"line":17,"column":17}},"17":{"start":{"line":18,"column":0},"end":{"line":18,"column":16}},"18":{"start":{"line":19,"column":0},"end":{"line":19,"column":3}},"20":{"start":{"line":21,"column":0},"end":{"line":21,"column":28}},"21":{"start":{"line":22,"column":0},"end":{"line":22,"column":98}},"23":{"start":{"line":24,"column":0},"end":{"line":24,"column":59}},"25":{"start":{"line":26,"column":0},"end":{"line":26,"column":1}}},"s":{"0":1,"3":45,"4":45,"6":45,"8":45,"9":45,"10":45,"11":45,"12":45,"13":45,"14":45,"15":45,"16":45,"17":45,"18":45,"20":45,"21":3,"23":42,"25":45},"branchMap":{"0":{"type":"branch","line":4,"loc":{"start":{"line":4,"column":0},"end":{"line":26,"column":1}},"locations":[{"start":{"line":4,"column":0},"end":{"line":26,"column":1}}]},"1":{"type":"branch","line":7,"loc":{"start":{"line":7,"column":17},"end":{"line":7,"column":29}},"locations":[{"start":{"line":7,"column":17},"end":{"line":7,"column":29}}]},"2":{"type":"branch","line":21,"loc":{"start":{"line":21,"column":18},"end":{"line":22,"column":98}},"locations":[{"start":{"line":21,"column":18},"end":{"line":22,"column":98}}]},"3":{"type":"branch","line":22,"loc":{"start":{"line":22,"column":96},"end":{"line":24,"column":59}},"locations":[{"start":{"line":22,"column":96},"end":{"line":24,"column":59}}]},"4":{"type":"branch","line":5,"loc":{"start":{"line":5,"column":39},"end":{"line":5,"column":61}},"locations":[{"start":{"line":5,"column":39},"end":{"line":5,"column":61}}]}},"b":{"0":[45],"1":[0],"2":[3],"3":[42],"4":[360]},"fnMap":{"0":{"name":"ToolIcon","decl":{"start":{"line":4,"column":0},"end":{"line":26,"column":1}},"loc":{"start":{"line":4,"column":0},"end":{"line":26,"column":1}},"line":4}},"f":{"0":45}}
,"/Users/georgegilgarib/Documents/SELF-PROJECTS/RESUME/src/components/atoms/__tests__/CardBody.spec.tsx": {"path":"/Users/georgegilgarib/Documents/SELF-PROJECTS/RESUME/src/components/atoms/__tests__/CardBody.spec.tsx","all":false,"statementMap":{"0":{"start":{"line":1,"column":0},"end":{"line":1,"column":47}},"1":{"start":{"line":2,"column":0},"end":{"line":2,"column":45}},"2":{"start":{"line":3,"column":0},"end":{"line":3,"column":54}},"4":{"start":{"line":5,"column":0},"end":{"line":5,"column":38}},"5":{"start":{"line":6,"column":0},"end":{"line":6,"column":36}},"6":{"start":{"line":7,"column":0},"end":{"line":7,"column":34}},"7":{"start":{"line":8,"column":0},"end":{"line":8,"column":41}},"8":{"start":{"line":9,"column":0},"end":{"line":9,"column":27}},"9":{"start":{"line":10,"column":0},"end":{"line":10,"column":17}},"10":{"start":{"line":11,"column":0},"end":{"line":11,"column":5}},"11":{"start":{"line":12,"column":0},"end":{"line":12,"column":42}},"12":{"start":{"line":13,"column":0},"end":{"line":13,"column":4}},"13":{"start":{"line":14,"column":0},"end":{"line":14,"column":2}}},"s":{"0":1,"1":1,"2":1,"4":1,"5":1,"6":1,"7":1,"8":1,"9":1,"10":1,"11":1,"12":1,"13":1},"branchMap":{"0":{"type":"branch","line":5,"loc":{"start":{"line":5,"column":31},"end":{"line":14,"column":2}},"locations":[{"start":{"line":5,"column":31},"end":{"line":14,"column":2}}]},"1":{"type":"branch","line":6,"loc":{"start":{"line":6,"column":29},"end":{"line":13,"column":3}},"locations":[{"start":{"line":6,"column":29},"end":{"line":13,"column":3}}]}},"b":{"0":[1],"1":[1]},"fnMap":{},"f":{}}
,"/Users/georgegilgarib/Documents/SELF-PROJECTS/RESUME/src/components/atoms/__tests__/CardContainer.spec.tsx": {"path":"/Users/georgegilgarib/Documents/SELF-PROJECTS/RESUME/src/components/atoms/__tests__/CardContainer.spec.tsx","all":false,"statementMap":{"0":{"start":{"line":1,"column":0},"end":{"line":1,"column":58}},"1":{"start":{"line":2,"column":0},"end":{"line":2,"column":45}},"2":{"start":{"line":3,"column":0},"end":{"line":3,"column":64}},"4":{"start":{"line":5,"column":0},"end":{"line":5,"column":43}},"5":{"start":{"line":6,"column":0},"end":{"line":6,"column":41}},"6":{"start":{"line":7,"column":0},"end":{"line":7,"column":11}},"7":{"start":{"line":8,"column":0},"end":{"line":8,"column":32}},"8":{"start":{"line":9,"column":0},"end":{"line":9,"column":27}},"9":{"start":{"line":10,"column":0},"end":{"line":10,"column":22}},"10":{"start":{"line":11,"column":0},"end":{"line":11,"column":5}},"12":{"start":{"line":13,"column":0},"end":{"line":13,"column":36}},"13":{"start":{"line":14,"column":0},"end":{"line":14,"column":44}},"14":{"start":{"line":15,"column":0},"end":{"line":15,"column":32}},"15":{"start":{"line":16,"column":0},"end":{"line":16,"column":43}},"16":{"start":{"line":17,"column":0},"end":{"line":17,"column":6}},"17":{"start":{"line":18,"column":0},"end":{"line":18,"column":42}},"18":{"start":{"line":19,"column":0},"end":{"line":19,"column":4}},"20":{"start":{"line":21,"column":0},"end":{"line":21,"column":38}},"21":{"start":{"line":22,"column":0},"end":{"line":22,"column":33}},"22":{"start":{"line":23,"column":0},"end":{"line":23,"column":21}},"23":{"start":{"line":24,"column":0},"end":{"line":24,"column":51}},"24":{"start":{"line":25,"column":0},"end":{"line":25,"column":22}},"25":{"start":{"line":26,"column":0},"end":{"line":26,"column":5}},"27":{"start":{"line":28,"column":0},"end":{"line":28,"column":76}},"29":{"start":{"line":30,"column":0},"end":{"line":30,"column":63}},"30":{"start":{"line":31,"column":0},"end":{"line":31,"column":21}},"31":{"start":{"line":32,"column":0},"end":{"line":32,"column":16}},"32":{"start":{"line":33,"column":0},"end":{"line":33,"column":15}},"33":{"start":{"line":34,"column":0},"end":{"line":34,"column":19}},"34":{"start":{"line":35,"column":0},"end":{"line":35,"column":19}},"35":{"start":{"line":36,"column":0},"end":{"line":36,"column":8}},"36":{"start":{"line":37,"column":0},"end":{"line":37,"column":6}},"38":{"start":{"line":39,"column":0},"end":{"line":39,"column":66}},"39":{"start":{"line":40,"column":0},"end":{"line":40,"column":64}},"40":{"start":{"line":41,"column":0},"end":{"line":41,"column":64}},"41":{"start":{"line":42,"column":0},"end":{"line":42,"column":4}},"42":{"start":{"line":43,"column":0},"end":{"line":43,"column":2}}},"s":{"0":1,"1":1,"2":1,"4":1,"5":1,"6":1,"7":1,"8":1,"9":1,"10":1,"12":1,"13":1,"14":1,"15":1,"16":1,"17":1,"18":1,"20":1,"21":1,"22":1,"23":1,"24":1,"25":1,"27":1,"29":1,"30":1,"31":1,"32":1,"33":1,"34":1,"35":1,"36":1,"38":1,"39":1,"40":1,"41":1,"42":1},"branchMap":{"0":{"type":"branch","line":5,"loc":{"start":{"line":5,"column":36},"end":{"line":43,"column":2}},"locations":[{"start":{"line":5,"column":36},"end":{"line":43,"column":2}}]},"1":{"type":"branch","line":6,"loc":{"start":{"line":6,"column":26},"end":{"line":11,"column":5}},"locations":[{"start":{"line":6,"column":26},"end":{"line":11,"column":5}}]},"2":{"type":"branch","line":13,"loc":{"start":{"line":13,"column":29},"end":{"line":19,"column":3}},"locations":[{"start":{"line":13,"column":29},"end":{"line":19,"column":3}}]},"3":{"type":"branch","line":21,"loc":{"start":{"line":21,"column":31},"end":{"line":42,"column":3}},"locations":[{"start":{"line":21,"column":31},"end":{"line":42,"column":3}}]},"4":{"type":"branch","line":31,"loc":{"start":{"line":31,"column":13},"end":{"line":36,"column":8}},"locations":[{"start":{"line":31,"column":13},"end":{"line":36,"column":8}}]}},"b":{"0":[1],"1":[1],"2":[1],"3":[1],"4":[1]},"fnMap":{"0":{"name":"renderComponent","decl":{"start":{"line":6,"column":26},"end":{"line":11,"column":5}},"loc":{"start":{"line":6,"column":26},"end":{"line":11,"column":5}},"line":6},"1":{"name":"value","decl":{"start":{"line":31,"column":13},"end":{"line":36,"column":8}},"loc":{"start":{"line":31,"column":13},"end":{"line":36,"column":8}},"line":31}},"f":{"0":1,"1":1}}
,"/Users/georgegilgarib/Documents/SELF-PROJECTS/RESUME/src/components/atoms/__tests__/DarkModeSwitch.spec.tsx": {"path":"/Users/georgegilgarib/Documents/SELF-PROJECTS/RESUME/src/components/atoms/__tests__/DarkModeSwitch.spec.tsx","all":false,"statementMap":{"0":{"start":{"line":1,"column":0},"end":{"line":1,"column":58}},"1":{"start":{"line":2,"column":0},"end":{"line":2,"column":49}},"2":{"start":{"line":3,"column":0},"end":{"line":3,"column":46}},"4":{"start":{"line":5,"column":0},"end":{"line":5,"column":41}},"5":{"start":{"line":6,"column":0},"end":{"line":6,"column":32}},"6":{"start":{"line":7,"column":0},"end":{"line":7,"column":88}},"7":{"start":{"line":8,"column":0},"end":{"line":8,"column":42}},"8":{"start":{"line":9,"column":0},"end":{"line":9,"column":4}},"10":{"start":{"line":11,"column":0},"end":{"line":11,"column":62}},"11":{"start":{"line":12,"column":0},"end":{"line":12,"column":89}},"12":{"start":{"line":13,"column":0},"end":{"line":13,"column":77}},"13":{"start":{"line":14,"column":0},"end":{"line":14,"column":39}},"14":{"start":{"line":15,"column":0},"end":{"line":15,"column":4}},"16":{"start":{"line":17,"column":0},"end":{"line":17,"column":59}},"17":{"start":{"line":18,"column":0},"end":{"line":18,"column":32}},"18":{"start":{"line":19,"column":0},"end":{"line":19,"column":94}},"19":{"start":{"line":20,"column":0},"end":{"line":20,"column":77}},"21":{"start":{"line":22,"column":0},"end":{"line":22,"column":29}},"23":{"start":{"line":24,"column":0},"end":{"line":24,"column":43}},"24":{"start":{"line":25,"column":0},"end":{"line":25,"column":4}},"26":{"start":{"line":27,"column":0},"end":{"line":27,"column":63}},"27":{"start":{"line":28,"column":0},"end":{"line":28,"column":19}},"28":{"start":{"line":29,"column":0},"end":{"line":29,"column":100}},"29":{"start":{"line":30,"column":0},"end":{"line":30,"column":80}},"31":{"start":{"line":32,"column":0},"end":{"line":32,"column":82}},"32":{"start":{"line":33,"column":0},"end":{"line":33,"column":4}},"34":{"start":{"line":35,"column":0},"end":{"line":35,"column":71}},"35":{"start":{"line":36,"column":0},"end":{"line":36,"column":88}},"36":{"start":{"line":37,"column":0},"end":{"line":37,"column":80}},"38":{"start":{"line":39,"column":0},"end":{"line":39,"column":77}},"39":{"start":{"line":40,"column":0},"end":{"line":40,"column":4}},"41":{"start":{"line":42,"column":0},"end":{"line":42,"column":64}},"42":{"start":{"line":43,"column":0},"end":{"line":43,"column":32}},"43":{"start":{"line":44,"column":0},"end":{"line":44,"column":45}},"44":{"start":{"line":45,"column":0},"end":{"line":45,"column":64}},"45":{"start":{"line":46,"column":0},"end":{"line":46,"column":5}},"46":{"start":{"line":47,"column":0},"end":{"line":47,"column":77}},"48":{"start":{"line":49,"column":0},"end":{"line":49,"column":29}},"50":{"start":{"line":51,"column":0},"end":{"line":51,"column":43}},"52":{"start":{"line":53,"column":0},"end":{"line":53,"column":71}},"54":{"start":{"line":55,"column":0},"end":{"line":55,"column":39}},"55":{"start":{"line":56,"column":0},"end":{"line":56,"column":4}},"57":{"start":{"line":58,"column":0},"end":{"line":58,"column":64}},"58":{"start":{"line":59,"column":0},"end":{"line":59,"column":87}},"60":{"start":{"line":61,"column":0},"end":{"line":61,"column":80}},"61":{"start":{"line":62,"column":0},"end":{"line":62,"column":89}},"62":{"start":{"line":63,"column":0},"end":{"line":63,"column":92}},"63":{"start":{"line":64,"column":0},"end":{"line":64,"column":78}},"64":{"start":{"line":65,"column":0},"end":{"line":65,"column":4}},"66":{"start":{"line":67,"column":0},"end":{"line":67,"column":69}},"67":{"start":{"line":68,"column":0},"end":{"line":68,"column":100}},"68":{"start":{"line":69,"column":0},"end":{"line":69,"column":77}},"70":{"start":{"line":71,"column":0},"end":{"line":71,"column":40}},"72":{"start":{"line":73,"column":0},"end":{"line":73,"column":67}},"74":{"start":{"line":75,"column":0},"end":{"line":75,"column":39}},"75":{"start":{"line":76,"column":0},"end":{"line":76,"column":4}},"76":{"start":{"line":77,"column":0},"end":{"line":77,"column":2}}},"s":{"0":1,"1":1,"2":1,"4":1,"5":1,"6":1,"7":1,"8":1,"10":1,"11":1,"12":1,"13":1,"14":1,"16":1,"17":1,"18":1,"19":1,"21":1,"23":1,"24":1,"26":1,"27":1,"28":1,"29":1,"31":1,"32":1,"34":1,"35":1,"36":1,"38":1,"39":1,"41":1,"42":1,"43":1,"44":1,"45":1,"46":1,"48":1,"50":1,"52":1,"54":1,"55":1,"57":1,"58":1,"60":1,"61":1,"62":1,"63":1,"64":1,"66":1,"67":1,"68":1,"70":1,"72":1,"74":1,"75":1,"76":1},"branchMap":{"0":{"type":"branch","line":5,"loc":{"start":{"line":5,"column":34},"end":{"line":77,"column":2}},"locations":[{"start":{"line":5,"column":34},"end":{"line":77,"column":2}}]},"1":{"type":"branch","line":6,"loc":{"start":{"line":6,"column":25},"end":{"line":9,"column":3}},"locations":[{"start":{"line":6,"column":25},"end":{"line":9,"column":3}}]},"2":{"type":"branch","line":11,"loc":{"start":{"line":11,"column":55},"end":{"line":15,"column":3}},"locations":[{"start":{"line":11,"column":55},"end":{"line":15,"column":3}}]},"3":{"type":"branch","line":17,"loc":{"start":{"line":17,"column":52},"end":{"line":25,"column":3}},"locations":[{"start":{"line":17,"column":52},"end":{"line":25,"column":3}}]},"4":{"type":"branch","line":27,"loc":{"start":{"line":27,"column":56},"end":{"line":33,"column":3}},"locations":[{"start":{"line":27,"column":56},"end":{"line":33,"column":3}}]},"5":{"type":"branch","line":35,"loc":{"start":{"line":35,"column":64},"end":{"line":40,"column":3}},"locations":[{"start":{"line":35,"column":64},"end":{"line":40,"column":3}}]},"6":{"type":"branch","line":42,"loc":{"start":{"line":42,"column":57},"end":{"line":56,"column":3}},"locations":[{"start":{"line":42,"column":57},"end":{"line":56,"column":3}}]},"7":{"type":"branch","line":58,"loc":{"start":{"line":58,"column":57},"end":{"line":65,"column":3}},"locations":[{"start":{"line":58,"column":57},"end":{"line":65,"column":3}}]},"8":{"type":"branch","line":67,"loc":{"start":{"line":67,"column":62},"end":{"line":76,"column":3}},"locations":[{"start":{"line":67,"column":62},"end":{"line":76,"column":3}}]}},"b":{"0":[1],"1":[1],"2":[1],"3":[1],"4":[1],"5":[1],"6":[1],"7":[1],"8":[1]},"fnMap":{"0":{"name":"onChange","decl":{"start":{"line":7,"column":75},"end":{"li
[...]
,"/Users/georgegilgarib/Documents/SELF-PROJECTS/RESUME/src/store/hash/__tests__/activeHash.spec.ts": {"path":"/Users/georgegilgarib/Documents/SELF-PROJECTS/RESUME/src/store/hash/__tests__/activeHash.spec.ts","all":false,"statementMap":{"0":{"start":{"line":1,"column":0},"end":{"line":1,"column":45}},"1":{"start":{"line":2,"column":0},"end":{"line":2,"column":97}},"2":{"start":{"line":3,"column":0},"end":{"line":3,"column":51}},"5":{"start":{"line":6,"column":0},"end":{"line":6,"column":35}},"6":{"start":{"line":7,"column":0},"end":{"line":7,"column":47}},"7":{"start":{"line":8,"column":0},"end":{"line":8,"column":52}},"8":{"start":{"line":9,"column":0},"end":{"line":9,"column":38}},"9":{"start":{"line":10,"column":0},"end":{"line":10,"column":70}},"10":{"start":{"line":11,"column":0},"end":{"line":11,"column":4}},"12":{"start":{"line":13,"column":0},"end":{"line":13,"column":43}},"13":{"start":{"line":14,"column":0},"end":{"line":14,"column":53}},"14":{"start":{"line":15,"column":0},"end":{"line":15,"column":33}},"15":{"start":{"line":16,"column":0},"end":{"line":16,"column":41}},"17":{"start":{"line":18,"column":0},"end":{"line":18,"column":61}},"19":{"start":{"line":20,"column":0},"end":{"line":20,"column":45}},"20":{"start":{"line":21,"column":0},"end":{"line":21,"column":4}},"22":{"start":{"line":23,"column":0},"end":{"line":23,"column":55}},"23":{"start":{"line":24,"column":0},"end":{"line":24,"column":30}},"24":{"start":{"line":25,"column":0},"end":{"line":25,"column":13}},"25":{"start":{"line":26,"column":0},"end":{"line":26,"column":30}},"26":{"start":{"line":27,"column":0},"end":{"line":27,"column":7}},"27":{"start":{"line":28,"column":0},"end":{"line":28,"column":5}},"29":{"start":{"line":30,"column":0},"end":{"line":30,"column":48}},"31":{"start":{"line":32,"column":0},"end":{"line":32,"column":41}},"32":{"start":{"line":33,"column":0},"end":{"line":33,"column":4}},"33":{"start":{"line":34,"column":0},"end":{"line":34,"column":2}}},"s":{"0":1,"1":1,"2":1,"5":1,"6":1,"7":1,"8":1,"9":1,"10":1,"12":1,"13":1,"14":1,"15":1,"17":1,"19":1,"20":1,"22":1,"23":1,"24":1,"25":1,"26":1,"27":1,"29":1,"31":1,"32":1,"33":1},"branchMap":{"0":{"type":"branch","line":6,"loc":{"start":{"line":6,"column":28},"end":{"line":34,"column":2}},"locations":[{"start":{"line":6,"column":28},"end":{"line":34,"column":2}}]},"1":{"type":"branch","line":7,"loc":{"start":{"line":7,"column":40},"end":{"line":11,"column":3}},"locations":[{"start":{"line":7,"column":40},"end":{"line":11,"column":3}}]},"2":{"type":"branch","line":13,"loc":{"start":{"line":13,"column":36},"end":{"line":21,"column":3}},"locations":[{"start":{"line":13,"column":36},"end":{"line":21,"column":3}}]},"3":{"type":"branch","line":23,"loc":{"start":{"line":23,"column":48},"end":{"line":33,"column":3}},"locations":[{"start":{"line":23,"column":48},"end":{"line":33,"column":3}}]}},"b":{"0":[1],"1":[1],"2":[1],"3":[1]},"fnMap":{},"f":{}}
,"/Users/georgegilgarib/Documents/SELF-PROJECTS/RESUME/src/utils/carouselScript.ts": {"path":"/Users/georgegilgarib/Documents/SELF-PROJECTS/RESUME/src/utils/carouselScript.ts","all":false,"statementMap":{"0":{"start":{"line":1,"column":0},"end":{"line":1,"column":37}},"1":{"start":{"line":2,"column":0},"end":{"line":2,"column":23}},"2":{"start":{"line":3,"column":0},"end":{"line":3,"column":22}},"3":{"start":{"line":4,"column":0},"end":{"line":4,"column":23}},"4":{"start":{"line":5,"column":0},"end":{"line":5,"column":25}},"5":{"start":{"line":6,"column":0},"end":{"line":6,"column":28}},"6":{"start":{"line":7,"column":0},"end":{"line":7,"column":9}},"7":{"start":{"line":8,"column":0},"end":{"line":8,"column":72}},"8":{"start":{"line":9,"column":0},"end":{"line":9,"column":72}},"11":{"start":{"line":12,"column":0},"end":{"line":12,"column":25}},"12":{"start":{"line":13,"column":0},"end":{"line":13,"column":39}},"13":{"start":{"line":14,"column":0},"end":{"line":14,"column":10}},"14":{"start":{"line":15,"column":0},"end":{"line":15,"column":3}},"16":{"start":{"line":17,"column":0},"end":{"line":17,"column":84}},"17":{"start":{"line":18,"column":0},"end":{"line":18,"column":86}},"18":{"start":{"line":19,"column":0},"end":{"line":19,"column":74}},"21":{"start":{"line":22,"column":0},"end":{"line":22,"column":27}},"22":{"start":{"line":23,"column":0},"end":{"line":23,"column":24}},"23":{"start":{"line":24,"column":0},"end":{"line":24,"column":26}},"24":{"start":{"line":25,"column":0},"end":{"line":25,"column":27}},"25":{"start":{"line":26,"column":0},"end":{"line":26,"column":29}},"28":{"start":{"line":29,"column":0},"end":{"line":29,"column":37}},"29":{"start":{"line":30,"column":0},"end":{"line":30,"column":39}},"31":{"start":{"line":32,"column":0},"end":{"line":32,"column":65}},"32":{"start":{"line":33,"column":0},"end":{"line":33,"column":15}},"33":{"start":{"line":34,"column":0},"end":{"line":34,"column":42}},"34":{"start":{"line":35,"column":0},"end":{"line":35,"column":43}},"35":{"start":{"line":36,"column":0},"end":{"line":36,"column":3}},"38":{"start":{"line":39,"column":0},"end":{"line":39,"column":41}},"39":{"start":{"line":40,"column":0},"end":{"line":40,"column":94}},"40":{"start":{"line":41,"column":0},"end":{"line":41,"column":45}},"41":{"start":{"line":42,"column":0},"end":{"line":42,"column":63}},"42":{"start":{"line":43,"column":0},"end":{"line":43,"column":3}},"44":{"start":{"line":45,"column":0},"end":{"line":45,"column":12}},"45":{"start":{"line":46,"column":0},"end":{"line":46,"column":13}},"46":{"start":{"line":47,"column":0},"end":{"line":47,"column":14}},"47":{"start":{"line":48,"column":0},"end":{"line":48,"column":14}},"49":{"start":{"line":50,"column":0},"end":{"line":50,"column":55}},"51":{"start":{"line":52,"column":0},"end":{"line":52,"column":35}},"52":{"start":{"line":53,"column":0},"end":{"line":53,"column":26}},"53":{"start":{"line":54,"column":0},"end":{"line":54,"column":22}},"54":{"start":{"line":55,"column":0},"end":{"line":55,"column":66}},"55":{"start":{"line":56,"column":0},"end":{"line":56,"column":3}},"58":{"start":{"line":59,"column":0},"end":{"line":59,"column":19}},"59":{"start":{"line":60,"column":0},"end":{"line":60,"column":114}},"60":{"start":{"line":61,"column":0},"end":{"line":61,"column":3}},"63":{"start":{"line":64,"column":0},"end":{"line":64,"column":62}},"64":{"start":{"line":65,"column":0},"end":{"line":65,"column":42}},"65":{"start":{"line":66,"column":0},"end":{"line":66,"column":49}},"67":{"start":{"line":68,"column":0},"end":{"line":68,"column":24}},"68":{"start":{"line":69,"column":0},"end":{"line":69,"column":24}},"70":{"start":{"line":71,"column":0},"end":{"line":71,"column":57}},"71":{"start":{"line":72,"column":0},"end":{"line":72,"column":26}},"72":{"start":{"line":73,"column":0},"end":{"line":73,"column":26}},"73":{"start":{"line":74,"column":0},"end":{"line":74,"column":20}},"74":{"start":{"line":75,"column":0},"end":{"line":75,"column":20}},"75":{"start":{"line":76,"column":0},"end":{"line":76,"column":23}},"76":{"start":{"line":77,"column":0},"end":{"line":77,"column":23}},"77":{"start":{"line":78,"column":0},"end":{"line":78,"column":22}},"78":{"start":{"line":79,"column":0},"end":{"line":79,"column":5}},"80":{"start":{"line":81,"column":0},"end":{"line":81,"column":40}},"81":{"start":{"line":82,"column":0},"end":{"line":82,"column":39}},"82":{"start":{"line":83,"column":0},"end":{"line":83,"column":20}},"83":{"start":{"line":84,"column":0},"end":{"line":84,"column":20}},"84":{"start":{"line":85,"column":0},"end":{"line":85,"column":25}},"85":{"start":{"line":86,"column":0},"end":{"line":86,"column":25}},"86":{"start":{"line":87,"column":0},"end":{"line":87,"column":24}},"87":{"start":{"line":88,"column":0},"end":{"line":88,"column":59}},"88":{"start":{"line":89,"column":0},"end":{"line":89,"column":48}},"89":{"start":{"line":90,"column":0},"end":{"line":90,"column":55}},"90":{"start":{"line":91,"column":0},"end":{"line":91,"column":9}},"91":{"start":{"line":92,"column":0},"end":{"line":92,"column":12}},"94":{"start":{"line":95,"column":0},"end":{"line":95,"column":30}},"96":{"start":{"line":97,"column":0},"end":{"line":97,"column":58}},"97":{"start":{"line":98,"column":0},"end":{"line":98,"column":5}},"99":{"start":{"line":100,"column":0},"end":{"line":100,"column":16}},"100":{"start":{"line":101,"column":0},"end":{"line":101,"column":3}},"101":{"start":{"line":102,"column":0},"end":{"line":102,"column":1}}},"s":{"0":0,"1":0,"2":0,"3":0,"4":0,"5":0,"6":0,"7":0,"8":0,"11":0,"12":0,"13":0,"14":0,"16":0,"17":0,"18":0,"21":0,"22":0,"23":0,"24":0,"25":0,"28":0,"29":0,"31":0,"32":0,"33":0,"34":0,"35":0,"38":0,"39":0,"40":0,"41":0,"42":0,"44":0,"45":0,"46":0,"47":0,"49":0,"51":0,"52":0,"53":0,"54":0,"55":0,"58":0,"59":0,"60":0,"63":0,"64":0,"65":0,"67":0,"68":0,"70":0,"71":0,"72":0,"73":0,"74":0,"75":0,"76":0,"77":0,"78":0,"80":0,"81":0,"82":0,"83":0,"84":0,"85":0,"86":0,"87":0,"88":0,"89":0,"90":0,"91":0,"94":0,"96":0,"97":0,"99":0,"100":0,"101":0},"branchMap":{},"b":{},"fnMap":{"0":{"name":"initCarousel","decl":{"start":{"line":1,"column":0},"end":{"line":102,"column":1}},"loc":{"start":{"line":1,"column":0},"end":{"line":102,"column":1}},"line":1}},"f":{"0":0}}
,"/Users/georgegilgarib/Documents/SELF-PROJECTS/RESUME/src/utils/centerModalInViewPort.ts": {"path":"/Users/georgegilgarib/Documents/SELF-PROJECTS/RESUME/src/utils/centerModalInViewPort.ts","all":false,"statementMap":{"0":{"start":{"line":1,"column":0},"end":{"line":1,"column":62}},"1":{"start":{"line":2,"column":0},"end":{"line":2,"column":41}},"2":{"start":{"line":3,"column":0},"end":{"line":3,"column":43}},"3":{"start":{"line":4,"column":0},"end":{"line":4,"column":87}},"4":{"start":{"line":5,"column":0},"end":{"line":5,"column":25}},"6":{"start":{"line":7,"column":0},"end":{"line":7,"column":47}},"7":{"start":{"line":8,"column":0},"end":{"line":8,"column":48}},"9":{"start":{"line":10,"column":0},"end":{"line":10,"column":22}},"10":{"start":{"line":11,"column":0},"end":{"line":11,"column":1}}},"s":{"0":1,"1":2,"2":2,"3":2,"4":2,"6":2,"7":2,"9":2,"10":2},"branchMap":{"0":{"type":"branch","line":1,"loc":{"start":{"line":1,"column":37},"end":{"line":11,"column":1}},"locations":[{"start":{"line":1,"column":37},"end":{"line":11,"column":1}}]},"1":{"type":"branch","line":4,"loc":{"start":{"line":4,"column":21},"end":{"line":4,"column":53}},"locations":[{"start":{"line":4,"column":21},"end":{"line":4,"column":53}}]},"2":{"type":"branch","line":4,"loc":{"start":{"line":4,"column":48},"end":{"line":4,"column":87}},"locations":[{"start":{"line":4,"column":48},"end":{"line":4,"column":87}}]}},"b":{"0":[2],"1":[1],"2":[1]},"fnMap":{"0":{"name":"centerModalInViewport","decl":{"start":{"line":1,"column":37},"end":{"line":11,"column":1}},"loc":{"start":{"line":1,"column":37},"end":{"line":11,"column":1}},"line":1}},"f":{"0":2}}
,"/Users/georgegilgarib/Documents/SELF-PROJECTS/RESUME/src/utils/classMerge.ts": {"path":"/Users/georgegilgarib/Documents/SELF-PROJECTS/RESUME/src/utils/classMerge.ts","all":false,"statementMap":{"0":{"start":{"line":1,"column":0},"end":{"line":1,"column":39}},"3":{"start":{"line":4,"column":0},"end":{"line":4,"column":45}},"4":{"start":{"line":5,"column":0},"end":{"line":5,"column":30}},"5":{"start":{"line":6,"column":0},"end":{"line":6,"column":1}}},"s":{"0":1,"3":1,"4":165,"5":165},"branchMap":{"0":{"type":"branch","line":4,"loc":{"start":{"line":4,"column":7},"end":{"line":6,"column":1}},"locations":[{"start":{"line":4,"column":7},"end":{"line":6,"column":1}}]}},"b":{"0":[165]},"fnMap":{"0":{"name":"cn","decl":{"start":{"line":4,"column":7},"end":{"line":6,"column":1}},"loc":{"start":{"line":4,"column":7},"end":{"line":6,"column":1}},"line":4}},"f":{"0":165}}
,"/Users/georgegilgarib/Documents/SELF-PROJECTS/RESUME/src/utils/setTheme.ts": {"path":"/Users/georgegilgarib/Documents/SELF-PROJECTS/RESUME/src/utils/setTheme.ts","all":false,"statementMap":{"0":{"start":{"line":1,"column":0},"end":{"line":1,"column":49}},"1":{"start":{"line":2,"column":0},"end":{"line":2,"column":15}},"2":{"start":{"line":3,"column":0},"end":{"line":3,"column":50}},"3":{"start":{"line":4,"column":0},"end":{"line":4,"column":10}},"4":{"start":{"line":5,"column":0},"end":{"line":5,"column":53}},"5":{"start":{"line":6,"column":0},"end":{"line":6,"column":3}},"6":{"start":{"line":7,"column":0},"end":{"line":7,"column":1}}},"s":{"0":1,"1":10,"2":4,"3":9,"4":6,"5":6,"6":10},"branchMap":{"0":{"type":"branch","line":1,"loc":{"start":{"line":1,"column":7},"end":{"line":7,"column":1}},"locations":[{"start":{"line":1,"column":7},"end":{"line":7,"column":1}}]},"1":{"type":"branch","line":2,"loc":{"start":{"line":2,"column":14},"end":{"line":6,"column":3}},"locations":[{"start":{"line":2,"column":14},"end":{"line":6,"column":3}}]},"2":{"type":"branch","line":2,"loc":{"start":{"line":2,"column":14},"end":{"line":4,"column":9}},"locations":[{"start":{"line":2,"column":14},"end":{"line":4,"column":9}}]},"3":{"type":"branch","line":4,"loc":{"start":{"line":4,"column":2},"end":{"line":6,"column":3}},"locations":[{"start":{"line":4,"column":2},"end":{"line":6,"column":3}}]}},"b":{"0":[10],"1":[9],"2":[4],"3":[6]},"fnMap":{"0":{"name":"setTheme","decl":{"start":{"line":1,"column":7},"end":{"line":7,"column":1}},"loc":{"start":{"line":1,"column":7},"end":{"line":7,"column":1}},"line":1}},"f":{"0":10}}
,"/Users/georgegilgarib/Documents/SELF-PROJECTS/RESUME/src/utils/__tests__/centerModalInViewPort.spec.ts": {"path":"/Users/georgegilgarib/Documents/SELF-PROJECTS/RESUME/src/utils/__tests__/centerModalInViewPort.spec.ts","all":false,"statementMap":{"0":{"start":{"line":1,"column":0},"end":{"line":1,"column":69}},"1":{"start":{"line":2,"column":0},"end":{"line":2,"column":45}},"3":{"start":{"line":4,"column":0},"end":{"line":4,"column":41}},"4":{"start":{"line":5,"column":0},"end":{"line":5,"column":55}},"5":{"start":{"line":6,"column":0},"end":{"line":6,"column":28}},"6":{"start":{"line":7,"column":0},"end":{"line":7,"column":28}},"8":{"start":{"line":9,"column":0},"end":{"line":9,"column":49}},"9":{"start":{"line":10,"column":0},"end":{"line":10,"column":53}},"10":{"start":{"line":11,"column":0},"end":{"line":11,"column":4}},"12":{"start":{"line":13,"column":0},"end":{"line":13,"column":54}},"13":{"start":{"line":14,"column":0},"end":{"line":14,"column":27}},"14":{"start":{"line":15,"column":0},"end":{"line":15,"column":29}},"16":{"start":{"line":17,"column":0},"end":{"line":17,"column":48}},"17":{"start":{"line":18,"column":0},"end":{"line":18,"column":52}},"18":{"start":{"line":19,"column":0},"end":{"line":19,"column":4}},"19":{"start":{"line":20,"column":0},"end":{"line":20,"column":2}}},"s":{"0":1,"1":1,"3":1,"4":1,"5":1,"6":1,"8":1,"9":1,"10":1,"12":1,"13":1,"14":1,"16":1,"17":1,"18":1,"19":1},"branchMap":{"0":{"type":"branch","line":4,"loc":{"start":{"line":4,"column":34},"end":{"line":20,"column":2}},"locations":[{"start":{"line":4,"column":34},"end":{"line":20,"column":2}}]},"1":{"type":"branch","line":5,"loc":{"start":{"line":5,"column":48},"end":{"line":11,"column":3}},"locations":[{"start":{"line":5,"column":48},"end":{"line":11,"column":3}}]},"2":{"type":"branch","line":13,"loc":{"start":{"line":13,"column":47},"end":{"line":19,"column":3}},"locations":[{"start":{"line":13,"column":47},"end":{"line":19,"column":3}}]}},"b":{"0":[1],"1":[1],"2":[1]},"fnMap":{},"f":{}}
,"/Users/georgegilgarib/Documents/SELF-PROJECTS/RESUME/src/utils/__tests__/classMerge.spec.ts": {"path":"/Users/georgegilgarib/Documents/SELF-PROJECTS/RESUME/src/utils/__tests__/classMerge.spec.ts","all":false,"statementMap":{"0":{"start":{"line":1,"column":0},"end":{"line":1,"column":45}},"1":{"start":{"line":2,"column":0},"end":{"line":2,"column":34}},"3":{"start":{"line":4,"column":0},"end":{"line":4,"column":31}},"4":{"start":{"line":5,"column":0},"end":{"line":5,"column":48}},"5":{"start":{"line":6,"column":0},"end":{"line":6,"column":56}},"6":{"start":{"line":7,"column":0},"end":{"line":7,"column":4}},"8":{"start":{"line":9,"column":0},"end":{"line":9,"column":42}},"9":{"start":{"line":10,"column":0},"end":{"line":10,"column":80}},"10":{"start":{"line":11,"column":0},"end":{"line":11,"column":4}},"12":{"start":{"line":13,"column":0},"end":{"line":13,"column":55}},"13":{"start":{"line":14,"column":0},"end":{"line":14,"column":62}},"14":{"start":{"line":15,"column":0},"end":{"line":15,"column":4}},"16":{"start":{"line":17,"column":0},"end":{"line":17,"column":44}},"17":{"start":{"line":18,"column":0},"end":{"line":18,"column":25}},"18":{"start":{"line":19,"column":0},"end":{"line":19,"column":4}},"19":{"start":{"line":20,"column":0},"end":{"line":20,"column":2}}},"s":{"0":1,"1":1,"3":1,"4":1,"5":1,"6":1,"8":1,"9":1,"10":1,"12":1,"13":1,"14":1,"16":1,"17":1,"18":1,"19":1},"branchMap":{"0":{"type":"branch","line":4,"loc":{"start":{"line":4,"column":24},"end":{"line":20,"column":2}},"locations":[{"start":{"line":4,"column":24},"end":{"line":20,"column":2}}]},"1":{"type":"branch","line":5,"loc":{"start":{"line":5,"column":41},"end":{"line":7,"column":3}},"locations":[{"start":{"line":5,"column":41},"end":{"line":7,"column":3}}]},"2":{"type":"branch","line":9,"loc":{"start":{"line":9,"column":35},"end":{"line":11,"column":3}},"locations":[{"start":{"line":9,"column":35},"end":{"line":11,"column":3}}]},"3":{"type":"branch","line":13,"loc":{"start":{"line":13,"column":48},"end":{"line":15,"column":3}},"locations":[{"start":{"line":13,"column":48},"end":{"line":15,"column":3}}]},"4":{"type":"branch","line":17,"loc":{"start":{"line":17,"column":37},"end":{"line":19,"column":3}},"locations":[{"start":{"line":17,"column":37},"end":{"line":19,"column":3}}]}},"b":{"0":[1],"1":[1],"2":[1],"3":[1],"4":[1]},"fnMap":{},"f":{}}
,"/Users/georgegilgarib/Documents/SELF-PROJECTS/RESUME/src/utils/__tests__/setTheme.spec.ts": {"path":"/Users/georgegilgarib/Documents/SELF-PROJECTS/RESUME/src/utils/__tests__/setTheme.spec.ts","all":false,"statementMap":{"0":{"start":{"line":1,"column":0},"end":{"line":1,"column":57}},"1":{"start":{"line":2,"column":0},"end":{"line":2,"column":38}},"3":{"start":{"line":4,"column":0},"end":{"line":4,"column":28}},"4":{"start":{"line":5,"column":0},"end":{"line":5,"column":20}},"5":{"start":{"line":6,"column":0},"end":{"line":6,"column":53}},"6":{"start":{"line":7,"column":0},"end":{"line":7,"column":4}},"8":{"start":{"line":9,"column":0},"end":{"line":9,"column":59}},"9":{"start":{"line":10,"column":0},"end":{"line":10,"column":18}},"10":{"start":{"line":11,"column":0},"end":{"line":11,"column":74}},"11":{"start":{"line":12,"column":0},"end":{"line":12,"column":4}},"13":{"start":{"line":14,"column":0},"end":{"line":14,"column":63}},"14":{"start":{"line":15,"column":0},"end":{"line":15,"column":50}},"16":{"start":{"line":17,"column":0},"end":{"line":17,"column":19}},"17":{"start":{"line":18,"column":0},"end":{"line":18,"column":75}},"18":{"start":{"line":19,"column":0},"end":{"line":19,"column":4}},"19":{"start":{"line":20,"column":0},"end":{"line":20,"column":2}}},"s":{"0":1,"1":1,"3":1,"4":1,"5":2,"6":1,"8":1,"9":1,"10":1,"11":1,"13":1,"14":1,"16":1,"17":1,"18":1,"19":1},"branchMap":{"0":{"type":"branch","line":4,"loc":{"start":{"line":4,"column":21},"end":{"line":20,"column":2}},"locations":[{"start":{"line":4,"column":21},"end":{"line":20,"column":2}}]},"1":{"type":"branch","line":5,"loc":{"start":{"line":5,"column":13},"end":{"line":7,"column":3}},"locations":[{"start":{"line":5,"column":13},"end":{"line":7,"column":3}}]},"2":{"type":"branch","line":9,"loc":{"start":{"line":9,"column":52},"end":{"line":12,"column":3}},"locations":[{"start":{"line":9,"column":52},"end":{"line":12,"column":3}}]},"3":{"type":"branch","line":14,"loc":{"start":{"line":14,"column":56},"end":{"line":19,"column":3}},"locations":[{"start":{"line":14,"column":56},"end":{"line":19,"column":3}}]}},"b":{"0":[1],"1":[2],"2":[1],"3":[1]},"fnMap":{},"f":{}}
}
